<?xml version="1.0" encoding="UTF-8"?>
<testsuites name="jest tests" tests="1088" failures="0" errors="0" time="40.234">
  <testsuite name="BarChart" errors="0" failures="0" skipped="0" timestamp="2023-06-30T15:43:23" time="1.57" tests="2">
    <testcase classname="BarChart formats data correctly" name="BarChart formats data correctly" time="0.002">
    </testcase>
    <testcase classname="BarChart extracts values correctly" name="BarChart extracts values correctly" time="0">
    </testcase>
  </testsuite>
  <testsuite name="CheckboxGroup" errors="0" failures="0" skipped="0" timestamp="2023-06-30T15:43:23" time="2.897" tests="2">
    <testcase classname="CheckboxGroup shows the label in default case" name="CheckboxGroup shows the label in default case" time="0.064">
    </testcase>
    <testcase classname="CheckboxGroup shows the label in title case" name="CheckboxGroup shows the label in title case" time="0.02">
    </testcase>
  </testsuite>
  <testsuite name="FieldLabel" errors="0" failures="0" skipped="0" timestamp="2023-06-30T15:43:23" time="3.078" tests="5">
    <testcase classname="FieldLabel renders default field label" name="FieldLabel renders default field label" time="0.027">
    </testcase>
    <testcase classname="FieldLabel optional required variant renders label with optional mark" name="FieldLabel optional required variant renders label with optional mark" time="0.007">
    </testcase>
    <testcase classname="FieldLabel optional required variant renders label without optional mark" name="FieldLabel optional required variant renders label without optional mark" time="0.005">
    </testcase>
    <testcase classname="FieldLabel asterisk required variant renders label without asterisk" name="FieldLabel asterisk required variant renders label without asterisk" time="0.003">
    </testcase>
    <testcase classname="FieldLabel asterisk required variant renders label with asterisk" name="FieldLabel asterisk required variant renders label with asterisk" time="0.004">
    </testcase>
  </testsuite>
  <testsuite name="Form.Checkbox" errors="0" failures="0" skipped="0" timestamp="2023-06-30T15:43:23" time="3.181" tests="7">
    <testcase classname="Form.Checkbox default render for single checkbox" name="Form.Checkbox default render for single checkbox" time="0.055">
    </testcase>
    <testcase classname="Form.Checkbox when required prop is passed does not set &quot;required&quot; attribute to input tag, to avoid Chrome tooltip" name="Form.Checkbox when required prop is passed does not set &quot;required&quot; attribute to input tag, to avoid Chrome tooltip" time="0.019">
    </testcase>
    <testcase classname="Form.Checkbox default render for checkboxes in a group" name="Form.Checkbox default render for checkboxes in a group" time="0.029">
    </testcase>
    <testcase classname="Form.Checkbox required with asterisk single checkbox" name="Form.Checkbox required with asterisk single checkbox" time="0.013">
    </testcase>
    <testcase classname="Form.Checkbox never shows (optional) postfix for single checkbox" name="Form.Checkbox never shows (optional) postfix for single checkbox" time="0.009">
    </testcase>
    <testcase classname="Form.Checkbox shows the label in default case" name="Form.Checkbox shows the label in default case" time="0.009">
    </testcase>
    <testcase classname="Form.Checkbox shows the label in title case" name="Form.Checkbox shows the label in title case" time="0.012">
    </testcase>
  </testsuite>
  <testsuite name="FieldWrapper" errors="0" failures="0" skipped="0" timestamp="2023-06-30T15:43:24" time="1.649" tests="1">
    <testcase classname="FieldWrapper when there is a field error passes status to its children" name="FieldWrapper when there is a field error passes status to its children" time="0.114">
    </testcase>
  </testsuite>
  <testsuite name="Input" errors="0" failures="0" skipped="0" timestamp="2023-06-30T15:43:26" time="1.041" tests="1">
    <testcase classname="Input fires the onFocus callback after focusing the input" name="Input fires the onFocus callback after focusing the input" time="0.054">
    </testcase>
  </testsuite>
  <testsuite name="getInputStatus" errors="0" failures="0" skipped="0" timestamp="2023-06-30T15:43:26" time="0.865" tests="9">
    <testcase classname="getInputStatus when field has an error returns &quot;error&quot;" name="getInputStatus when field has an error returns &quot;error&quot;" time="0.001">
    </testcase>
    <testcase classname="getInputStatus returns &quot;default&quot; when field has not been touched" name="getInputStatus returns &quot;default&quot; when field has not been touched" time="0.001">
    </testcase>
    <testcase classname="getInputStatus when field has a submit error returns &quot;error&quot; if the field is not dirty since last submit" name="getInputStatus when field has a submit error returns &quot;error&quot; if the field is not dirty since last submit" time="0">
    </testcase>
    <testcase classname="getInputStatus when field has a submit error when field has been dirty since last submit returns &quot;success&quot; if show valid state is enabled" name="getInputStatus when field has a submit error when field has been dirty since last submit returns &quot;success&quot; if show valid state is enabled" time="0">
    </testcase>
    <testcase classname="getInputStatus when field has a submit error when field has been dirty since last submit returns &quot;default&quot; if show valid state is not enabled for the form" name="getInputStatus when field has a submit error when field has been dirty since last submit returns &quot;default&quot; if show valid state is not enabled for the form" time="0">
    </testcase>
    <testcase classname="getInputStatus when field has not been touched returns &quot;default&quot;" name="getInputStatus when field has not been touched returns &quot;default&quot;" time="0">
    </testcase>
    <testcase classname="getInputStatus when field has no error and no submit error and touched returns &quot;success&quot; if show valid state is enabled for the form" name="getInputStatus when field has no error and no submit error and touched returns &quot;success&quot; if show valid state is enabled for the form" time="0">
    </testcase>
    <testcase classname="getInputStatus when field has no error and no submit error and touched returns &quot;default&quot; if show valid state is not enabled for the form" name="getInputStatus when field has no error and no submit error and touched returns &quot;default&quot; if show valid state is not enabled for the form" time="0">
    </testcase>
    <testcase classname="getInputStatus when validate on submit enabled and modified since last submit returns &quot;default&quot;" name="getInputStatus when validate on submit enabled and modified since last submit returns &quot;default&quot;" time="0">
    </testcase>
  </testsuite>
  <testsuite name="PasswordInput field requirements" errors="0" failures="0" skipped="0" timestamp="2023-06-30T15:43:27" time="0.134" tests="5">
    <testcase classname="PasswordInput field requirements atLeastEightCharacters test string to have at least eight characters" name="PasswordInput field requirements atLeastEightCharacters test string to have at least eight characters" time="0.001">
    </testcase>
    <testcase classname="PasswordInput field requirements atLeastOneUpperCaseCharacter test string to have at least one uppercase character" name="PasswordInput field requirements atLeastOneUpperCaseCharacter test string to have at least one uppercase character" time="0">
    </testcase>
    <testcase classname="PasswordInput field requirements atLeastOneLowerCaseCharacter test string to have at least one lowercase character" name="PasswordInput field requirements atLeastOneLowerCaseCharacter test string to have at least one lowercase character" time="0.001">
    </testcase>
    <testcase classname="PasswordInput field requirements atLeastOneNumber test string to have at least one number" name="PasswordInput field requirements atLeastOneNumber test string to have at least one number" time="0">
    </testcase>
    <testcase classname="PasswordInput field requirements atLeastOneSpecialCharacter test string to have at least one special character" name="PasswordInput field requirements atLeastOneSpecialCharacter test string to have at least one special character" time="0.004">
    </testcase>
  </testsuite>
  <testsuite name="Form.ConfigProvider" errors="0" failures="0" skipped="0" timestamp="2023-06-30T15:43:26" time="1.115" tests="2">
    <testcase classname="Form.ConfigProvider validate only on submit" name="Form.ConfigProvider validate only on submit" time="0.147">
    </testcase>
    <testcase classname="Form.ConfigProvider validate normally on blur / change" name="Form.ConfigProvider validate normally on blur / change" time="0.021">
    </testcase>
  </testsuite>
  <testsuite name="Form" errors="0" failures="0" skipped="0" timestamp="2023-06-30T15:43:26" time="1.098" tests="6">
    <testcase classname="Form renders" name="Form renders" time="0.073">
    </testcase>
    <testcase classname="Form renders with an error" name="Form renders with an error" time="0.07">
    </testcase>
    <testcase classname="Form when `disableScrollOnError` is specified" name="Form when `disableScrollOnError` is specified" time="0.019">
    </testcase>
    <testcase classname="Form when validateOnBlur is enabled validates only on blur" name="Form when validateOnBlur is enabled validates only on blur" time="0.023">
    </testcase>
    <testcase classname="Form when validateOnBlur is enabled when showValidState is enabled shows validation success when form submitted on Enter" name="Form when validateOnBlur is enabled when showValidState is enabled shows validation success when form submitted on Enter" time="0.022">
    </testcase>
    <testcase classname="Form when initial values provided to form fills TagSelector field with provided values" name="Form when initial values provided to form fills TagSelector field with provided values" time="0.026">
    </testcase>
  </testsuite>
  <testsuite name="FormRadio" errors="0" failures="0" skipped="0" timestamp="2023-06-30T15:43:27" time="1.045" tests="2">
    <testcase classname="FormRadio renders" name="FormRadio renders" time="0.059">
    </testcase>
    <testcase classname="FormRadio required with asterisk" name="FormRadio required with asterisk" time="0.03">
    </testcase>
  </testsuite>
  <testsuite name="Accordion" errors="0" failures="0" skipped="0" timestamp="2023-06-30T15:43:27" time="0.805" tests="8">
    <testcase classname="Accordion renders collapsed by default" name="Accordion renders collapsed by default" time="0.097">
    </testcase>
    <testcase classname="Accordion renders empty summary when one is not provided" name="Accordion renders empty summary when one is not provided" time="0.012">
    </testcase>
    <testcase classname="Accordion toggles" name="Accordion toggles" time="0.059">
    </testcase>
    <testcase classname="Accordion renders disabled" name="Accordion renders disabled" time="0.017">
    </testcase>
    <testcase classname="Accordion renders expanded initially" name="Accordion renders expanded initially" time="0.094">
    </testcase>
    <testcase classname="Accordion renders custom icon when passed" name="Accordion renders custom icon when passed" time="0.014">
    </testcase>
    <testcase classname="Accordion passes styles correctly" name="Accordion passes styles correctly" time="0.018">
    </testcase>
    <testcase classname="Accordion toggles when controlled" name="Accordion toggles when controlled" time="0.041">
    </testcase>
  </testsuite>
  <testsuite name="RadioGroup" errors="0" failures="0" skipped="0" timestamp="2023-06-30T15:43:27" time="1.031" tests="2">
    <testcase classname="RadioGroup shows the label in default case" name="RadioGroup shows the label in default case" time="0.06">
    </testcase>
    <testcase classname="RadioGroup shows the label in title case" name="RadioGroup shows the label in title case" time="0.024">
    </testcase>
  </testsuite>
  <testsuite name="AccordionDetails" errors="0" failures="0" skipped="0" timestamp="2023-06-30T15:43:28" time="0.307" tests="1">
    <testcase classname="AccordionDetails renders" name="AccordionDetails renders" time="0.018">
    </testcase>
  </testsuite>
  <testsuite name="Rating" errors="0" failures="0" skipped="0" timestamp="2023-06-30T15:43:27" time="1.116" tests="7">
    <testcase classname="Rating Thumbs renders default Thumbs" name="Rating Thumbs renders default Thumbs" time="0.037">
    </testcase>
    <testcase classname="Rating Thumbs renders default Stars" name="Rating Thumbs renders default Stars" time="0.018">
    </testcase>
    <testcase classname="Rating Thumbs when submitting while required don&apos;t show a validation error for negative values" name="Rating Thumbs when submitting while required don&apos;t show a validation error for negative values" time="0.028">
    </testcase>
    <testcase classname="Rating Thumbs when submitting with custom validation validate both required when having a custom validation with preference" name="Rating Thumbs when submitting with custom validation validate both required when having a custom validation with preference" time="0.012">
    </testcase>
    <testcase classname="Rating Thumbs when submitting with custom validation validate both required and having a custom validation" name="Rating Thumbs when submitting with custom validation validate both required and having a custom validation" time="0.02">
    </testcase>
    <testcase classname="Rating Thumbs when submitting with custom validation validate both required and having a custom validation, everythin ok" name="Rating Thumbs when submitting with custom validation validate both required and having a custom validation, everythin ok" time="0.012">
    </testcase>
    <testcase classname="Rating Thumbs when submitting with requiredPositive true don&apos;t allow a negative value" name="Rating Thumbs when submitting with requiredPositive true don&apos;t allow a negative value" time="0.013">
    </testcase>
  </testsuite>
  <testsuite name="AccordionSummary" errors="0" failures="0" skipped="0" timestamp="2023-06-30T15:43:28" time="0.292" tests="1">
    <testcase classname="AccordionSummary renders" name="AccordionSummary renders" time="0.023">
    </testcase>
  </testsuite>
  <testsuite name="AccountSelect" errors="0" failures="0" skipped="0" timestamp="2023-06-30T15:43:28" time="0.53" tests="2">
    <testcase classname="AccountSelect renders" name="AccountSelect renders" time="0.05">
    </testcase>
    <testcase classname="AccountSelect should fire onSelect event after clicking on account&apos;s name" name="AccountSelect should fire onSelect event after clicking on account&apos;s name" time="0.024">
    </testcase>
  </testsuite>
  <testsuite name="Alert" errors="0" failures="0" skipped="0" timestamp="2023-06-30T15:43:28" time="0.43" tests="1">
    <testcase classname="Alert renders" name="Alert renders" time="0.025">
    </testcase>
  </testsuite>
  <testsuite name="Alert" errors="0" failures="0" skipped="0" timestamp="2023-06-30T15:43:28" time="0.46" tests="2">
    <testcase classname="Alert renders" name="Alert renders" time="0.029">
    </testcase>
    <testcase classname="Alert with `prop.onClose` is passed calls `prop.onClose`" name="Alert with `prop.onClose` is passed calls `prop.onClose`" time="0.019">
    </testcase>
  </testsuite>
  <testsuite name="ApplicationUpdateNotification" errors="0" failures="0" skipped="0" timestamp="2023-06-30T15:43:28" time="0.331" tests="3">
    <testcase classname="ApplicationUpdateNotification renders" name="ApplicationUpdateNotification renders" time="0.036">
    </testcase>
    <testcase classname="ApplicationUpdateNotification when click on &quot;Update Later&quot; the corresponding callback is called" name="ApplicationUpdateNotification when click on &quot;Update Later&quot; the corresponding callback is called" time="0.011">
    </testcase>
    <testcase classname="ApplicationUpdateNotification when click on &quot;Reload Now&quot; the corresponding callback is called" name="ApplicationUpdateNotification when click on &quot;Reload Now&quot; the corresponding callback is called" time="0.009">
    </testcase>
  </testsuite>
  <testsuite name="Avatar.Group" errors="0" failures="0" skipped="0" timestamp="2023-06-30T15:43:29" time="0.458" tests="3">
    <testcase classname="Avatar.Group renders on limit" name="Avatar.Group renders on limit" time="0.023">
    </testcase>
    <testcase classname="Avatar.Group renders Avatars within limit" name="Avatar.Group renders Avatars within limit" time="0.006">
    </testcase>
    <testcase classname="Avatar.Group renders limited number of Avatars" name="Avatar.Group renders limited number of Avatars" time="0.011">
    </testcase>
  </testsuite>
  <testsuite name="Avatar" errors="0" failures="0" skipped="0" timestamp="2023-06-30T15:43:29" time="0.535" tests="7">
    <testcase classname="Avatar renders with initials" name="Avatar renders with initials" time="0.028">
    </testcase>
    <testcase classname="Avatar renders with a long name" name="Avatar renders with a long name" time="0.011">
    </testcase>
    <testcase classname="Avatar renders with an image" name="Avatar renders with an image" time="0.016">
    </testcase>
    <testcase classname="Avatar renders with logo" name="Avatar renders with logo" time="0.022">
    </testcase>
    <testcase classname="Avatar renders without logo" name="Avatar renders without logo" time="0.009">
    </testcase>
    <testcase classname="Avatar renders with a placeholder icon" name="Avatar renders with a placeholder icon" time="0.009">
    </testcase>
    <testcase classname="Avatar when edit state provided renders with edit icon and backdrop" name="Avatar when edit state provided renders with edit icon and backdrop" time="0.023">
    </testcase>
  </testsuite>
  <testsuite name="AvatarUpload" errors="0" failures="0" skipped="0" timestamp="2023-06-30T15:43:29" time="0.516" tests="4">
    <testcase classname="AvatarUpload renders" name="AvatarUpload renders" time="0.051">
    </testcase>
    <testcase classname="AvatarUpload when a valid image dropped calls onDrop and onDropAccepted for the parent with one file" name="AvatarUpload when a valid image dropped calls onDrop and onDropAccepted for the parent with one file" time="0.018">
    </testcase>
    <testcase classname="AvatarUpload when an invalid image dropped calls onDrop and onDropRejected for the parent with file rejection" name="AvatarUpload when an invalid image dropped calls onDrop and onDropRejected for the parent with file rejection" time="0.007">
    </testcase>
    <testcase classname="AvatarUpload when source is exist shows avatar with src and hides dropzone" name="AvatarUpload when source is exist shows avatar with src and hides dropzone" time="0.013">
    </testcase>
  </testsuite>
  <testsuite name="Badge" errors="0" failures="0" skipped="0" timestamp="2023-06-30T15:43:29" time="0.384" tests="10">
    <testcase classname="Badge renders" name="Badge renders" time="0.022">
    </testcase>
    <testcase classname="Badge renders in red variant" name="Badge renders in red variant" time="0.006">
    </testcase>
    <testcase classname="Badge should transform content when value is more than 10 for small size" name="Badge should transform content when value is more than 10 for small size" time="0.014">
    </testcase>
    <testcase classname="Badge should not transform content when value is les than 10 for small size" name="Badge should not transform content when value is les than 10 for small size" time="0.012">
    </testcase>
    <testcase classname="Badge should transform content when value is more than 100 for medium size" name="Badge should transform content when value is more than 100 for medium size" time="0.008">
    </testcase>
    <testcase classname="Badge should not transform content when value is more than 100 for medium size" name="Badge should not transform content when value is more than 100 for medium size" time="0.008">
    </testcase>
    <testcase classname="Badge should render data-testid" name="Badge should render data-testid" time="0.004">
    </testcase>
    <testcase classname="Badge when max is set should trim number with custom max value" name="Badge when max is set should trim number with custom max value" time="0.007">
    </testcase>
    <testcase classname="Badge when max is set should not trim when content is lower than max value" name="Badge when max is set should not trim when content is lower than max value" time="0.012">
    </testcase>
    <testcase classname="Badge when max is set should show the badge if the content is 0" name="Badge when max is set should show the badge if the content is 0" time="0.008">
    </testcase>
  </testsuite>
  <testsuite name="Amount" errors="0" failures="0" skipped="0" timestamp="2023-06-30T15:43:29" time="0.282" tests="1">
    <testcase classname="Amount renders" name="Amount renders" time="0.029">
    </testcase>
  </testsuite>
  <testsuite name="Button" errors="0" failures="0" skipped="0" timestamp="2023-06-30T15:43:29" time="0.353" tests="7">
    <testcase classname="Button onClick callback should be fired after clicking the button" name="Button onClick callback should be fired after clicking the button" time="0.028">
    </testcase>
    <testcase classname="Button onClick callback should not be fired when clicked button is in loading state" name="Button onClick callback should not be fired when clicked button is in loading state" time="0.011">
    </testcase>
    <testcase classname="Button should transform text to title case when Picasso titleCase property is true" name="Button should transform text to title case when Picasso titleCase property is true" time="0.008">
    </testcase>
    <testcase classname="Button should not transform text to title case when Picasso titleCase property is true but the component property overrides it" name="Button should not transform text to title case when Picasso titleCase property is true but the component property overrides it" time="0.006">
    </testcase>
    <testcase classname="Button disabled button renders disabled version" name="Button disabled button renders disabled version" time="0.009">
    </testcase>
    <testcase classname="Button disabled button disables button events" name="Button disabled button disables button events" time="0.01">
    </testcase>
    <testcase classname="Button disabled button as link renders disabled version" name="Button disabled button as link renders disabled version" time="0.011">
    </testcase>
  </testsuite>
  <testsuite name="ButtonGroup" errors="0" failures="0" skipped="0" timestamp="2023-06-30T15:43:29" time="0.314" tests="1">
    <testcase classname="ButtonGroup render" name="ButtonGroup render" time="0.036">
    </testcase>
  </testsuite>
  <testsuite name="ButtonCheckbox" errors="0" failures="0" skipped="0" timestamp="2023-06-30T15:43:29" time="0.369" tests="4">
    <testcase classname="ButtonCheckbox renders" name="ButtonCheckbox renders" time="0.037">
    </testcase>
    <testcase classname="ButtonCheckbox changes value of checkbox when clicking on button" name="ButtonCheckbox changes value of checkbox when clicking on button" time="0.018">
    </testcase>
    <testcase classname="ButtonCheckbox changes value of checkbox when clicking on checkbox" name="ButtonCheckbox changes value of checkbox when clicking on checkbox" time="0.01">
    </testcase>
    <testcase classname="ButtonCheckbox ignores clicks when disabled" name="ButtonCheckbox ignores clicks when disabled" time="0.014">
    </testcase>
  </testsuite>
  <testsuite name="BreadcrumbsItem" errors="0" failures="0" skipped="0" timestamp="2023-06-30T15:43:29" time="0.454" tests="2">
    <testcase classname="BreadcrumbsItem should transform text to title case when Picasso titleCase property is true" name="BreadcrumbsItem should transform text to title case when Picasso titleCase property is true" time="0.017">
    </testcase>
    <testcase classname="BreadcrumbsItem should not transform text to title case when Picasso titleCase property is true but the component property overrides it" name="BreadcrumbsItem should not transform text to title case when Picasso titleCase property is true but the component property overrides it" time="0.011">
    </testcase>
  </testsuite>
  <testsuite name="Autocomplete" errors="0" failures="0" skipped="0" timestamp="2023-06-30T15:43:28" time="1.55" tests="35">
    <testcase classname="Autocomplete static behavior renders" name="Autocomplete static behavior renders" time="0.043">
    </testcase>
    <testcase classname="Autocomplete static behavior renders a placeholder" name="Autocomplete static behavior renders a placeholder" time="0.018">
    </testcase>
    <testcase classname="Autocomplete static behavior renders an enableAutofill hidden input" name="Autocomplete static behavior renders an enableAutofill hidden input" time="0.016">
    </testcase>
    <testcase classname="Autocomplete static behavior renders a loading indicator" name="Autocomplete static behavior renders a loading indicator" time="0.015">
    </testcase>
    <testcase classname="Autocomplete static behavior renders custom adornments" name="Autocomplete static behavior renders custom adornments" time="0.02">
    </testcase>
    <testcase classname="Autocomplete static behavior renders an icon" name="Autocomplete static behavior renders an icon" time="0.016">
    </testcase>
    <testcase classname="Autocomplete static behavior uses custom menu keys" name="Autocomplete static behavior uses custom menu keys" time="0.011">
    </testcase>
    <testcase classname="Autocomplete static behavior renders a value that exists in options" name="Autocomplete static behavior renders a value that exists in options" time="0.023">
    </testcase>
    <testcase classname="Autocomplete static behavior with custom input component" name="Autocomplete static behavior with custom input component" time="0.007">
    </testcase>
    <testcase classname="Autocomplete static behavior shows default no options text when no options are available" name="Autocomplete static behavior shows default no options text when no options are available" time="0.097">
    </testcase>
    <testcase classname="Autocomplete static behavior shows custom no options text when no options are available" name="Autocomplete static behavior shows custom no options text when no options are available" time="0.049">
    </testcase>
    <testcase classname="Autocomplete static behavior hides no options text when disabled and no options are avialble" name="Autocomplete static behavior hides no options text when disabled and no options are avialble" time="0.044">
    </testcase>
    <testcase classname="Autocomplete static behavior renders custom options with custom keys" name="Autocomplete static behavior renders custom options with custom keys" time="0.053">
    </testcase>
    <testcase classname="Autocomplete static behavior renders custom display value" name="Autocomplete static behavior renders custom display value" time="0.049">
    </testcase>
    <testcase classname="Autocomplete static behavior does not render a custom display value if a custom options is rendered" name="Autocomplete static behavior does not render a custom display value if a custom options is rendered" time="0.042">
    </testcase>
    <testcase classname="Autocomplete static behavior should not transform options text to title case when Picasso titleCase property is true" name="Autocomplete static behavior should not transform options text to title case when Picasso titleCase property is true" time="0.012">
    </testcase>
    <testcase classname="Autocomplete static behavior uses a custom popper container" name="Autocomplete static behavior uses a custom popper container" time="0.009">
    </testcase>
    <testcase classname="Autocomplete dynamic behavior on focus" name="Autocomplete dynamic behavior on focus" time="0.047">
    </testcase>
    <testcase classname="Autocomplete dynamic behavior on change" name="Autocomplete dynamic behavior on change" time="0.041">
    </testcase>
    <testcase classname="Autocomplete dynamic behavior on blur" name="Autocomplete dynamic behavior on blur" time="0.011">
    </testcase>
    <testcase classname="Autocomplete dynamic behavior on select option" name="Autocomplete dynamic behavior on select option" time="0.033">
    </testcase>
    <testcase classname="Autocomplete dynamic behavior on &quot;Esc&quot; key pressed" name="Autocomplete dynamic behavior on &quot;Esc&quot; key pressed" time="0.01">
    </testcase>
    <testcase classname="Autocomplete dynamic behavior On &quot;Backspace&quot; key pressed with empty text" name="Autocomplete dynamic behavior On &quot;Backspace&quot; key pressed with empty text" time="0.011">
    </testcase>
    <testcase classname="Autocomplete dynamic behavior on &quot;arrow up/down&quot; key press press down" name="Autocomplete dynamic behavior on &quot;arrow up/down&quot; key press press down" time="0.045">
    </testcase>
    <testcase classname="Autocomplete dynamic behavior on &quot;arrow up/down&quot; key press press up" name="Autocomplete dynamic behavior on &quot;arrow up/down&quot; key press press up" time="0.057">
    </testcase>
    <testcase classname="Autocomplete dynamic behavior renders other option with default text" name="Autocomplete dynamic behavior renders other option with default text" time="0.051">
    </testcase>
    <testcase classname="Autocomplete dynamic behavior renders custom other options text and calls onOtherOptionSelect when selected" name="Autocomplete dynamic behavior renders custom other options text and calls onOtherOptionSelect when selected" time="0.037">
    </testcase>
    <testcase classname="Autocomplete dynamic behavior renders custom other options" name="Autocomplete dynamic behavior renders custom other options" time="0.044">
    </testcase>
    <testcase classname="Autocomplete Autofill when autoComplete value is not passed and autofill is not enabled" name="Autocomplete Autofill when autoComplete value is not passed and autofill is not enabled" time="0.011">
    </testcase>
    <testcase classname="Autocomplete Autofill when autoComplete value is not passed and autofill is enabled" name="Autocomplete Autofill when autoComplete value is not passed and autofill is enabled" time="0.015">
    </testcase>
    <testcase classname="Autocomplete Autofill when autoComplete value is passed and autofill is not enabled" name="Autocomplete Autofill when autoComplete value is passed and autofill is not enabled" time="0.013">
    </testcase>
    <testcase classname="Autocomplete Autofill when autoComplete value is passed and autofill is enabled" name="Autocomplete Autofill when autoComplete value is passed and autofill is enabled" time="0.007">
    </testcase>
    <testcase classname="Autocomplete reset behavior when reset button clicked" name="Autocomplete reset behavior when reset button clicked" time="0.031">
    </testcase>
    <testcase classname="Focus behavior focuses input when start adornment is clicked" name="Focus behavior focuses input when start adornment is clicked" time="0.041">
    </testcase>
    <testcase classname="Focus behavior focuses input when end adornment is clicked" name="Focus behavior focuses input when end adornment is clicked" time="0.037">
    </testcase>
  </testsuite>
  <testsuite name="ButtonRadio" errors="0" failures="0" skipped="0" timestamp="2023-06-30T15:43:30" time="0.404" tests="4">
    <testcase classname="ButtonRadio renders" name="ButtonRadio renders" time="0.035">
    </testcase>
    <testcase classname="ButtonRadio changes value of radio when clicking on button" name="ButtonRadio changes value of radio when clicking on button" time="0.016">
    </testcase>
    <testcase classname="ButtonRadio changes value of radio when clicking on radio" name="ButtonRadio changes value of radio when clicking on radio" time="0.012">
    </testcase>
    <testcase classname="ButtonRadio ignores clicks when disabled" name="ButtonRadio ignores clicks when disabled" time="0.014">
    </testcase>
  </testsuite>
  <testsuite name="Checkbox" errors="0" failures="0" skipped="0" timestamp="2023-06-30T15:43:30" time="0.402" tests="11">
    <testcase classname="Checkbox renders default checkbox without label" name="Checkbox renders default checkbox without label" time="0.027">
    </testcase>
    <testcase classname="Checkbox should render default checkbox with label" name="Checkbox should render default checkbox with label" time="0.01">
    </testcase>
    <testcase classname="Checkbox renders disabled state" name="Checkbox renders disabled state" time="0.007">
    </testcase>
    <testcase classname="Checkbox renders indeterminate state" name="Checkbox renders indeterminate state" time="0.005">
    </testcase>
    <testcase classname="Checkbox renders with asterisk" name="Checkbox renders with asterisk" time="0.009">
    </testcase>
    <testcase classname="Checkbox renders with (optional)" name="Checkbox renders with (optional)" time="0.006">
    </testcase>
    <testcase classname="Checkbox should transform text to title case when Picasso titleCase property is true" name="Checkbox should transform text to title case when Picasso titleCase property is true" time="0.006">
    </testcase>
    <testcase classname="Checkbox should not transform text to title case when Picasso titleCase property is true but the component property overrides it" name="Checkbox should not transform text to title case when Picasso titleCase property is true but the component property overrides it" time="0.006">
    </testcase>
    <testcase classname="Checkbox checkbox interaction should render checked checkbox" name="Checkbox checkbox interaction should render checked checkbox" time="0.011">
    </testcase>
    <testcase classname="Checkbox checkbox interaction should fire onChange event on click on label" name="Checkbox checkbox interaction should fire onChange event on click on label" time="0.007">
    </testcase>
    <testcase classname="Checkbox Checkbox.Group renders checkbox in a grid group" name="Checkbox Checkbox.Group renders checkbox in a grid group" time="0.025">
    </testcase>
  </testsuite>
  <testsuite name="Calendar" errors="0" failures="0" skipped="0" timestamp="2023-06-30T15:43:30" time="0.843" tests="3">
    <testcase classname="Calendar renders" name="Calendar renders" time="0.163">
    </testcase>
    <testcase classname="Calendar when initial value is set renders value month" name="Calendar when initial value is set renders value month" time="0.029">
    </testcase>
    <testcase classname="Calendar when activeMonth is set renders active month" name="Calendar when activeMonth is set renders active month" time="0.038">
    </testcase>
  </testsuite>
  <testsuite name="DropdownArrow" errors="0" failures="0" skipped="0" timestamp="2023-06-30T15:43:30" time="0.262" tests="1">
    <testcase classname="DropdownArrow renders" name="DropdownArrow renders" time="0.023">
    </testcase>
  </testsuite>
  <testsuite name="ButtonSplit" errors="0" failures="0" skipped="0" timestamp="2023-06-30T15:43:30" time="1.212" tests="9">
    <testcase classname="ButtonSplit default render" name="ButtonSplit default render" time="0.039">
    </testcase>
    <testcase classname="ButtonSplit invokes onClick after a click on action button" name="ButtonSplit invokes onClick after a click on action button" time="0.013">
    </testcase>
    <testcase classname="ButtonSplit renders arrow up icon for an opened menu" name="ButtonSplit renders arrow up icon for an opened menu" time="0.108">
    </testcase>
    <testcase classname="ButtonSplit renders arrow down icon for a closed menu" name="ButtonSplit renders arrow down icon for a closed menu" time="0.066">
    </testcase>
    <testcase classname="ButtonSplit renders small arrow for small button" name="ButtonSplit renders small arrow for small button" time="0.016">
    </testcase>
    <testcase classname="ButtonSplit renders small arrow for medium button" name="ButtonSplit renders small arrow for medium button" time="0.02">
    </testcase>
    <testcase classname="ButtonSplit renders small arrow for large button" name="ButtonSplit renders small arrow for large button" time="0.009">
    </testcase>
    <testcase classname="ButtonSplit closes menu on click to the item" name="ButtonSplit closes menu on click to the item" time="0.239">
    </testcase>
    <testcase classname="ButtonSplit invokes a menu item handler on click to the item" name="ButtonSplit invokes a menu item handler on click to the item" time="0.238">
    </testcase>
  </testsuite>
  <testsuite name="Container" errors="0" failures="0" skipped="0" timestamp="2023-06-30T15:43:31" time="0.513" tests="1">
    <testcase classname="Container renders default container" name="Container renders default container" time="0.073">
    </testcase>
  </testsuite>
  <testsuite name="Dropdown" errors="0" failures="0" skipped="0" timestamp="2023-06-30T15:43:31" time="1.097" tests="4">
    <testcase classname="Dropdown renders" name="Dropdown renders" time="0.025">
    </testcase>
    <testcase classname="Dropdown should render menu" name="Dropdown should render menu" time="0.074">
    </testcase>
    <testcase classname="Dropdown should render menu with focus" name="Dropdown should render menu with focus" time="0.063">
    </testcase>
    <testcase classname="Dropdown should trigger `onOpen`, `onClose` callbacks" name="Dropdown should trigger `onOpen`, `onClose` callbacks" time="0.03">
    </testcase>
  </testsuite>
  <testsuite name="FileInput" errors="0" failures="0" skipped="0" timestamp="2023-06-30T15:43:31" time="0.797" tests="2">
    <testcase classname="FileInput renders" name="FileInput renders" time="0.036">
    </testcase>
    <testcase classname="FileInput can change label" name="FileInput can change label" time="0.044">
    </testcase>
  </testsuite>
  <testsuite name="Dropzone" errors="0" failures="0" skipped="0" timestamp="2023-06-30T15:43:31" time="1.044" tests="6">
    <testcase classname="Dropzone renders" name="Dropzone renders" time="0.072">
    </testcase>
    <testcase classname="Dropzone shows error" name="Dropzone shows error" time="0.041">
    </testcase>
    <testcase classname="Dropzone renders hint" name="Dropzone renders hint" time="0.063">
    </testcase>
    <testcase classname="Dropzone when doesn&apos;t accept multiple files and there is already a file disables the dropzone" name="Dropzone when doesn&apos;t accept multiple files and there is already a file disables the dropzone" time="0.015">
    </testcase>
    <testcase classname="Dropzone when hideContentText is not provided render contentText" name="Dropzone when hideContentText is not provided render contentText" time="0.017">
    </testcase>
    <testcase classname="Dropzone when hideContentText is provided render contentText" name="Dropzone when hideContentText is provided render contentText" time="0.005">
    </testcase>
  </testsuite>
  <testsuite name="EnvironmentBanner" errors="0" failures="0" skipped="0" timestamp="2023-06-30T15:43:32" time="0.444" tests="3">
    <testcase classname="EnvironmentBanner development render" name="EnvironmentBanner development render" time="0.034">
    </testcase>
    <testcase classname="EnvironmentBanner production render" name="EnvironmentBanner production render" time="0.006">
    </testcase>
    <testcase classname="EnvironmentBanner render nothing in test environment" name="EnvironmentBanner render nothing in test environment" time="0.004">
    </testcase>
  </testsuite>
  <testsuite name="FileList" errors="0" failures="0" skipped="0" timestamp="2023-06-30T15:43:32" time="0.639" tests="1">
    <testcase classname="FileList renders" name="FileList renders" time="0.033">
    </testcase>
  </testsuite>
  <testsuite name="FieldRequirements" errors="0" failures="0" skipped="0" timestamp="2023-06-30T15:43:32" time="0.712" tests="2">
    <testcase classname="FieldRequirements default render" name="FieldRequirements default render" time="0.107">
    </testcase>
    <testcase classname="FieldRequirements renders error state" name="FieldRequirements renders error state" time="0.071">
    </testcase>
  </testsuite>
  <testsuite name="Form" errors="0" failures="0" skipped="0" timestamp="2023-06-30T15:43:33" time="0.168" tests="1">
    <testcase classname="Form renders" name="Form renders" time="0.011">
    </testcase>
  </testsuite>
  <testsuite name="FileListItem" errors="0" failures="0" skipped="0" timestamp="2023-06-30T15:43:32" time="0.711" tests="5">
    <testcase classname="FileListItem renders" name="FileListItem renders" time="0.057">
    </testcase>
    <testcase classname="FileListItem fires callback on remove" name="FileListItem fires callback on remove" time="0.107">
    </testcase>
    <testcase classname="FileListItem when file is uploading renders &apos;Uploading...&apos; label and progress bar" name="FileListItem when file is uploading renders &apos;Uploading...&apos; label and progress bar" time="0.006">
    </testcase>
    <testcase classname="FileListItem when file is uploading when error exists renders file name and error message" name="FileListItem when file is uploading when error exists renders file name and error message" time="0.006">
    </testcase>
    <testcase classname="FileListItem when error exists renders file name and error message" name="FileListItem when error exists renders file name and error message" time="0.011">
    </testcase>
  </testsuite>
  <testsuite name="DatePicker" errors="0" failures="0" skipped="0" timestamp="2023-06-30T15:43:30" time="3.054" tests="31">
    <testcase classname="DatePicker renders" name="DatePicker renders" time="0.069">
    </testcase>
    <testcase classname="DatePicker custom day rendering" name="DatePicker custom day rendering" time="0.809">
    </testcase>
    <testcase classname="DatePicker Input should display date in default displayDateFormat" name="DatePicker Input should display date in default displayDateFormat" time="0.016">
    </testcase>
    <testcase classname="DatePicker Input should display date in given displayDateFormat" name="DatePicker Input should display date in given displayDateFormat" time="0.019">
    </testcase>
    <testcase classname="DatePicker Input should display date range in default displayDateFormat" name="DatePicker Input should display date range in default displayDateFormat" time="0.02">
    </testcase>
    <testcase classname="DatePicker Input should display date range in given displayDateFormat" name="DatePicker Input should display date range in given displayDateFormat" time="0.012">
    </testcase>
    <testcase classname="DatePicker Input should display date in default editDateFormat" name="DatePicker Input should display date in default editDateFormat" time="0.15">
    </testcase>
    <testcase classname="DatePicker Input should display date in given editDateFormat" name="DatePicker Input should display date in given editDateFormat" time="0.11">
    </testcase>
    <testcase classname="DatePicker Input should turn autoComplete off by default" name="DatePicker Input should turn autoComplete off by default" time="0.019">
    </testcase>
    <testcase classname="DatePicker Input should turn autoComplete on" name="DatePicker Input should turn autoComplete on" time="0.027">
    </testcase>
    <testcase classname="DatePicker Input should display date in given timezone" name="DatePicker Input should display date in given timezone" time="0.032">
    </testcase>
    <testcase classname="DatePicker Input should work within interval" name="DatePicker Input should work within interval" time="0.025">
    </testcase>
    <testcase classname="DatePicker Input should work with minDate only" name="DatePicker Input should work with minDate only" time="0.014">
    </testcase>
    <testcase classname="DatePicker Input should work with maxDate" name="DatePicker Input should work with maxDate" time="0.018">
    </testcase>
    <testcase classname="DatePicker Input when `range` property is set should resets value when input content removed" name="DatePicker Input when `range` property is set should resets value when input content removed" time="0.016">
    </testcase>
    <testcase classname="DatePicker Input should work with `parseInputValue` when parser returns parsed date calls `onChange` handler with the parsed date" name="DatePicker Input should work with `parseInputValue` when parser returns parsed date calls `onChange` handler with the parsed date" time="0.011">
    </testcase>
    <testcase classname="DatePicker Input should work with `parseInputValue` when parser returns parsed date outside of the `min/max` dates range does not call `onChange` handler" name="DatePicker Input should work with `parseInputValue` when parser returns parsed date outside of the `min/max` dates range does not call `onChange` handler" time="0.013">
    </testcase>
    <testcase classname="DatePicker Input should work with `parseInputValue` when parser cannot parse date does not call `onChange` handler" name="DatePicker Input should work with `parseInputValue` when parser cannot parse date does not call `onChange` handler" time="0.013">
    </testcase>
    <testcase classname="DatePicker Input should work with `parseInputValue` when `range` property is set does not call `parseInputValue` function" name="DatePicker Input should work with `parseInputValue` when `range` property is set does not call `parseInputValue` function" time="0.012">
    </testcase>
    <testcase classname="DatePicker Input should work with `parseInputValue` when valid string date value is typed does not call `parseInputValue` function" name="DatePicker Input should work with `parseInputValue` when valid string date value is typed does not call `parseInputValue` function" time="0.015">
    </testcase>
    <testcase classname="DatePicker Input when `enableReset` option is passed should reset input value on reset button click" name="DatePicker Input when `enableReset` option is passed should reset input value on reset button click" time="0.1">
    </testcase>
    <testcase classname="DatePicker Calendar should display date in given timezone" name="DatePicker Calendar should display date in given timezone" time="0.064">
    </testcase>
    <testcase classname="DatePicker Calendar should display date in given timezone" name="DatePicker Calendar should display date in given timezone" time="0.047">
    </testcase>
    <testcase classname="DatePicker Calendar should display date in given timezone" name="DatePicker Calendar should display date in given timezone" time="0.046">
    </testcase>
    <testcase classname="DatePicker Calendar should display date in given timezone after day click" name="DatePicker Calendar should display date in given timezone after day click" time="0.112">
    </testcase>
    <testcase classname="DatePicker Calendar should display date in given timezone after day click" name="DatePicker Calendar should display date in given timezone after day click" time="0.104">
    </testcase>
    <testcase classname="DatePicker Calendar should display date in given timezone after day click" name="DatePicker Calendar should display date in given timezone after day click" time="0.098">
    </testcase>
    <testcase classname="DatePicker Calendar when `enableReset` option is passed should not close calendar on `reset` button click" name="DatePicker Calendar when `enableReset` option is passed should not close calendar on `reset` button click" time="0.068">
    </testcase>
    <testcase classname="DatePicker Calendar when `enableReset` option is passed should not open calendar on `reset` button click" name="DatePicker Calendar when `enableReset` option is passed should not open calendar on `reset` button click" time="0.06">
    </testcase>
    <testcase classname="DatePicker Calendar when `footer` option is passed should appear a footer at the bottom of the calendar" name="DatePicker Calendar when `footer` option is passed should appear a footer at the bottom of the calendar" time="0.048">
    </testcase>
    <testcase classname="DatePicker Calendar when `footer` option is passed when `footerBackgroundColor` option is passed should appear a custom color footer at the bottom of the calendar" name="DatePicker Calendar when `footer` option is passed when `footerBackgroundColor` option is passed should appear a custom color footer at the bottom of the calendar" time="0.048">
    </testcase>
  </testsuite>
  <testsuite name="FormAutoSaveIndicator" errors="0" failures="0" skipped="0" timestamp="2023-06-30T15:43:33" time="0.388" tests="3">
    <testcase classname="FormAutoSaveIndicator in initial state hides label" name="FormAutoSaveIndicator in initial state hides label" time="0.03">
    </testcase>
    <testcase classname="FormAutoSaveIndicator when saving hides label" name="FormAutoSaveIndicator when saving hides label" time="0.011">
    </testcase>
    <testcase classname="FormAutoSaveIndicator when saved should show label" name="FormAutoSaveIndicator when saved should show label" time="0.02">
    </testcase>
  </testsuite>
  <testsuite name="FormField" errors="0" failures="0" skipped="0" timestamp="2023-06-30T15:43:33" time="0.362" tests="1">
    <testcase classname="FormField renders" name="FormField renders" time="0.033">
    </testcase>
  </testsuite>
  <testsuite name="FormError" errors="0" failures="0" skipped="0" timestamp="2023-06-30T15:43:33" time="0.613" tests="1">
    <testcase classname="FormError renders" name="FormError renders" time="0.059">
    </testcase>
  </testsuite>
  <testsuite name="FormHint" errors="0" failures="0" skipped="0" timestamp="2023-06-30T15:43:33" time="0.491" tests="1">
    <testcase classname="FormHint renders" name="FormHint renders" time="0.05">
    </testcase>
  </testsuite>
  <testsuite name="FormLabel" errors="0" failures="0" skipped="0" timestamp="2023-06-30T15:43:33" time="0.614" tests="6">
    <testcase classname="FormLabel renders" name="FormLabel renders" time="0.054">
    </testcase>
    <testcase classname="FormLabel disabled" name="FormLabel disabled" time="0.014">
    </testcase>
    <testcase classname="FormLabel required with (optional)" name="FormLabel required with (optional)" time="0.009">
    </testcase>
    <testcase classname="FormLabel required with asterisk" name="FormLabel required with asterisk" time="0.008">
    </testcase>
    <testcase classname="FormLabel should transform text to title case when Picasso titleCase property is true" name="FormLabel should transform text to title case when Picasso titleCase property is true" time="0.008">
    </testcase>
    <testcase classname="FormLabel should not transform text to title case when Picasso titleCase property is true but the component property overrides it" name="FormLabel should not transform text to title case when Picasso titleCase property is true but the component property overrides it" time="0.012">
    </testcase>
  </testsuite>
  <testsuite name="Grid" errors="0" failures="0" skipped="0" timestamp="2023-06-30T15:43:33" time="0.713" tests="1">
    <testcase classname="Grid renders" name="Grid renders" time="0.04">
    </testcase>
  </testsuite>
  <testsuite name="GridItem" errors="0" failures="0" skipped="0" timestamp="2023-06-30T15:43:34" time="0.764" tests="1">
    <testcase classname="GridItem renders" name="GridItem renders" time="0.033">
    </testcase>
  </testsuite>
  <testsuite name="Indicator" errors="0" failures="0" skipped="0" timestamp="2023-06-30T15:43:34" time="0.417" tests="1">
    <testcase classname="Indicator renders in red color" name="Indicator renders in red color" time="0.024">
    </testcase>
  </testsuite>
  <testsuite name="Helpbox" errors="0" failures="0" skipped="0" timestamp="2023-06-30T15:43:34" time="0.731" tests="1">
    <testcase classname="Helpbox renders" name="Helpbox renders" time="0.042">
    </testcase>
  </testsuite>
  <testsuite name="Image" errors="0" failures="0" skipped="0" timestamp="2023-06-30T15:43:34" time="0.208" tests="2">
    <testcase classname="Image renders" name="Image renders" time="0.015">
    </testcase>
    <testcase classname="Image circular variant render" name="Image circular variant render" time="0.005">
    </testcase>
  </testsuite>
  <testsuite name="Link" errors="0" failures="0" skipped="0" timestamp="2023-06-30T15:43:34" time="0.406" tests="8">
    <testcase classname="Link renders" name="Link renders" time="0.021">
    </testcase>
    <testcase classname="Link renders native attributes" name="Link renders native attributes" time="0.007">
    </testcase>
    <testcase classname="Link renders a Link from react-router" name="Link renders a Link from react-router" time="0.011">
    </testcase>
    <testcase classname="Link renders disabled link" name="Link renders disabled link" time="0.004">
    </testcase>
    <testcase classname="Link adds rel=&quot;noopener&quot; to target=&quot;_blank&quot; links in its absence" name="Link adds rel=&quot;noopener&quot; to target=&quot;_blank&quot; links in its absence" time="0.004">
    </testcase>
    <testcase classname="Link does not add rel=&quot;noopener&quot; to target=&quot;_blank&quot; if noreferrer is present" name="Link does not add rel=&quot;noopener&quot; to target=&quot;_blank&quot; if noreferrer is present" time="0.005">
    </testcase>
    <testcase classname="Link does not allow onClick when disabled" name="Link does not allow onClick when disabled" time="0.007">
    </testcase>
    <testcase classname="Link does not have href when disabled" name="Link does not have href when disabled" time="0.004">
    </testcase>
  </testsuite>
  <testsuite name="Loader" errors="0" failures="0" skipped="0" timestamp="2023-06-30T15:43:35" time="0.337" tests="1">
    <testcase classname="Loader props combo" name="Loader props combo" time="0.017">
    </testcase>
  </testsuite>
  <testsuite name="Input" errors="0" failures="0" skipped="0" timestamp="2023-06-30T15:43:34" time="0.799" tests="12">
    <testcase classname="Input renders icon in the end" name="Input renders icon in the end" time="0.032">
    </testcase>
    <testcase classname="Input renders icon in the beginning" name="Input renders icon in the beginning" time="0.011">
    </testcase>
    <testcase classname="Input shows counter for regular input" name="Input shows counter for regular input" time="0.006">
    </testcase>
    <testcase classname="Input shows counter for multiline input" name="Input shows counter for multiline input" time="0.029">
    </testcase>
    <testcase classname="Input shows remaining chars for for multiline input with limit" name="Input shows remaining chars for for multiline input with limit" time="0.015">
    </testcase>
    <testcase classname="Input shows excess chars for multiline input with exceeded limit" name="Input shows excess chars for multiline input with exceeded limit" time="0.018">
    </testcase>
    <testcase classname="Input shows entered characters for multiline input with `counter: entered`, ignoring the limit" name="Input shows entered characters for multiline input with `counter: entered`, ignoring the limit" time="0.012">
    </testcase>
    <testcase classname="Input is focused when autoFocus" name="Input is focused when autoFocus" time="0.01">
    </testcase>
    <testcase classname="Input should show reset button" name="Input should show reset button" time="0.015">
    </testcase>
    <testcase classname="Input should show manual resize handler" name="Input should show manual resize handler" time="0.014">
    </testcase>
    <testcase classname="Input handles clicks" name="Input handles clicks" time="0.008">
    </testcase>
    <testcase classname="Input when in a valid state shows valid icon" name="Input when in a valid state shows valid icon" time="0.02">
    </testcase>
  </testsuite>
  <testsuite name="List" errors="0" failures="0" skipped="0" timestamp="2023-06-30T15:43:35" time="0.601" tests="2">
    <testcase classname="List renders unordered list" name="List renders unordered list" time="0.032">
    </testcase>
    <testcase classname="List renders ordered list" name="List renders ordered list" time="0.011">
    </testcase>
  </testsuite>
  <testsuite name="InputLimitAdornment" errors="0" failures="0" skipped="0" timestamp="2023-06-30T15:43:35" time="0.297" tests="5">
    <testcase classname="InputLimitAdornment when counter type is &apos;entered&apos; expect &apos;1 character entered&apos; message for 1 characters" name="InputLimitAdornment when counter type is &apos;entered&apos; expect &apos;1 character entered&apos; message for 1 characters" time="0.018">
    </testcase>
    <testcase classname="InputLimitAdornment when counter type is &apos;entered&apos; expect &apos;2 characters entered&apos; message for 2 characters" name="InputLimitAdornment when counter type is &apos;entered&apos; expect &apos;2 characters entered&apos; message for 2 characters" time="0.007">
    </testcase>
    <testcase classname="InputLimitAdornment when counter type is &apos;remaining&apos; expect &apos;0 characters left&apos; message for 0 characters" name="InputLimitAdornment when counter type is &apos;remaining&apos; expect &apos;0 characters left&apos; message for 0 characters" time="0.004">
    </testcase>
    <testcase classname="InputLimitAdornment when counter type is &apos;remaining&apos; expect &apos;1 character left&apos; message for 1 characters" name="InputLimitAdornment when counter type is &apos;remaining&apos; expect &apos;1 character left&apos; message for 1 characters" time="0.003">
    </testcase>
    <testcase classname="InputLimitAdornment when counter type is &apos;remaining&apos; expect &apos;2 characters left&apos; message for 2 characters" name="InputLimitAdornment when counter type is &apos;remaining&apos; expect &apos;2 characters left&apos; message for 2 characters" time="0.003">
    </testcase>
  </testsuite>
  <testsuite name="getAvatarAttributes" errors="0" failures="0" skipped="0" timestamp="2023-06-30T15:43:35" time="0.445" tests="14">
    <testcase classname="getAvatarAttributes returns xsmall avatar variant by default" name="getAvatarAttributes returns xsmall avatar variant by default" time="0.001">
    </testcase>
    <testcase classname="getAvatarAttributes supports all avatar size variants" name="getAvatarAttributes supports all avatar size variants" time="0.001">
    </testcase>
    <testcase classname="getIconAttributes supports circular icons" name="getIconAttributes supports circular icons" time="0.001">
    </testcase>
    <testcase classname="getIconAttributes supports all icons size variants" name="getIconAttributes supports all icons size variants" time="0">
    </testcase>
    <testcase classname="getImageAttributes supports circular images" name="getImageAttributes supports circular images" time="0.001">
    </testcase>
    <testcase classname="getImageAttributes does not convert number widths" name="getImageAttributes does not convert number widths" time="0">
    </testcase>
    <testcase classname="getImageAttributes converts rem strings to pixel numbers" name="getImageAttributes converts rem strings to pixel numbers" time="0">
    </testcase>
    <testcase classname="getAttributes returns icon attributes" name="getAttributes returns icon attributes" time="0">
    </testcase>
    <testcase classname="getAttributes returns avatar attributes" name="getAttributes returns avatar attributes" time="0">
    </testcase>
    <testcase classname="getAttributes returns image attributes" name="getAttributes returns image attributes" time="0">
    </testcase>
    <testcase classname="MediaSkeletonLoader supports custom classname and style attributes" name="MediaSkeletonLoader supports custom classname and style attributes" time="0.016">
    </testcase>
    <testcase classname="MediaSkeletonLoader renders avatar variants" name="MediaSkeletonLoader renders avatar variants" time="0.008">
    </testcase>
    <testcase classname="MediaSkeletonLoader renders icon variants" name="MediaSkeletonLoader renders icon variants" time="0.005">
    </testcase>
    <testcase classname="MediaSkeletonLoader renders image variants" name="MediaSkeletonLoader renders image variants" time="0.003">
    </testcase>
  </testsuite>
  <testsuite name="Menu" errors="0" failures="0" skipped="0" timestamp="2023-06-30T15:43:35" time="0.44" tests="1">
    <testcase classname="Menu renders" name="Menu renders" time="0.037">
    </testcase>
  </testsuite>
  <testsuite name="MenuItem" errors="0" failures="0" skipped="0" timestamp="2023-06-30T15:43:35" time="0.663" tests="6">
    <testcase classname="MenuItem renders" name="MenuItem renders" time="0.029">
    </testcase>
    <testcase classname="MenuItem renders checkmarked" name="MenuItem renders checkmarked" time="0.01">
    </testcase>
    <testcase classname="MenuItem renders with description" name="MenuItem renders with description" time="0.007">
    </testcase>
    <testcase classname="MenuItem renders with a sub menu arrow" name="MenuItem renders with a sub menu arrow" time="0.009">
    </testcase>
    <testcase classname="MenuItem renders in title case with local prop" name="MenuItem renders in title case with local prop" time="0.006">
    </testcase>
    <testcase classname="MenuItem renders in title case with global prop" name="MenuItem renders in title case with global prop" time="0.008">
    </testcase>
  </testsuite>
  <testsuite name="NativeSelect" errors="0" failures="0" skipped="0" timestamp="2023-06-30T15:43:35" time="0.551" tests="2">
    <testcase classname="NativeSelect renders native select" name="NativeSelect renders native select" time="0.044">
    </testcase>
    <testcase classname="NativeSelect renders native select with the empty option enabled when enableReset is `true`" name="NativeSelect renders native select with the empty option enabled when enableReset is `true`" time="0.014">
    </testcase>
  </testsuite>
  <testsuite name="MonthSelect" errors="0" failures="0" skipped="0" timestamp="2023-06-30T15:43:35" time="0.592" tests="2">
    <testcase classname="MonthSelect renders" name="MonthSelect renders" time="0.036">
    </testcase>
    <testcase classname="MonthSelect wrong range" name="MonthSelect wrong range" time="0.05">
    </testcase>
  </testsuite>
  <testsuite name="NativeSelectPlaceholder" errors="0" failures="0" skipped="0" timestamp="2023-06-30T15:43:36" time="0.278" tests="3">
    <testcase classname="NativeSelectPlaceholder renders" name="NativeSelectPlaceholder renders" time="0.016">
    </testcase>
    <testcase classname="NativeSelectPlaceholder renders with emptySelectValue" name="NativeSelectPlaceholder renders with emptySelectValue" time="0.004">
    </testcase>
    <testcase classname="NativeSelectPlaceholder renders disabled" name="NativeSelectPlaceholder renders disabled" time="0.003">
    </testcase>
  </testsuite>
  <testsuite name="Modal" errors="0" failures="0" skipped="0" timestamp="2023-06-30T15:43:35" time="1.044" tests="11">
    <testcase classname="Modal renders" name="Modal renders" time="0.05">
    </testcase>
    <testcase classname="Modal useModal opens and closes modal" name="Modal useModal opens and closes modal" time="0.332">
    </testcase>
    <testcase classname="Modal given multiple modals are opened, when navigate from page then all modals should be closed" name="Modal given multiple modals are opened, when navigate from page then all modals should be closed" time="0.021">
    </testcase>
    <testcase classname="Modal useModal shows multiple modals at the same time" name="Modal useModal shows multiple modals at the same time" time="0.015">
    </testcase>
    <testcase classname="Modal body scroll lock drops scroll lock when initially open modal is mounted" name="Modal body scroll lock drops scroll lock when initially open modal is mounted" time="0.015">
    </testcase>
    <testcase classname="Modal body scroll lock does not drop scroll lock when closed modal is mounted" name="Modal body scroll lock does not drop scroll lock when closed modal is mounted" time="0.003">
    </testcase>
    <testcase classname="Modal body scroll lock drops scroll lock as modal opens and lifts it as modal closes always mounted modal" name="Modal body scroll lock drops scroll lock as modal opens and lifts it as modal closes always mounted modal" time="0.023">
    </testcase>
    <testcase classname="Modal body scroll lock drops scroll lock as modal opens and lifts it as modal closes conditionally mounted modal" name="Modal body scroll lock drops scroll lock as modal opens and lifts it as modal closes conditionally mounted modal" time="0.015">
    </testcase>
    <testcase classname="Modal body scroll lock drops scroll lock as modal opens and lifts it as modal closes restores prev body overflow value" name="Modal body scroll lock drops scroll lock as modal opens and lifts it as modal closes restores prev body overflow value" time="0.015">
    </testcase>
    <testcase classname="Modal body scroll lock multiple modals properly manages body scroll lock as modals open/close" name="Modal body scroll lock multiple modals properly manages body scroll lock as modals open/close" time="0.025">
    </testcase>
    <testcase classname="Modal body scroll lock multiple modals properly restores body overflow when closed modal mounts/unmounts" name="Modal body scroll lock multiple modals properly restores body overflow when closed modal mounts/unmounts" time="0.018">
    </testcase>
  </testsuite>
  <testsuite name="NativeSelectOptions" errors="0" failures="0" skipped="0" timestamp="2023-06-30T15:43:36" time="0.456" tests="1">
    <testcase classname="NativeSelectOptions renders" name="NativeSelectOptions renders" time="0.022">
    </testcase>
  </testsuite>
  <testsuite name="NonNativeSelectLoader" errors="0" failures="0" skipped="0" timestamp="2023-06-30T15:43:36" time="0.538" tests="1">
    <testcase classname="NonNativeSelectLoader renders" name="NonNativeSelectLoader renders" time="0.028">
    </testcase>
  </testsuite>
  <testsuite name="NonNativeSelectOption" errors="0" failures="0" skipped="0" timestamp="2023-06-30T15:43:36" time="0.545" tests="3">
    <testcase classname="NonNativeSelectOption renders" name="NonNativeSelectOption renders" time="0.029">
    </testcase>
    <testcase classname="NonNativeSelectOption sets attributes correctly" name="NonNativeSelectOption sets attributes correctly" time="0.029">
    </testcase>
    <testcase classname="NonNativeSelectOption fires events correctly" name="NonNativeSelectOption fires events correctly" time="0.015">
    </testcase>
  </testsuite>
  <testsuite name="NonNativeSelectOptions" errors="0" failures="0" skipped="0" timestamp="2023-06-30T15:43:36" time="0.578" tests="3">
    <testcase classname="NonNativeSelectOptions renders" name="NonNativeSelectOptions renders" time="0.038">
    </testcase>
    <testcase classname="NonNativeSelectOptions renders option groups" name="NonNativeSelectOptions renders option groups" time="0.052">
    </testcase>
    <testcase classname="NonNativeSelectOptions renders no option" name="NonNativeSelectOptions renders no option" time="0.01">
    </testcase>
  </testsuite>
  <testsuite name="Note" errors="0" failures="0" skipped="0" timestamp="2023-06-30T15:43:37" time="0.389" tests="1">
    <testcase classname="Note renders" name="Note renders" time="0.031">
    </testcase>
  </testsuite>
  <testsuite name="NonNativeSelectLimitFooter" errors="0" failures="0" skipped="0" timestamp="2023-06-30T15:43:37" time="0.543" tests="2">
    <testcase classname="NonNativeSelectLimitFooter renders null when no overflow" name="NonNativeSelectLimitFooter renders null when no overflow" time="0.023">
    </testcase>
    <testcase classname="NonNativeSelectLimitFooter renders footer when overflow" name="NonNativeSelectLimitFooter renders footer when overflow" time="0.016">
    </testcase>
  </testsuite>
  <testsuite name="NotificationActions" errors="0" failures="0" skipped="0" timestamp="2023-06-30T15:43:37" time="0.496" tests="1">
    <testcase classname="NotificationActions renders" name="NotificationActions renders" time="0.035">
    </testcase>
  </testsuite>
  <testsuite name="NonNativeSelect" errors="0" failures="0" skipped="0" timestamp="2023-06-30T15:43:36" time="1.646" tests="30">
    <testcase classname="NonNativeSelect renders" name="NonNativeSelect renders" time="0.034">
    </testcase>
    <testcase classname="NonNativeSelect opens menu on select click" name="NonNativeSelect opens menu on select click" time="0.082">
    </testcase>
    <testcase classname="NonNativeSelect does not open menu on select focus" name="NonNativeSelect does not open menu on select focus" time="0.008">
    </testcase>
    <testcase classname="NonNativeSelect opens menu when select is focused and arrow down is pressed" name="NonNativeSelect opens menu when select is focused and arrow down is pressed" time="0.045">
    </testcase>
    <testcase classname="NonNativeSelect shows loader instead of options when opened in loading state" name="NonNativeSelect shows loader instead of options when opened in loading state" time="0.036">
    </testcase>
    <testcase classname="NonNativeSelect filters options based on entered value to the input field" name="NonNativeSelect filters options based on entered value to the input field" time="0.072">
    </testcase>
    <testcase classname="NonNativeSelect shows all options when input value is wiped" name="NonNativeSelect shows all options when input value is wiped" time="0.106">
    </testcase>
    <testcase classname="NonNativeSelect focuses search input when tab is pressed" name="NonNativeSelect focuses search input when tab is pressed" time="0.069">
    </testcase>
    <testcase classname="NonNativeSelect focuses search input when a character is entered" name="NonNativeSelect focuses search input when a character is entered" time="0.044">
    </testcase>
    <testcase classname="NonNativeSelect closes menu when an option is selected" name="NonNativeSelect closes menu when an option is selected" time="0.033">
    </testcase>
    <testcase classname="NonNativeSelect closes opened menu after a click on select" name="NonNativeSelect closes opened menu after a click on select" time="0.032">
    </testcase>
    <testcase classname="NonNativeSelect renders noOptionText if there are no matching options" name="NonNativeSelect renders noOptionText if there are no matching options" time="0.052">
    </testcase>
    <testcase classname="NonNativeSelect renders description" name="NonNativeSelect renders description" time="0.046">
    </testcase>
    <testcase classname="NonNativeSelect renders custom options" name="NonNativeSelect renders custom options" time="0.04">
    </testcase>
    <testcase classname="NonNativeSelect keeps value in the hidden input when autofill is not enabled explicitly" name="NonNativeSelect keeps value in the hidden input when autofill is not enabled explicitly" time="0.01">
    </testcase>
    <testcase classname="NonNativeSelect allows browser autofilling by input name" name="NonNativeSelect allows browser autofilling by input name" time="0.006">
    </testcase>
    <testcase classname="NonNativeSelect renders custom selected option" name="NonNativeSelect renders custom selected option" time="0.005">
    </testcase>
    <testcase classname="NonNativeSelect highlights selected option on menu appear" name="NonNativeSelect highlights selected option on menu appear" time="0.031">
    </testcase>
    <testcase classname="NonNativeSelect when filterOptions is provided filters options" name="NonNativeSelect when filterOptions is provided filters options" time="0.048">
    </testcase>
    <testcase classname="NonNativeSelect when value prop is not updated after onChange doesn&apos;t change value" name="NonNativeSelect when value prop is not updated after onChange doesn&apos;t change value" time="0.025">
    </testcase>
    <testcase classname="NonNativeSelect (multiple) fires onChange event with a single option" name="NonNativeSelect (multiple) fires onChange event with a single option" time="0.031">
    </testcase>
    <testcase classname="NonNativeSelect (multiple) fires onChange event with multiple options" name="NonNativeSelect (multiple) fires onChange event with multiple options" time="0.032">
    </testcase>
    <testcase classname="NonNativeSelect (multiple) renders list of selected options" name="NonNativeSelect (multiple) renders list of selected options" time="0.007">
    </testcase>
    <testcase classname="NonNativeSelect (multiple) highlights first option if nothing is selected" name="NonNativeSelect (multiple) highlights first option if nothing is selected" time="0.032">
    </testcase>
    <testcase classname="NonNativeSelect (multiple) highlights selected option when only one option is selected" name="NonNativeSelect (multiple) highlights selected option when only one option is selected" time="0.033">
    </testcase>
    <testcase classname="NonNativeSelect (multiple) highlights first option when multiple options are selected" name="NonNativeSelect (multiple) highlights first option when multiple options are selected" time="0.031">
    </testcase>
    <testcase classname="NonNativeSelect (multiple) does not close when an option is selected" name="NonNativeSelect (multiple) does not close when an option is selected" time="0.048">
    </testcase>
    <testcase classname="NonNativeSelect (multiple) does not transform options text to title case when Picasso titleCase property is true" name="NonNativeSelect (multiple) does not transform options text to title case when Picasso titleCase property is true" time="0.006">
    </testcase>
    <testcase classname="NonNativeSelect (multiple) renders selected option when options set dynamically" name="NonNativeSelect (multiple) renders selected option when options set dynamically" time="0.011">
    </testcase>
    <testcase classname="NonNativeSelect (multiple) renders reduced list of options if there are too many items to display" name="NonNativeSelect (multiple) renders reduced list of options if there are too many items to display" time="0.1">
    </testcase>
  </testsuite>
  <testsuite name="Notification" errors="0" failures="0" skipped="0" timestamp="2023-06-30T15:43:37" time="0.604" tests="6">
    <testcase classname="Notification renders" name="Notification renders" time="0.03">
    </testcase>
    <testcase classname="Notification has role &quot;alert&quot;" name="Notification has role &quot;alert&quot;" time="0.039">
    </testcase>
    <testcase classname="Notification has role &quot;alert&quot;" name="Notification has role &quot;alert&quot;" time="0.018">
    </testcase>
    <testcase classname="Notification has role &quot;alert&quot;" name="Notification has role &quot;alert&quot;" time="0.016">
    </testcase>
    <testcase classname="Notification has role &quot;alert&quot;" name="Notification has role &quot;alert&quot;" time="0.016">
    </testcase>
    <testcase classname="Notification calls onClose" name="Notification calls onClose" time="0.017">
    </testcase>
  </testsuite>
  <testsuite name="overview-block" errors="0" failures="0" skipped="0" timestamp="2023-06-30T15:43:37" time="0.54" tests="7">
    <testcase classname="overview-block should transform text to title case when Picasso titleCase property is true" name="overview-block should transform text to title case when Picasso titleCase property is true" time="0.023">
    </testcase>
    <testcase classname="overview-block should not transform text to title case when Picasso titleCase property is true but the component property overrides it" name="overview-block should not transform text to title case when Picasso titleCase property is true but the component property overrides it" time="0.007">
    </testcase>
    <testcase classname="overview-block when label is a ReactNode renders custom label" name="overview-block when label is a ReactNode renders custom label" time="0.006">
    </testcase>
    <testcase classname="overview-block when OnClick function is defined when `as` prop is defined render the element as `Link`" name="overview-block when OnClick function is defined when `as` prop is defined render the element as `Link`" time="0.006">
    </testcase>
    <testcase classname="overview-block when OnClick function is defined when `as` prop is undefined render the element as `button`" name="overview-block when OnClick function is defined when `as` prop is undefined render the element as `button`" time="0.006">
    </testcase>
    <testcase classname="overview-block when OnClick function is undefined renders the element as `div`" name="overview-block when OnClick function is undefined renders the element as `div`" time="0.01">
    </testcase>
    <testcase classname="overview-block when OnClick function is undefined renders the element as `Link`" name="overview-block when OnClick function is undefined renders the element as `Link`" time="0.004">
    </testcase>
  </testsuite>
  <testsuite name="OverlayBlockGroup" errors="0" failures="0" skipped="0" timestamp="2023-06-30T15:43:38" time="0.492" tests="1">
    <testcase classname="OverlayBlockGroup allows to render a single block" name="OverlayBlockGroup allows to render a single block" time="0.024">
    </testcase>
  </testsuite>
  <testsuite name="NumberInput" errors="0" failures="0" skipped="0" timestamp="2023-06-30T15:43:37" time="0.787" tests="8">
    <testcase classname="NumberInput renders" name="NumberInput renders" time="0.046">
    </testcase>
    <testcase classname="NumberInput increase value" name="NumberInput increase value" time="0.06">
    </testcase>
    <testcase classname="NumberInput decrease value" name="NumberInput decrease value" time="0.03">
    </testcase>
    <testcase classname="NumberInput near max/min limits increase value near max limit" name="NumberInput near max/min limits increase value near max limit" time="0.032">
    </testcase>
    <testcase classname="NumberInput near max/min limits decrease value near min limit" name="NumberInput near max/min limits decrease value near min limit" time="0.032">
    </testcase>
    <testcase classname="NumberInput near max/min limits decrease value when it is closer than step to max" name="NumberInput near max/min limits decrease value when it is closer than step to max" time="0.033">
    </testcase>
    <testcase classname="NumberInput near max/min limits increase value when it is closer to min than step" name="NumberInput near max/min limits increase value when it is closer to min than step" time="0.029">
    </testcase>
    <testcase classname="NumberInput when in a valid state shows valid icon" name="NumberInput when in a valid state shows valid icon" time="0.033">
    </testcase>
  </testsuite>
  <testsuite name="Page" errors="0" failures="0" skipped="0" timestamp="2023-06-30T15:43:38" time="0.492" tests="1">
    <testcase classname="Page renders" name="Page renders" time="0.019">
    </testcase>
  </testsuite>
  <testsuite name="PageAutocomplete" errors="0" failures="0" skipped="0" timestamp="2023-06-30T15:43:38" time="0.546" tests="1">
    <testcase classname="PageAutocomplete renders" name="PageAutocomplete renders" time="0.048">
    </testcase>
  </testsuite>
  <testsuite name="PageSidebar" errors="0" failures="0" skipped="0" timestamp="2023-06-30T15:43:38" time="0.533" tests="3">
    <testcase classname="PageSidebar renders" name="PageSidebar renders" time="0.032">
    </testcase>
    <testcase classname="PageSidebar with menu" name="PageSidebar with menu" time="0.01">
    </testcase>
[...]
    <testcase classname="overlay-badge transforms correctly using &quot;basic&quot; data" name="overlay-badge transforms correctly using &quot;basic&quot; data" time="0.053">
    </testcase>
    <testcase classname="overlay-badge transforms correctly using &quot;size-default&quot; data" name="overlay-badge transforms correctly using &quot;size-default&quot; data" time="0.007">
    </testcase>
  </testsuite>
  <testsuite name="picasso-lab" errors="0" failures="0" skipped="0" timestamp="2023-06-30T15:44:00" time="0.25" tests="1">
    <testcase classname="picasso-lab transforms correctly using &quot;basic&quot; data" name="picasso-lab transforms correctly using &quot;basic&quot; data" time="0.088">
    </testcase>
  </testsuite>
  <testsuite name="rename-rating-stars" errors="0" failures="0" skipped="0" timestamp="2023-06-30T15:44:00" time="0.24" tests="2">
    <testcase classname="rename-rating-stars transforms correctly using &quot;basic&quot; data" name="rename-rating-stars transforms correctly using &quot;basic&quot; data" time="0.084">
    </testcase>
    <testcase classname="rename-rating-stars transforms correctly using &quot;forms&quot; data" name="rename-rating-stars transforms correctly using &quot;forms&quot; data" time="0.004">
    </testcase>
  </testsuite>
  <testsuite name="remove-tooltip-variant" errors="0" failures="0" skipped="0" timestamp="2023-06-30T15:44:00" time="0.256" tests="2">
    <testcase classname="remove-tooltip-variant transforms correctly using &quot;basic&quot; data" name="remove-tooltip-variant transforms correctly using &quot;basic&quot; data" time="0.06">
    </testcase>
    <testcase classname="remove-tooltip-variant transforms correctly using &quot;children-with-variant&quot; data" name="remove-tooltip-variant transforms correctly using &quot;children-with-variant&quot; data" time="0.007">
    </testcase>
  </testsuite>
  <testsuite name="page-sidebar" errors="0" failures="0" skipped="0" timestamp="2023-06-30T15:44:00" time="0.311" tests="3">
    <testcase classname="page-sidebar transforms correctly using &quot;basic&quot; data" name="page-sidebar transforms correctly using &quot;basic&quot; data" time="0.099">
    </testcase>
    <testcase classname="page-sidebar transforms correctly using &quot;with-import&quot; data" name="page-sidebar transforms correctly using &quot;with-import&quot; data" time="0.006">
    </testcase>
    <testcase classname="page-sidebar transforms correctly using &quot;aliased&quot; data" name="page-sidebar transforms correctly using &quot;aliased&quot; data" time="0.006">
    </testcase>
  </testsuite>
  <testsuite name="header-topbar" errors="0" failures="0" skipped="0" timestamp="2023-06-30T15:44:00" time="0.298" tests="1">
    <testcase classname="header-topbar transforms correctly using &quot;basic&quot; data" name="header-topbar transforms correctly using &quot;basic&quot; data" time="0.056">
    </testcase>
  </testsuite>
  <testsuite name="accordion-borders" errors="0" failures="0" skipped="0" timestamp="2023-06-30T15:44:00" time="0.36" tests="1">
    <testcase classname="accordion-borders transforms correctly using &quot;basic&quot; data" name="accordion-borders transforms correctly using &quot;basic&quot; data" time="0.055">
    </testcase>
  </testsuite>
  <testsuite name="button-variants" errors="0" failures="0" skipped="0" timestamp="2023-06-30T15:44:00" time="0.252" tests="1">
    <testcase classname="button-variants transforms correctly using &quot;basic&quot; data" name="button-variants transforms correctly using &quot;basic&quot; data" time="0.072">
    </testcase>
  </testsuite>
  <testsuite name="label-tag" errors="0" failures="0" skipped="0" timestamp="2023-06-30T15:44:00" time="0.237" tests="3">
    <testcase classname="label-tag transforms correctly using &quot;basic&quot; data" name="label-tag transforms correctly using &quot;basic&quot; data" time="0.046">
    </testcase>
    <testcase classname="label-tag transforms correctly using &quot;group&quot; data" name="label-tag transforms correctly using &quot;group&quot; data" time="0.009">
    </testcase>
    <testcase classname="label-tag transforms correctly using &quot;import-as&quot; data" name="label-tag transforms correctly using &quot;import-as&quot; data" time="0.003">
    </testcase>
  </testsuite>
  <testsuite name="replace-error" errors="0" failures="0" skipped="0" timestamp="2023-06-30T15:44:00" time="0.223" tests="3">
    <testcase classname="replace-error transforms correctly using &quot;basic&quot; data" name="replace-error transforms correctly using &quot;basic&quot; data" time="0.052">
    </testcase>
    <testcase classname="replace-error transforms correctly using &quot;import-as&quot; data" name="replace-error transforms correctly using &quot;import-as&quot; data" time="0.019">
    </testcase>
    <testcase classname="replace-error transforms correctly using &quot;as-variable&quot; data" name="replace-error transforms correctly using &quot;as-variable&quot; data" time="0.008">
    </testcase>
  </testsuite>
  <testsuite name="subheader-pagehead" errors="0" failures="0" skipped="0" timestamp="2023-06-30T15:44:00" time="0.261" tests="2">
    <testcase classname="subheader-pagehead transforms correctly using &quot;basic&quot; data" name="subheader-pagehead transforms correctly using &quot;basic&quot; data" time="0.074">
    </testcase>
    <testcase classname="subheader-pagehead transforms correctly using &quot;import-as&quot; data" name="subheader-pagehead transforms correctly using &quot;import-as&quot; data" time="0.004">
    </testcase>
  </testsuite>
  <testsuite name="non-compound-forms" errors="0" failures="0" skipped="0" timestamp="2023-06-30T15:44:00" time="0.293" tests="2">
    <testcase classname="non-compound-forms transforms correctly using &quot;basic&quot; data" name="non-compound-forms transforms correctly using &quot;basic&quot; data" time="0.144">
    </testcase>
    <testcase classname="non-compound-forms transforms correctly using &quot;aliased&quot; data" name="non-compound-forms transforms correctly using &quot;aliased&quot; data" time="0.008">
    </testcase>
  </testsuite>
  <testsuite name="useEscapeKeydownHandler" errors="0" failures="0" skipped="0" timestamp="2023-06-30T15:44:01" time="0.356" tests="1">
    <testcase classname="useEscapeKeydownHandler closes" name="useEscapeKeydownHandler closes" time="0.008">
    </testcase>
  </testsuite>
  <testsuite name="useBlurHandler" errors="0" failures="0" skipped="0" timestamp="2023-06-30T15:44:00" time="0.567" tests="2">
    <testcase classname="useBlurHandler resets search input value and closes" name="useBlurHandler resets search input value and closes" time="0.007">
    </testcase>
    <testcase classname="useBlurHandler resets search input value and keeps open" name="useBlurHandler resets search input value and keeps open" time="0.001">
    </testcase>
  </testsuite>
  <testsuite name="useEnterOrSpaceKeydownHandler" errors="0" failures="0" skipped="0" timestamp="2023-06-30T15:44:01" time="0.297" tests="3">
    <testcase classname="useEnterOrSpaceKeydownHandler opens if can open" name="useEnterOrSpaceKeydownHandler opens if can open" time="0.006">
    </testcase>
    <testcase classname="useEnterOrSpaceKeydownHandler does nothing if open and no option highlighted" name="useEnterOrSpaceKeydownHandler does nothing if open and no option highlighted" time="0.002">
    </testcase>
    <testcase classname="useEnterOrSpaceKeydownHandler closes if open and an option selected" name="useEnterOrSpaceKeydownHandler closes if open and an option selected" time="0.001">
    </testcase>
  </testsuite>
  <testsuite name="useClickHandler" errors="0" failures="0" skipped="0" timestamp="2023-06-30T15:44:00" time="0.84" tests="3">
    <testcase classname="useClickHandler opens and filters options" name="useClickHandler opens and filters options" time="0.008">
    </testcase>
    <testcase classname="useClickHandler closes when open" name="useClickHandler closes when open" time="0.001">
    </testcase>
    <testcase classname="useClickHandler does nothing when can&apos;t be open and not open" name="useClickHandler does nothing when can&apos;t be open and not open" time="0">
    </testcase>
  </testsuite>
  <testsuite name="useArrowsKeydownHandler" errors="0" failures="0" skipped="0" timestamp="2023-06-30T15:44:00" time="1.045" tests="3">
    <testcase classname="useArrowsKeydownHandler handles arrow down and up events" name="useArrowsKeydownHandler handles arrow down and up events" time="0.221">
    </testcase>
    <testcase classname="useArrowsKeydownHandler handles arrow down and up events when disabled" name="useArrowsKeydownHandler handles arrow down and up events when disabled" time="0.002">
    </testcase>
    <testcase classname="useArrowsKeydownHandler opens if not open" name="useArrowsKeydownHandler opens if not open" time="0.001">
    </testcase>
  </testsuite>
  <testsuite name="useItemOnClickHandler" errors="0" failures="0" skipped="0" timestamp="2023-06-30T15:44:01" time="0.209" tests="2">
    <testcase classname="useItemOnClickHandler closes and handles select" name="useItemOnClickHandler closes and handles select" time="0.018">
    </testcase>
    <testcase classname="useItemOnClickHandler does not close and handles multiple select" name="useItemOnClickHandler does not close and handles multiple select" time="0.001">
    </testcase>
  </testsuite>
  <testsuite name="useItemOnMouseEnterHandler" errors="0" failures="0" skipped="0" timestamp="2023-06-30T15:44:01" time="0.231" tests="2">
    <testcase classname="useItemOnMouseEnterHandler does nothing if entering a highlighted item" name="useItemOnMouseEnterHandler does nothing if entering a highlighted item" time="0.005">
    </testcase>
    <testcase classname="useItemOnMouseEnterHandler sets highlighted index" name="useItemOnMouseEnterHandler sets highlighted index" time="0.001">
    </testcase>
  </testsuite>
  <testsuite name="useItemOnMouseDownHandler" errors="0" failures="0" skipped="0" timestamp="2023-06-30T15:44:01" time="0.192" tests="1">
    <testcase classname="useItemOnMouseDownHandler prevents default" name="useItemOnMouseDownHandler prevents default" time="0.006">
    </testcase>
  </testsuite>
  <testsuite name="useResetClickHandler" errors="0" failures="0" skipped="0" timestamp="2023-06-30T15:44:01" time="0.172" tests="1">
    <testcase classname="useResetClickHandler closes and handles select" name="useResetClickHandler closes and handles select" time="0.008">
    </testcase>
  </testsuite>
  <testsuite name="useFocusHandler" errors="0" failures="0" skipped="0" timestamp="2023-06-30T15:44:01" time="0.667" tests="2">
    <testcase classname="useFocusHandler resets search value when closed and focused" name="useFocusHandler resets search value when closed and focused" time="0.008">
    </testcase>
    <testcase classname="useFocusHandler does nothing when open" name="useFocusHandler does nothing when open" time="0.002">
    </testcase>
  </testsuite>
  <testsuite name="useSearchChangeHandler" errors="0" failures="0" skipped="0" timestamp="2023-06-30T15:44:02" time="0.181" tests="1">
    <testcase classname="useSearchChangeHandler handles change" name="useSearchChangeHandler handles change" time="0.008">
    </testcase>
  </testsuite>
  <testsuite name="useSearchBlurHandler" errors="0" failures="0" skipped="0" timestamp="2023-06-30T15:44:02" time="0.604" tests="2">
    <testcase classname="useSearchBlurHandler focuses select if focus changed to popper" name="useSearchBlurHandler focuses select if focus changed to popper" time="0.008">
    </testcase>
    <testcase classname="useSearchBlurHandler closes if focus changed to outside" name="useSearchBlurHandler closes if focus changed to outside" time="0">
    </testcase>
  </testsuite>
  <testsuite name="useSelectHandler" errors="0" failures="0" skipped="0" timestamp="2023-06-30T15:44:02" time="0.547" tests="4">
    <testcase classname="useSelectHandler single mode selects option" name="useSelectHandler single mode selects option" time="0.008">
    </testcase>
    <testcase classname="useSelectHandler single mode resets value" name="useSelectHandler single mode resets value" time="0.001">
    </testcase>
    <testcase classname="useSelectHandler multiple mode selects option" name="useSelectHandler multiple mode selects option" time="0.001">
    </testcase>
    <testcase classname="useSelectHandler multiple mode resets value" name="useSelectHandler multiple mode resets value" time="0.001">
    </testcase>
  </testsuite>
  <testsuite name="useSearchKeydownHandler" errors="0" failures="0" skipped="0" timestamp="2023-06-30T15:44:02" time="0.509" tests="4">
    <testcase classname="useSearchKeydownHandler focuses select on tab" name="useSearchKeydownHandler focuses select on tab" time="0.008">
    </testcase>
    <testcase classname="useSearchKeydownHandler handles arrows" name="useSearchKeydownHandler handles arrows" time="0.001">
    </testcase>
    <testcase classname="useSearchKeydownHandler handles enter" name="useSearchKeydownHandler handles enter" time="0">
    </testcase>
    <testcase classname="useSearchKeydownHandler handles escape" name="useSearchKeydownHandler handles escape" time="0">
    </testcase>
  </testsuite>
  <testsuite name="useSelectKeydownHandle" errors="0" failures="0" skipped="0" timestamp="2023-06-30T15:44:02" time="0.535" tests="36">
    <testcase classname="useSelectKeydownHandle handles by default when native" name="useSelectKeydownHandle handles by default when native" time="0.006">
    </testcase>
    <testcase classname="useSelectKeydownHandle focuses input if pressing `A` key" name="useSelectKeydownHandle focuses input if pressing `A` key" time="0.001">
    </testcase>
    <testcase classname="useSelectKeydownHandle focuses input if pressing `a` key" name="useSelectKeydownHandle focuses input if pressing `a` key" time="0">
    </testcase>
    <testcase classname="useSelectKeydownHandle focuses input if pressing `0` key" name="useSelectKeydownHandle focuses input if pressing `0` key" time="0.001">
    </testcase>
    <testcase classname="useSelectKeydownHandle focuses input if pressing `@` key" name="useSelectKeydownHandle focuses input if pressing `@` key" time="0.001">
    </testcase>
    <testcase classname="useSelectKeydownHandle focuses input if pressing `#` key" name="useSelectKeydownHandle focuses input if pressing `#` key" time="0.001">
    </testcase>
    <testcase classname="useSelectKeydownHandle focuses input if pressing `useSelectKeydownHandle  key" name="useSelectKeydownHandle focuses input if pressing `useSelectKeydownHandle  key" time="0.001">
    </testcase>
    <testcase classname="useSelectKeydownHandle focuses input if pressing `%` key" name="useSelectKeydownHandle focuses input if pressing `%` key" time="0.001">
    </testcase>
    <testcase classname="useSelectKeydownHandle focuses input if pressing `^` key" name="useSelectKeydownHandle focuses input if pressing `^` key" time="0.001">
    </testcase>
    <testcase classname="useSelectKeydownHandle focuses input if pressing `(` key" name="useSelectKeydownHandle focuses input if pressing `(` key" time="0.004">
    </testcase>
    <testcase classname="useSelectKeydownHandle focuses input if pressing `)` key" name="useSelectKeydownHandle focuses input if pressing `)` key" time="0">
    </testcase>
    <testcase classname="useSelectKeydownHandle focuses input if pressing `_` key" name="useSelectKeydownHandle focuses input if pressing `_` key" time="0">
    </testcase>
    <testcase classname="useSelectKeydownHandle focuses input if pressing `+` key" name="useSelectKeydownHandle focuses input if pressing `+` key" time="0.001">
    </testcase>
    <testcase classname="useSelectKeydownHandle focuses input if pressing `-` key" name="useSelectKeydownHandle focuses input if pressing `-` key" time="0.001">
    </testcase>
    <testcase classname="useSelectKeydownHandle focuses input if pressing `=` key" name="useSelectKeydownHandle focuses input if pressing `=` key" time="0.001">
    </testcase>
    <testcase classname="useSelectKeydownHandle focuses input if pressing `.` key" name="useSelectKeydownHandle focuses input if pressing `.` key" time="0.001">
    </testcase>
    <testcase classname="useSelectKeydownHandle focuses input if pressing `,` key" name="useSelectKeydownHandle focuses input if pressing `,` key" time="0">
    </testcase>
    <testcase classname="useSelectKeydownHandle focuses input if pressing `!` key" name="useSelectKeydownHandle focuses input if pressing `!` key" time="0.001">
    </testcase>
    <testcase classname="useSelectKeydownHandle focuses input if pressing `?` key" name="useSelectKeydownHandle focuses input if pressing `?` key" time="0.001">
    </testcase>
    <testcase classname="useSelectKeydownHandle focuses input if pressing `&amp;` key" name="useSelectKeydownHandle focuses input if pressing `&amp;` key" time="0">
    </testcase>
    <testcase classname="useSelectKeydownHandle focuses input if pressing `*` key" name="useSelectKeydownHandle focuses input if pressing `*` key" time="0">
    </testcase>
    <testcase classname="useSelectKeydownHandle focuses input if pressing `|` key" name="useSelectKeydownHandle focuses input if pressing `|` key" time="0.001">
    </testcase>
    <testcase classname="useSelectKeydownHandle focuses input if pressing `Backspace` key" name="useSelectKeydownHandle focuses input if pressing `Backspace` key" time="0.001">
    </testcase>
    <testcase classname="useSelectKeydownHandle does not focus input if pressing `Ctrl` key" name="useSelectKeydownHandle does not focus input if pressing `Ctrl` key" time="0">
    </testcase>
    <testcase classname="useSelectKeydownHandle does not focus input if pressing `Meta` key" name="useSelectKeydownHandle does not focus input if pressing `Meta` key" time="0.001">
    </testcase>
    <testcase classname="useSelectKeydownHandle does not focus input if pressing `Shift` key" name="useSelectKeydownHandle does not focus input if pressing `Shift` key" time="0">
    </testcase>
    <testcase classname="useSelectKeydownHandle does not focus input if pressing `CapsLock` key" name="useSelectKeydownHandle does not focus input if pressing `CapsLock` key" time="0">
    </testcase>
    <testcase classname="useSelectKeydownHandle does not focus input if pressing `Delete` key" name="useSelectKeydownHandle does not focus input if pressing `Delete` key" time="0.005">
    </testcase>
    <testcase classname="useSelectKeydownHandle does not focus input if pressing `PageUp` key" name="useSelectKeydownHandle does not focus input if pressing `PageUp` key" time="0.001">
    </testcase>
    <testcase classname="useSelectKeydownHandle does not focus input if pressing `Home` key" name="useSelectKeydownHandle does not focus input if pressing `Home` key" time="0">
    </testcase>
    <testcase classname="useSelectKeydownHandle does not focus input if pressing `F11` key" name="useSelectKeydownHandle does not focus input if pressing `F11` key" time="0.001">
    </testcase>
    <testcase classname="useSelectKeydownHandle does not focus input if pressing ` ` key" name="useSelectKeydownHandle does not focus input if pressing ` ` key" time="0">
    </testcase>
    <testcase classname="useSelectKeydownHandle focuses input on tab when open and search is shown" name="useSelectKeydownHandle focuses input on tab when open and search is shown" time="0">
    </testcase>
    <testcase classname="useSelectKeydownHandle handles arrows" name="useSelectKeydownHandle handles arrows" time="0.001">
    </testcase>
    <testcase classname="useSelectKeydownHandle handles enter" name="useSelectKeydownHandle handles enter" time="0">
    </testcase>
    <testcase classname="useSelectKeydownHandle handles escape" name="useSelectKeydownHandle handles escape" time="0.001">
    </testcase>
  </testsuite>
</testsuites>