TN:
SF:__tests__/jss-snapshot-serializer.js
FN:11,(anonymous_0)
FN:27,(anonymous_1)
FN:28,(anonymous_2)
FN:33,(anonymous_3)
FN:42,(anonymous_4)
FN:53,(anonymous_5)
FN:54,(anonymous_6)
FN:68,(anonymous_7)
FN:88,(anonymous_8)
FN:95,(anonymous_9)
FNF:10
FNH:0
FNDA:0,(anonymous_0)
FNDA:0,(anonymous_1)
FNDA:0,(anonymous_2)
FNDA:0,(anonymous_3)
FNDA:0,(anonymous_4)
FNDA:0,(anonymous_5)
FNDA:0,(anonymous_6)
FNDA:0,(anonymous_7)
FNDA:0,(anonymous_8)
FNDA:0,(anonymous_9)
DA:3,156
DA:9,156
DA:11,156
DA:12,0
DA:13,0
DA:16,0
DA:18,0
DA:19,0
DA:20,0
DA:24,0
DA:27,156
DA:28,0
DA:29,0
DA:33,156
DA:35,0
DA:36,0
DA:39,0
DA:42,156
DA:44,0
DA:45,0
DA:47,0
DA:50,0
DA:53,156
DA:54,0
DA:55,0
DA:56,0
DA:59,0
DA:61,0
DA:62,0
DA:65,0
DA:70,0
DA:71,0
DA:74,0
DA:75,0
DA:80,0
DA:83,0
DA:87,156
DA:89,0
DA:90,0
DA:92,0
DA:96,0
DA:98,0
DA:99,0
DA:101,0
LF:44
LH:8
BRDA:11,0,0,0
BRDA:12,1,0,0
BRDA:12,1,1,0
BRDA:18,2,0,0
BRDA:18,2,1,0
BRDA:35,3,0,0
BRDA:35,3,1,0
BRDA:44,4,0,0
BRDA:44,4,1,0
BRDA:55,5,0,0
BRDA:55,5,1,0
BRDA:61,6,0,0
BRDA:61,6,1,0
BRDA:70,7,0,0
BRDA:70,7,1,0
BRDA:92,8,0,0
BRDA:92,8,1,0
BRDA:92,8,2,0
BRF:18
BRH:0
end_of_record
TN:
SF:packages/picasso-charts/src/BarChart/BarChart.tsx
FN:38,(anonymous_0)
FN:56,(anonymous_1)
FN:57,(anonymous_2)
FN:62,(anonymous_3)
FN:63,(anonymous_4)
FN:65,(anonymous_5)
FN:82,(anonymous_6)
FN:138,(anonymous_7)
FNF:8
FNH:0
FNDA:0,(anonymous_0)
FNDA:0,(anonymous_1)
FNDA:0,(anonymous_2)
FNDA:0,(anonymous_3)
FNDA:0,(anonymous_4)
FNDA:0,(anonymous_5)
FNDA:0,(anonymous_6)
FNDA:0,(anonymous_7)
DA:29,1
DA:38,1
DA:39,0
DA:56,1
DA:57,0
DA:62,1
DA:63,0
DA:65,1
DA:77,0
DA:79,0
DA:81,0
DA:83,0
DA:98,0
DA:99,0
DA:101,0
DA:139,0
DA:152,1
LF:17
LH:6
BRDA:83,0,0,0
BRDA:83,0,1,0
BRDA:87,1,0,0
BRDA:87,1,1,0
BRF:4
BRH:0
end_of_record
TN:
SF:packages/picasso-charts/src/BarChart/utils/index.ts
FNF:0
FNH:0
LF:0
LH:0
BRF:0
BRH:0
end_of_record
TN:
SF:packages/picasso-charts/src/BarChart/utils/find-top-domain/find-top-domain.ts
FN:3,(anonymous_0)
FN:6,(anonymous_1)
FN:8,(anonymous_2)
FN:12,(anonymous_3)
FNF:4
FNH:0
FNDA:0,(anonymous_0)
FNDA:0,(anonymous_1)
FNDA:0,(anonymous_2)
FNDA:0,(anonymous_3)
DA:3,2
DA:4,0
DA:6,2
DA:7,0
DA:8,0
DA:12,2
DA:13,0
DA:14,0
DA:15,0
DA:16,0
DA:18,0
LF:11
LH:3
BRF:0
BRH:0
end_of_record
TN:
SF:packages/picasso-charts/src/BarChart/utils/find-top-domain/index.ts
FNF:0
FNH:0
LF:0
LH:0
BRF:0
BRH:0
end_of_record
TN:
SF:packages/picasso-charts/src/BarChartLabel/BarChartLabel.tsx
FN:11,(anonymous_0)
FNF:1
FNH:0
FNDA:0,(anonymous_0)
DA:11,1
DA:12,0
DA:13,0
DA:14,0
DA:16,0
DA:30,1
LF:6
LH:2
BRDA:12,0,0,0
BRDA:12,0,1,0
BRDA:13,1,0,0
BRDA:13,1,1,0
BRDA:14,2,0,0
BRDA:14,2,1,0
BRF:6
BRH:0
end_of_record
TN:
SF:packages/picasso-charts/src/BarChartLabel/index.ts
FNF:0
FNH:0
LF:0
LH:0
BRF:0
BRH:0
end_of_record
TN:
SF:packages/picasso-charts/src/LineChart/utils/find-top-domain/find-top-domain.ts
FN:6,(anonymous_0)
FN:9,(anonymous_1)
FNF:2
FNH:0
FNDA:0,(anonymous_0)
FNDA:0,(anonymous_1)
DA:4,1
DA:6,1
DA:7,0
DA:10,0
DA:12,0
LF:5
LH:2
BRDA:12,0,0,0
BRDA:12,0,1,0
BRF:2
BRH:0
end_of_record
TN:
SF:packages/picasso-charts/src/LineChart/utils/find-top-domain/index.ts
FNF:0
FNH:0
LF:0
LH:0
BRF:0
BRH:0
end_of_record
TN:
SF:packages/picasso-charts/src/utils/constants.ts
FNF:0
FNH:0
DA:1,4
DA:22,4
LF:2
LH:2
BRF:0
BRH:0
end_of_record
TN:
SF:packages/picasso-charts/src/utils/calculate-tooltip-position/calculate-tooltip-position.ts
FN:13,(anonymous_0)
FN:43,(anonymous_1)
FNF:2
FNH:0
FNDA:0,(anonymous_0)
FNDA:0,(anonymous_1)
DA:6,1
DA:8,1
DA:13,1
DA:22,0
DA:23,0
DA:25,0
DA:31,0
DA:33,0
DA:34,0
DA:36,0
DA:39,0
DA:42,1
DA:48,0
DA:49,0
DA:51,0
DA:52,0
DA:54,0
DA:56,0
DA:66,0
DA:76,0
DA:78,0
LF:21
LH:4
BRDA:33,0,0,0
BRDA:33,0,1,0
BRDA:36,1,0,0
BRDA:36,1,1,0
BRDA:51,2,0,0
BRDA:51,2,1,0
BRDA:51,3,0,0
BRDA:51,3,1,0
BRF:8
BRH:0
end_of_record
TN:
SF:packages/picasso-charts/src/utils/get-chart-ticks/get-chart-ticks.tsx
FN:3,(anonymous_0)
FN:4,(anonymous_1)
FNF:2
FNH:0
FNDA:0,(anonymous_0)
FNDA:0,(anonymous_1)
DA:3,1
DA:4,0
LF:2
LH:1
BRF:0
BRH:0
end_of_record
TN:
SF:packages/picasso-charts/src/utils/get-chart-ticks/index.ts
FNF:0
FNH:0
LF:0
LH:0
BRF:0
BRH:0
end_of_record
TN:
SF:packages/picasso-charts/src/utils/order-data/index.ts
FNF:0
FNH:0
LF:0
LH:0
BRF:0
BRH:0
end_of_record
TN:
SF:packages/picasso-charts/src/utils/order-data/order-data.tsx
FN:3,(anonymous_0)
FN:4,(anonymous_1)
FNF:2
FNH:0
FNDA:0,(anonymous_0)
FNDA:0,(anonymous_1)
DA:3,1
DA:4,0
LF:2
LH:1
BRF:0
BRH:0
end_of_record
TN:
SF:packages/picasso-charts/src/utils/to-recharts-highlight-format/index.ts
FNF:0
FNH:0
LF:0
LH:0
BRF:0
BRH:0
end_of_record
TN:
SF:packages/picasso-charts/src/utils/to-recharts-highlight-format/to-recharts-highlight-format.tsx
FN:13,(anonymous_0)
FN:18,(anonymous_1)
FNF:2
FNH:0
FNDA:0,(anonymous_0)
FNDA:0,(anonymous_1)
DA:9,1
DA:11,1
DA:13,1
DA:18,0
DA:19,0
DA:20,0
DA:22,0
DA:23,0
DA:25,0
LF:9
LH:3
BRDA:20,0,0,0
BRDA:20,0,1,0
BRDA:23,1,0,0
BRDA:23,1,1,0
BRF:4
BRH:0
end_of_record
TN:
SF:packages/picasso-codemod/src/v5.0.0/prompt-modal-variants/prompt-modal-variants.ts
FN:3,(anonymous_0)
FN:14,(anonymous_1)
FN:21,(anonymous_2)
FN:24,(anonymous_3)
FNF:4
FNH:0
FNDA:0,(anonymous_0)
FNDA:0,(anonymous_1)
FNDA:0,(anonymous_2)
FNDA:0,(anonymous_3)
DA:3,1
DA:4,0
DA:5,0
DA:7,0
DA:8,0
DA:11,0
DA:14,1
DA:15,0
DA:17,0
DA:22,0
DA:23,0
DA:24,0
DA:26,0
DA:27,0
DA:28,0
DA:30,0
DA:31,0
LF:17
LH:2
BRDA:4,0,0,0
BRDA:4,0,1,0
BRDA:4,1,0,0
BRDA:4,1,1,0
BRDA:7,2,0,0
BRDA:7,2,1,0
BRDA:24,3,0,0
BRDA:24,3,1,0
BRDA:30,4,0,0
BRDA:30,4,1,0
BRF:10
BRH:0
end_of_record
TN:
SF:packages/picasso-forms/src/Autocomplete/Autocomplete.tsx
FN:11,(anonymous_0)
FN:13,(anonymous_1)
FNF:2
FNH:0
FNDA:0,(anonymous_0)
FNDA:0,(anonymous_1)
DA:11,3
DA:12,0
DA:14,0
DA:19,3
LF:4
LH:2
BRF:0
BRH:0
end_of_record
TN:
SF:packages/picasso-forms/src/Autocomplete/index.ts
FNF:0
FNH:0
LF:0
LH:0
BRF:0
BRH:0
end_of_record
TN:
SF:packages/picasso-forms/src/Checkbox/Checkbox.tsx
FN:22,(anonymous_0)
FN:38,(anonymous_1)
FN:59,(anonymous_2)
FNF:3
FNH:0
FNDA:0,(anonymous_0)
FNDA:0,(anonymous_1)
FNDA:0,(anonymous_2)
DA:22,3
DA:30,0
DA:31,0
DA:32,0
DA:34,0
DA:35,0
DA:42,0
DA:48,0
DA:49,0
DA:51,0
DA:60,0
DA:66,3
LF:12
LH:2
BRDA:34,0,0,0
BRDA:34,0,1,0
BRDA:37,1,0,0
BRDA:37,1,1,0
BRDA:48,2,0,0
BRDA:48,2,1,0
BRDA:49,3,0,0
BRDA:49,3,1,0
BRF:8
BRH:0
end_of_record
TN:
SF:packages/picasso-forms/src/Checkbox/index.ts
FNF:0
FNH:0
LF:0
LH:0
BRF:0
BRH:0
end_of_record
TN:
SF:packages/picasso-forms/src/CheckboxGroup/CheckboxGroup.tsx
FN:14,(anonymous_0)
FN:20,(anonymous_1)
FNF:2
FNH:0
FNDA:0,(anonymous_0)
FNDA:0,(anonymous_1)
DA:14,3
DA:15,0
DA:17,0
DA:21,0
DA:28,3
LF:5
LH:2
BRF:0
BRH:0
end_of_record
TN:
SF:packages/picasso-forms/src/CheckboxGroup/CheckboxGroupContext.ts
FNF:0
FNH:0
LF:0
LH:0
BRF:0
BRH:0
end_of_record
TN:
SF:packages/picasso-forms/src/CheckboxGroup/index.ts
FNF:0
FNH:0
LF:0
LH:0
BRF:0
BRH:0
end_of_record
TN:
SF:packages/picasso-forms/src/DatePicker/DatePicker.tsx
FN:14,(anonymous_0)
FN:16,(anonymous_1)
FNF:2
FNH:0
FNDA:0,(anonymous_0)
FNDA:0,(anonymous_1)
DA:14,3
DA:15,0
DA:17,0
DA:22,3
DA:24,3
LF:5
LH:3
BRF:0
BRH:0
end_of_record
TN:
SF:packages/picasso-forms/src/DatePicker/index.ts
FNF:0
FNH:0
LF:0
LH:0
BRF:0
BRH:0
end_of_record
TN:
SF:packages/picasso-forms/src/FieldWrapper/FieldWrapper.tsx
FN:53,(anonymous_0)
FN:80,(anonymous_1)
FN:92,(anonymous_2)
FN:112,(anonymous_3)
FN:135,(anonymous_4)
FN:181,(anonymous_5)
FN:182,(anonymous_6)
FN:207,(anonymous_7)
FN:211,(anonymous_8)
FN:212,(anonymous_9)
FN:224,(anonymous_10)
FN:231,(anonymous_11)
FNF:12
FNH:0
FNDA:0,(anonymous_0)
FNDA:0,(anonymous_1)
FNDA:0,(anonymous_2)
FNDA:0,(anonymous_3)
FNDA:0,(anonymous_4)
FNDA:0,(anonymous_5)
FNDA:0,(anonymous_6)
FNDA:0,(anonymous_7)
FNDA:0,(anonymous_8)
FNDA:0,(anonymous_9)
FNDA:0,(anonymous_10)
FNDA:0,(anonymous_11)
DA:16,3
DA:53,3
DA:57,0
DA:58,0
DA:61,0
DA:62,0
DA:65,0
DA:66,0
DA:69,0
DA:70,0
DA:73,0
DA:74,0
DA:77,0
DA:80,3
DA:81,0
DA:82,0
DA:85,0
DA:86,0
DA:89,0
DA:92,3
DA:101,0
DA:102,0
DA:107,0
DA:112,3
DA:117,0
DA:118,0
DA:121,0
DA:123,0
DA:124,0
DA:128,0
DA:130,0
DA:131,0
DA:135,3
DA:171,0
DA:173,0
DA:174,0
DA:175,0
DA:177,0
DA:178,0
DA:181,0
DA:182,0
DA:183,0
DA:184,0
DA:189,0
DA:207,0
DA:208,0
DA:211,0
DA:212,0
DA:213,0
DA:217,0
DA:219,0
DA:225,0
DA:227,0
DA:228,0
DA:232,0
DA:234,0
DA:235,0
DA:240,0
DA:241,0
DA:244,0
DA:247,0
DA:253,0
DA:269,3
DA:271,3
LF:64
LH:8
BRDA:57,0,0,0
BRDA:57,0,1,0
BRDA:57,1,0,0
BRDA:57,1,1,0
BRDA:61,2,0,0
BRDA:61,2,1,0
BRDA:61,3,0,0
BRDA:61,3,1,0
BRDA:65,4,0,0
BRDA:65,4,1,0
BRDA:69,5,0,0
BRDA:69,5,1,0
BRDA:73,6,0,0
BRDA:73,6,1,0
BRDA:81,7,0,0
BRDA:81,7,1,0
BRDA:81,8,0,0
BRDA:81,8,1,0
BRDA:85,9,0,0
BRDA:85,9,1,0
BRDA:85,10,0,0
BRDA:85,10,1,0
BRDA:101,11,0,0
BRDA:101,11,1,0
BRDA:117,12,0,0
BRDA:117,12,1,0
BRDA:121,13,0,0
BRDA:121,13,1,0
BRDA:123,14,0,0
BRDA:123,14,1,0
BRDA:128,15,0,0
BRDA:128,15,1,0
BRDA:128,15,2,0
BRDA:130,16,0,0
BRDA:130,16,1,0
BRDA:163,17,0,0
BRDA:177,18,0,0
BRDA:177,18,1,0
BRDA:183,19,0,0
BRDA:183,19,1,0
BRDA:190,20,0,0
BRDA:190,20,1,0
BRDA:227,21,0,0
BRDA:227,21,1,0
BRDA:234,22,0,0
BRDA:234,22,1,0
BRDA:240,23,0,0
BRDA:240,23,1,0
BRDA:241,24,0,0
BRDA:241,24,1,0
BRDA:255,25,0,0
BRDA:255,25,1,0
BRDA:255,25,2,0
BRF:53
BRH:0
end_of_record
TN:
SF:packages/picasso-forms/src/FieldWrapper/index.ts
FNF:0
FNH:0
LF:0
LH:0
BRF:0
BRH:0
end_of_record
TN:
SF:packages/picasso-forms/src/FileInput/FileInput.tsx
FN:8,(anonymous_0)
FN:9,(anonymous_1)
FN:25,(anonymous_2)
FN:28,(anonymous_3)
FNF:4
FNH:0
FNDA:0,(anonymous_0)
FNDA:0,(anonymous_1)
FNDA:0,(anonymous_2)
FNDA:0,(anonymous_3)
DA:8,3
DA:9,0
DA:13,0
DA:14,0
DA:17,0
DA:20,0
DA:23,0
DA:26,0
DA:29,0
DA:37,3
DA:39,3
LF:11
LH:3
BRDA:13,0,0,0
BRDA:13,0,1,0
BRDA:13,1,0,0
BRDA:13,1,1,0
BRDA:13,1,2,0
BRF:5
BRH:0
end_of_record
TN:
SF:packages/picasso-forms/src/FileInput/index.ts
FNF:0
FNH:0
LF:0
LH:0
BRF:0
BRH:0
end_of_record
TN:
SF:packages/picasso-forms/src/Form/Form.tsx
FN:43,(anonymous_0)
FN:50,(anonymous_1)
FN:68,(anonymous_2)
FN:80,(anonymous_3)
FN:86,(anonymous_4)
FN:94,(anonymous_5)
FN:109,(anonymous_6)
FN:142,(anonymous_7)
FNF:8
FNH:0
FNDA:0,(anonymous_0)
FNDA:0,(anonymous_1)
FNDA:0,(anonymous_2)
FNDA:0,(anonymous_3)
FNDA:0,(anonymous_4)
FNDA:0,(anonymous_5)
FNDA:0,(anonymous_6)
FNDA:0,(anonymous_7)
DA:43,3
DA:50,0
DA:51,0
DA:52,0
DA:54,0
DA:55,0
DA:58,0
DA:60,0
DA:61,0
DA:65,0
DA:68,3
DA:77,0
DA:78,0
DA:79,0
DA:80,0
DA:84,0
DA:86,0
DA:87,0
DA:88,0
DA:91,0
DA:94,0
DA:95,0
DA:96,0
DA:98,0
DA:101,0
DA:102,0
DA:105,0
DA:108,0
DA:110,0
DA:116,0
DA:117,0
DA:120,0
DA:122,0
DA:123,0
DA:125,0
DA:128,0
DA:139,0
DA:143,0
DA:157,3
DA:159,3
DA:161,3
DA:162,3
DA:163,3
DA:164,3
DA:165,3
DA:166,3
DA:167,3
DA:168,3
DA:169,3
DA:170,3
DA:171,3
DA:172,3
DA:173,3
DA:174,3
DA:175,3
DA:176,3
LF:56
LH:20
BRDA:54,0,0,0
BRDA:54,0,1,0
BRDA:60,1,0,0
BRDA:60,1,1,0
BRDA:61,2,0,0
BRDA:61,2,1,0
BRDA:75,3,0,0
BRDA:87,4,0,0
BRDA:87,4,1,0
BRDA:95,5,0,0
BRDA:95,5,1,0
BRDA:101,6,0,0
BRDA:101,6,1,0
BRDA:116,7,0,0
BRDA:116,7,1,0
BRDA:122,8,0,0
BRDA:122,8,1,0
BRF:17
BRH:0
end_of_record
TN:
SF:packages/picasso-forms/src/Form/FormContext.ts
FN:12,(anonymous_0)
FN:16,(anonymous_1)
FN:17,(anonymous_2)
FN:20,(anonymous_3)
FN:30,(anonymous_4)
FNF:5
FNH:0
FNDA:0,(anonymous_0)
FNDA:0,(anonymous_1)
FNDA:0,(anonymous_2)
FNDA:0,(anonymous_3)
FNDA:0,(anonymous_4)
DA:12,3
DA:13,0
DA:15,0
DA:16,0
DA:18,0
DA:21,0
DA:26,3
DA:30,3
DA:31,0
DA:33,0
DA:34,0
DA:37,0
LF:12
LH:3
BRDA:33,0,0,0
BRDA:33,0,1,0
BRF:2
BRH:0
end_of_record
TN:
SF:packages/picasso-forms/src/Form/index.ts
FNF:0
FNH:0
LF:0
LH:0
BRF:0
BRH:0
end_of_record
TN:
SF:packages/picasso-forms/src/FormConfig/FormConfig.ts
FN:12,(anonymous_0)
FNF:1
FNH:0
FNDA:0,(anonymous_0)
DA:10,3
DA:12,3
LF:2
LH:2
BRF:0
BRH:0
end_of_record
TN:
SF:packages/picasso-forms/src/FormConfig/index.ts
FNF:0
FNH:0
LF:0
LH:0
BRF:0
BRH:0
end_of_record
TN:
SF:packages/picasso-forms/src/Input/Input.tsx
FN:12,(anonymous_0)
FN:14,(anonymous_1)
FNF:2
FNH:0
FNDA:0,(anonymous_0)
FNDA:0,(anonymous_1)
DA:12,3
DA:13,0
DA:15,0
DA:20,3
DA:22,3
LF:5
LH:3
BRF:0
BRH:0
end_of_record
TN:
SF:packages/picasso-forms/src/Input/index.ts
FNF:0
FNH:0
LF:0
LH:0
BRF:0
BRH:0
end_of_record
TN:
SF:packages/picasso-forms/src/NumberInput/NumberInput.tsx
FN:11,(anonymous_0)
FN:13,(anonymous_1)
FNF:2
FNH:0
FNDA:0,(anonymous_0)
FNDA:0,(anonymous_1)
DA:11,3
DA:12,0
DA:14,0
DA:19,3
DA:21,3
LF:5
LH:3
BRF:0
BRH:0
end_of_record
TN:
SF:packages/picasso-forms/src/NumberInput/index.ts
FNF:0
FNH:0
LF:0
LH:0
BRF:0
BRH:0
end_of_record
TN:
SF:packages/picasso-forms/src/Radio/Radio.tsx
FN:13,(anonymous_0)
FN:19,(anonymous_1)
FNF:2
FNH:0
FNDA:0,(anonymous_0)
FNDA:0,(anonymous_1)
DA:13,3
DA:14,0
DA:16,0
DA:19,0
LF:4
LH:1
BRDA:18,0,0,0
BRDA:18,0,1,0
BRF:2
BRH:0
end_of_record
TN:
SF:packages/picasso-forms/src/Radio/index.ts
FNF:0
FNH:0
LF:0
LH:0
BRF:0
BRH:0
end_of_record
TN:
SF:packages/picasso-forms/src/RadioGroup/RadioGroup.tsx
FN:13,(anonymous_0)
FN:20,(anonymous_1)
FNF:2
FNH:0
FNDA:0,(anonymous_0)
FNDA:0,(anonymous_1)
DA:13,3
DA:14,0
DA:16,0
DA:22,0
DA:24,0
DA:35,3
DA:37,3
LF:7
LH:3
BRF:0
BRH:0
end_of_record
TN:
SF:packages/picasso-forms/src/RadioGroup/RadioGroupContext.ts
FNF:0
FNH:0
LF:0
LH:0
BRF:0
BRH:0
end_of_record
TN:
SF:packages/picasso-forms/src/RadioGroup/index.ts
FNF:0
FNH:0
LF:0
LH:0
BRF:0
BRH:0
end_of_record
TN:
SF:packages/picasso-forms/src/Rating/Rating.tsx
FN:8,(anonymous_0)
FN:11,(anonymous_1)
FNF:2
FNH:0
FNDA:0,(anonymous_0)
FNDA:0,(anonymous_1)
DA:8,3
DA:10,0
DA:13,0
DA:18,3
DA:20,3
LF:5
LH:3
BRF:0
BRH:0
end_of_record
TN:
SF:packages/picasso-forms/src/Rating/index.ts
FNF:0
FNH:0
LF:0
LH:0
BRF:0
BRH:0
end_of_record
TN:
SF:packages/picasso-forms/src/Select/Select.tsx
FN:16,(anonymous_0)
FN:29,(anonymous_1)
FNF:2
FNH:0
FNDA:0,(anonymous_0)
FNDA:0,(anonymous_1)
DA:16,3
DA:21,0
DA:23,0
DA:30,0
DA:43,3
DA:45,3
LF:6
LH:3
BRDA:18,0,0,0
BRDA:21,1,0,0
BRDA:21,1,1,0
BRDA:35,2,0,0
BRDA:35,2,1,0
BRDA:35,3,0,0
BRDA:35,3,1,0
BRF:7
BRH:0
end_of_record
TN:
SF:packages/picasso-forms/src/Select/index.ts
FNF:0
FNH:0
LF:0
LH:0
BRF:0
BRH:0
end_of_record
TN:
SF:packages/picasso-forms/src/SubmitButton/SubmitButton.tsx
FN:27,(anonymous_0)
FNF:1
FNH:0
FNDA:0,(anonymous_0)
DA:27,3
DA:33,0
DA:35,0
DA:40,0
DA:42,0
DA:44,0
DA:51,0
DA:53,0
DA:62,3
DA:66,3
LF:10
LH:3
BRDA:42,0,0,0
BRDA:42,0,1,0
BRDA:42,0,2,0
BRF:3
BRH:0
end_of_record
TN:
SF:packages/picasso-forms/src/SubmitButton/index.ts
FNF:0
FNH:0
LF:0
LH:0
BRF:0
BRH:0
end_of_record
TN:
SF:packages/picasso-forms/src/Switch/Switch.tsx
FN:11,(anonymous_0)
FN:13,(anonymous_1)
FNF:2
FNH:0
FNDA:0,(anonymous_0)
FNDA:0,(anonymous_1)
DA:11,3
DA:12,0
DA:14,0
DA:19,3
DA:21,3
LF:5
LH:3
BRF:0
BRH:0
end_of_record
TN:
SF:packages/picasso-forms/src/Switch/index.ts
FNF:0
FNH:0
LF:0
LH:0
BRF:0
BRH:0
end_of_record
TN:
SF:packages/picasso-forms/src/TagSelector/TagSelector.tsx
FN:11,(anonymous_0)
FN:13,(anonymous_1)
FNF:2
FNH:0
FNDA:0,(anonymous_0)
FNDA:0,(anonymous_1)
DA:11,3
DA:12,0
DA:14,0
DA:19,3
DA:23,3
LF:5
LH:3
BRF:0
BRH:0
end_of_record
TN:
SF:packages/picasso-forms/src/TagSelector/index.ts
FNF:0
FNH:0
LF:0
LH:0
BRF:0
BRH:0
end_of_record
TN:
SF:packages/picasso-forms/src/TimePicker/TimePicker.tsx
FN:14,(anonymous_0)
FN:16,(anonymous_1)
FNF:2
FNH:0
FNDA:0,(anonymous_0)
FNDA:0,(anonymous_1)
DA:14,3
DA:15,0
DA:17,0
DA:22,3
LF:4
LH:2
BRF:0
BRH:0
end_of_record
TN:
SF:packages/picasso-forms/src/TimePicker/index.ts
FNF:0
FNH:0
LF:0
LH:0
BRF:0
BRH:0
end_of_record
TN:
SF:packages/picasso-forms/src/utils/flat-map.ts
FN:1,(anonymous_0)
FN:2,(anonymous_1)
FNF:2
FNH:0
FNDA:0,(anonymous_0)
FNDA:0,(anonymous_1)
DA:1,3
DA:2,0
LF:2
LH:1
BRF:0
BRH:0
end_of_record
TN:
SF:packages/picasso-forms/src/utils/index.ts
FNF:0
FNH:0
LF:0
LH:0
BRF:0
BRH:0
end_of_record
TN:
SF:packages/picasso-forms/src/utils/scroll-to-error-decorator.ts
FN:5,(anonymous_0)
FN:8,(anonymous_1)
FN:9,(anonymous_2)
FN:10,(anonymous_3)
FN:19,(anonymous_4)
FN:29,(anonymous_5)
FN:36,(anonymous_6)
FN:36,(anonymous_7)
FN:41,(anonymous_8)
FN:47,(anonymous_9)
FN:60,(anonymous_10)
FN:64,(anonymous_11)
FN:72,(anonymous_12)
FNF:13
FNH:0
FNDA:0,(anonymous_0)
FNDA:0,(anonymous_1)
FNDA:0,(anonymous_2)
FNDA:0,(anonymous_3)
FNDA:0,(anonymous_4)
FNDA:0,(anonymous_5)
FNDA:0,(anonymous_6)
FNDA:0,(anonymous_7)
FNDA:0,(anonymous_8)
FNDA:0,(anonymous_9)
FNDA:0,(anonymous_10)
FNDA:0,(anonymous_11)
FNDA:0,(anonymous_12)
DA:3,3
DA:5,3
DA:6,0
DA:8,3
DA:9,0
DA:10,0
DA:12,0
DA:13,0
DA:15,0
DA:19,3
DA:20,0
DA:21,0
DA:23,0
DA:24,0
DA:29,3
DA:30,0
DA:31,0
DA:36,0
DA:37,0
DA:38,0
DA:40,0
DA:42,0
DA:47,0
DA:48,0
DA:50,0
DA:51,0
DA:53,0
DA:54,0
DA:60,0
DA:61,0
DA:63,0
DA:64,0
DA:66,0
DA:69,0
DA:72,0
DA:73,0
DA:74,0
LF:37
LH:5
BRDA:12,0,0,0
BRDA:12,0,1,0
BRDA:23,1,0,0
BRDA:23,1,1,0
BRDA:48,2,0,0
BRDA:48,3,0,0
BRDA:50,4,0,0
BRDA:50,4,1,0
BRDA:50,5,0,0
BRDA:50,5,1,0
BRDA:53,6,0,0
BRDA:53,6,1,0
BRDA:63,7,0,0
BRDA:63,7,1,0
BRDA:63,8,0,0
BRDA:63,8,1,0
BRF:16
BRH:0
end_of_record
TN:
SF:packages/picasso-forms/src/utils/validators.ts
FN:1,(anonymous_0)
FN:1,(anonymous_1)
FN:3,(anonymous_2)
FN:7,(anonymous_3)
FNF:4
FNH:0
FNDA:0,(anonymous_0)
FNDA:0,(anonymous_1)
FNDA:0,(anonymous_2)
FNDA:0,(anonymous_3)
DA:1,3
DA:2,0
DA:3,0
DA:7,3
DA:8,0
LF:5
LH:2
BRDA:3,0,0,0
BRDA:3,0,1,0
BRDA:8,1,0,0
BRDA:8,1,1,0
BRDA:8,2,0,0
BRDA:8,2,1,0
BRDA:8,2,2,0
BRDA:8,2,3,0
BRDA:8,2,4,0
BRDA:8,2,5,0
BRF:10
BRH:0
end_of_record
TN:
SF:packages/picasso-lab/src/index.ts
FNF:0
FNH:0
LF:0
LH:0
BRF:0
BRH:0
end_of_record
TN:
SF:packages/picasso-lab/src/Alert/Alert.tsx
FN:16,(anonymous_0)
FN:27,Alert
FNF:2
FNH:0
FNDA:0,(anonymous_0)
FNDA:0,Alert
DA:16,4
DA:17,0
DA:27,4
DA:31,0
DA:33,0
DA:52,4
DA:56,4
DA:58,4
LF:8
LH:5
BRDA:47,0,0,0
BRDA:47,0,1,0
BRF:2
BRH:0
end_of_record
TN:
SF:packages/picasso-lab/src/Alert/index.ts
FNF:0
FNH:0
LF:0
LH:0
BRF:0
BRH:0
end_of_record
TN:
SF:packages/picasso-lab/src/AlertInline/AlertInline.tsx
FN:29,(anonymous_0)
FN:49,Alert
FNF:2
FNH:0
FNDA:0,(anonymous_0)
FNDA:0,Alert
DA:29,5
DA:30,0
DA:32,0
DA:35,0
DA:38,0
DA:41,0
DA:45,5
DA:49,5
DA:53,0
DA:54,0
DA:56,0
DA:78,5
DA:83,5
LF:13
LH:5
BRDA:30,0,0,0
BRDA:30,0,1,0
BRDA:30,0,2,0
BRDA:30,0,3,0
BRF:4
BRH:0
end_of_record
TN:
SF:packages/picasso-lab/src/AlertInline/index.ts
FNF:0
FNH:0
LF:0
LH:0
BRF:0
BRH:0
end_of_record
TN:
SF:packages/picasso-lab/src/AlertInline/styles.ts
FN:3,(anonymous_0)
FNF:1
FNH:0
FNDA:0,(anonymous_0)
DA:4,0
LF:1
LH:0
BRF:0
BRH:0
end_of_record
TN:
SF:packages/picasso-lab/src/Badge/Badge.tsx
FN:30,Badge
FNF:1
FNH:0
FNDA:0,Badge
DA:27,4
DA:30,4
DA:34,0
DA:35,0
DA:37,0
DA:39,0
DA:52,4
DA:57,4
LF:8
LH:4
BRDA:43,0,0,0
BRDA:43,0,1,0
BRF:2
BRH:0
end_of_record
TN:
SF:packages/picasso-lab/src/Badge/index.ts
FNF:0
FNH:0
LF:0
LH:0
BRF:0
BRH:0
end_of_record
TN:
SF:packages/picasso-lab/src/Badge/styles.ts
FN:3,(anonymous_0)
FNF:1
FNH:0
FNDA:0,(anonymous_0)
DA:4,0
LF:1
LH:0
BRF:0
BRH:0
end_of_record
TN:
SF:packages/picasso-lab/src/Breadcrumbs/Breadcrumbs.tsx
FN:18,Breadcrumbs
FNF:1
FNH:0
FNDA:0,Breadcrumbs
DA:18,3
DA:22,0
DA:25,3
DA:27,3
LF:4
LH:3
BRF:0
BRH:0
end_of_record
TN:
SF:packages/picasso-lab/src/Breadcrumbs/index.ts
FNF:0
FNH:0
LF:0
LH:0
BRF:0
BRH:0
end_of_record
TN:
SF:packages/picasso-lab/src/Breadcrumbs/styles.ts
FN:4,(anonymous_0)
FN:17,(anonymous_1)
FNF:2
FNH:1
FNDA:3,(anonymous_0)
FNDA:0,(anonymous_1)
DA:4,3
DA:18,0
LF:2
LH:1
BRF:0
BRH:0
end_of_record
TN:
SF:packages/picasso-lab/src/BreadcrumbsItem/BreadcrumbsItem.tsx
FN:34,(anonymous_0)
FN:41,BreadcrumbsItem
FNF:2
FNH:0
FNDA:0,(anonymous_0)
FNDA:0,BreadcrumbsItem
DA:30,4
DA:34,4
DA:35,0
DA:38,4
DA:49,0
DA:50,0
DA:51,0
DA:53,0
DA:55,0
DA:62,4
DA:66,4
LF:11
LH:5
BRDA:50,0,0,0
BRDA:50,0,1,0
BRDA:50,1,0,0
BRDA:50,1,1,0
BRDA:57,2,0,0
BRDA:57,2,1,0
BRF:6
BRH:0
end_of_record
TN:
SF:packages/picasso-lab/src/BreadcrumbsItem/index.ts
FNF:0
FNH:0
LF:0
LH:0
BRF:0
BRH:0
end_of_record
TN:
SF:packages/picasso-lab/src/BreadcrumbsItem/styles.ts
FN:3,(anonymous_0)
FNF:1
FNH:0
FNDA:0,(anonymous_0)
DA:4,0
LF:1
LH:0
BRF:0
BRH:0
end_of_record
TN:
SF:packages/picasso-lab/src/ButtonLoader/ButtonLoader.tsx
FN:25,(anonymous_0)
FNF:1
FNH:0
FNDA:0,(anonymous_0)
DA:10,4
DA:13,4
DA:19,4
DA:25,4
DA:31,0
DA:32,0
DA:33,0
DA:35,0
DA:56,4
LF:9
LH:5
BRDA:28,0,0,0
BRDA:29,1,0,0
BRDA:31,2,0,0
BRDA:31,2,1,0
BRDA:33,3,0,0
BRDA:33,3,1,0
BRF:6
BRH:0
end_of_record
TN:
SF:packages/picasso-lab/src/ButtonLoader/index.ts
FNF:0
FNH:0
LF:0
LH:0
BRF:0
BRH:0
end_of_record
TN:
SF:packages/picasso-lab/src/Calendar/Calendar.tsx
FN:30,(anonymous_0)
FN:59,(anonymous_1)
FN:67,Calendar
FN:85,(anonymous_3)
FN:100,(anonymous_4)
FN:103,(anonymous_5)
FN:155,(anonymous_6)
FN:165,(anonymous_7)
FN:176,(anonymous_8)
FN:183,(anonymous_9)
FN:186,(anonymous_10)
FN:193,(anonymous_11)
FN:201,(anonymous_12)
FNF:13
FNH:0
FNDA:0,(anonymous_0)
FNDA:0,(anonymous_1)
FNDA:0,Calendar
FNDA:0,(anonymous_3)
FNDA:0,(anonymous_4)
FNDA:0,(anonymous_5)
FNDA:0,(anonymous_6)
FNDA:0,(anonymous_7)
FNDA:0,(anonymous_8)
FNDA:0,(anonymous_9)
FNDA:0,(anonymous_10)
FNDA:0,(anonymous_11)
FNDA:0,(anonymous_12)
DA:30,5
DA:31,0
DA:32,0
DA:35,0
DA:36,0
DA:39,0
DA:41,0
DA:59,5
DA:62,0
DA:65,5
DA:67,5
DA:71,0
DA:83,0
DA:85,0
DA:86,0
DA:87,0
DA:89,0
DA:91,0
DA:95,0
DA:101,0
DA:119,0
DA:122,0
DA:148,0
DA:159,0
DA:165,0
DA:176,0
DA:184,0
DA:187,0
DA:194,0
DA:201,0
DA:208,5
DA:212,5
LF:32
LH:6
BRDA:31,0,0,0
BRDA:31,0,1,0
BRDA:35,1,0,0
BRDA:35,1,1,0
BRDA:62,2,0,0
BRDA:62,2,1,0
BRDA:62,3,0,0
BRDA:62,3,1,0
BRDA:86,4,0,0
BRDA:86,4,1,0
BRDA:124,5,0,0
BRDA:124,5,1,0
BRDA:128,6,0,0
BRDA:128,6,1,0
BRDA:128,7,0,0
BRDA:128,7,1,0
BRDA:134,8,0,0
BRDA:134,8,1,0
BRDA:134,8,2,0
BRDA:134,8,3,0
BRDA:135,9,0,0
BRDA:135,9,1,0
BRDA:148,10,0,0
BRDA:148,10,1,0
BRDA:196,11,0,0
BRDA:196,11,1,0
BRDA:197,12,0,0
BRDA:197,12,1,0
BRF:28
BRH:0
end_of_record
TN:
SF:packages/picasso-lab/src/Calendar/index.ts
FNF:0
FNH:0
LF:0
LH:0
BRF:0
BRH:0
end_of_record
TN:
SF:packages/picasso-lab/src/Calendar/styles.ts
FN:4,(anonymous_0)
FNF:1
FNH:0
FNDA:0,(anonymous_0)
DA:5,0
LF:1
LH:0
BRF:0
BRH:0
end_of_record
TN:
SF:packages/picasso-lab/src/Calendar/types.ts
FNF:0
FNH:0
LF:0
LH:0
BRF:0
BRH:0
end_of_record
TN:
SF:packages/picasso-lab/src/DatePicker/DatePicker.tsx
FN:89,(anonymous_0)
FN:122,(anonymous_1)
FN:123,(anonymous_2)
FN:132,(anonymous_3)
FN:144,(anonymous_4)
FN:145,(anonymous_5)
FN:155,(anonymous_6)
FN:156,(anonymous_7)
FN:165,(anonymous_8)
FN:172,(anonymous_9)
FN:187,(anonymous_10)
FN:216,(anonymous_11)
FN:222,(anonymous_12)
FN:224,(anonymous_13)
FN:238,(anonymous_14)
FN:277,(anonymous_15)
FN:341,(anonymous_16)
FNF:17
FNH:0
FNDA:0,(anonymous_0)
FNDA:0,(anonymous_1)
FNDA:0,(anonymous_2)
FNDA:0,(anonymous_3)
FNDA:0,(anonymous_4)
FNDA:0,(anonymous_5)
FNDA:0,(anonymous_6)
FNDA:0,(anonymous_7)
FNDA:0,(anonymous_8)
FNDA:0,(anonymous_9)
FNDA:0,(anonymous_10)
FNDA:0,(anonymous_11)
FNDA:0,(anonymous_12)
FNDA:0,(anonymous_13)
FNDA:0,(anonymous_14)
FNDA:0,(anonymous_15)
FNDA:0,(anonymous_16)
DA:81,4
DA:82,4
DA:83,4
DA:85,4
DA:89,4
DA:109,0
DA:110,0
DA:112,0
DA:114,0
DA:115,0
DA:116,0
DA:120,0
DA:122,0
DA:123,0
DA:125,0
DA:126,0
DA:127,0
DA:128,0
DA:131,0
DA:133,0
DA:144,0
DA:145,0
DA:146,0
DA:147,0
DA:150,0
DA:155,0
DA:156,0
DA:157,0
DA:158,0
DA:161,0
DA:165,0
DA:166,0
DA:172,0
DA:173,0
DA:177,0
DA:178,0
DA:181,0
DA:182,0
DA:184,0
DA:187,0
DA:193,0
DA:194,0
DA:197,0
DA:200,0
DA:202,0
DA:203,0
DA:204,0
DA:205,0
DA:206,0
DA:208,0
DA:209,0
DA:212,0
DA:216,0
DA:217,0
DA:218,0
DA:222,0
DA:223,0
DA:225,0
DA:229,0
DA:230,0
DA:232,0
DA:233,0
DA:234,0
DA:238,0
DA:239,0
DA:241,0
DA:242,0
DA:243,0
DA:245,0
DA:248,0
DA:249,0
DA:250,0
DA:252,0
DA:255,0
DA:258,0
DA:259,0
DA:260,0
DA:262,0
DA:263,0
DA:266,0
DA:270,0
DA:271,0
DA:277,0
DA:278,0
DA:279,0
DA:283,0
DA:291,0
DA:338,4
DA:347,4
LF:89
LH:7
BRDA:133,0,0,0
BRDA:133,0,1,0
BRDA:137,1,0,0
BRDA:137,1,1,0
BRDA:146,2,0,0
BRDA:146,2,1,0
BRDA:157,3,0,0
BRDA:157,3,1,0
BRDA:167,4,0,0
BRDA:167,4,1,0
BRDA:174,5,0,0
BRDA:174,5,1,0
BRDA:177,6,0,0
BRDA:177,6,1,0
BRDA:193,7,0,0
BRDA:193,7,1,0
BRDA:202,8,0,0
BRDA:202,8,1,0
BRDA:204,9,0,0
BRDA:204,9,1,0
BRDA:208,10,0,0
BRDA:208,10,1,0
BRDA:217,11,0,0
BRDA:217,11,1,0
BRDA:217,12,0,0
BRDA:217,12,1,0
BRDA:223,13,0,0
BRDA:223,13,1,0
BRDA:232,14,0,0
BRDA:232,14,1,0
BRDA:241,15,0,0
BRDA:241,15,1,0
BRDA:248,16,0,0
BRDA:248,16,1,0
BRDA:249,17,0,0
BRDA:249,17,1,0
BRDA:258,18,0,0
BRDA:258,18,1,0
BRDA:258,19,0,0
BRDA:258,19,1,0
BRDA:262,20,0,0
BRDA:262,20,1,0
BRDA:270,21,0,0
BRDA:270,21,1,0
BRDA:283,22,0,0
BRDA:283,22,1,0
BRDA:285,23,0,0
BRDA:285,23,1,0
BRDA:308,24,0,0
BRDA:308,24,1,0
BRDA:322,25,0,0
BRDA:322,25,1,0
BRF:52
BRH:0
end_of_record
TN:
SF:packages/picasso-lab/src/DatePicker/index.ts
FNF:0
FNH:0
LF:0
LH:0
BRF:0
BRH:0
end_of_record
TN:
SF:packages/picasso-lab/src/DatePicker/styles.ts
FN:3,(anonymous_0)
FNF:1
FNH:0
FNDA:0,(anonymous_0)
DA:4,0
LF:1
LH:0
BRF:0
BRH:0
end_of_record
TN:
SF:packages/picasso-lab/src/DatePicker/utils.ts
FN:13,(anonymous_0)
FN:17,(anonymous_1)
FN:39,(anonymous_2)
FN:59,(anonymous_3)
FN:60,(anonymous_4)
FN:62,(anonymous_5)
FN:68,(anonymous_6)
FN:71,(anonymous_7)
FN:75,(anonymous_8)
FNF:9
FNH:0
FNDA:0,(anonymous_0)
FNDA:0,(anonymous_1)
FNDA:0,(anonymous_2)
FNDA:0,(anonymous_3)
FNDA:0,(anonymous_4)
FNDA:0,(anonymous_5)
FNDA:0,(anonymous_6)
FNDA:0,(anonymous_7)
FNDA:0,(anonymous_8)
DA:13,4
DA:17,0
DA:18,0
DA:23,0
DA:24,0
DA:26,0
DA:30,0
DA:33,0
DA:39,4
DA:40,0
DA:45,0
DA:50,0
DA:52,0
DA:56,0
DA:59,4
DA:60,0
DA:62,4
DA:63,0
DA:68,4
DA:69,0
DA:71,4
DA:72,0
DA:75,4
DA:80,0
DA:81,0
DA:84,0
DA:85,0
DA:91,0
DA:92,0
DA:95,0
DA:96,0
DA:99,0
LF:32
LH:7
BRDA:18,0,0,0
BRDA:18,0,1,0
BRDA:33,1,0,0
BRDA:33,1,1,0
BRDA:40,2,0,0
BRDA:40,2,1,0
BRDA:64,3,0,0
BRDA:64,3,1,0
BRDA:69,4,0,0
BRDA:69,4,1,0
BRDA:72,5,0,0
BRDA:72,5,1,0
BRDA:80,6,0,0
BRDA:80,6,1,0
BRDA:80,7,0,0
BRDA:80,7,1,0
BRDA:84,8,0,0
BRDA:84,8,1,0
BRDA:84,9,0,0
BRDA:84,9,1,0
BRDA:91,10,0,0
BRDA:91,10,1,0
BRDA:95,11,0,0
BRDA:95,11,1,0
BRF:24
BRH:0
end_of_record
TN:
SF:packages/picasso-lab/src/Drawer/Drawer.tsx
FN:35,(anonymous_0)
FN:49,(anonymous_1)
FN:52,(anonymous_2)
FN:59,(anonymous_3)
FN:98,(anonymous_4)
FNF:5
FNH:0
FNDA:0,(anonymous_0)
FNDA:0,(anonymous_1)
FNDA:0,(anonymous_2)
FNDA:0,(anonymous_3)
FNDA:0,(anonymous_4)
DA:33,3
DA:35,3
DA:44,0
DA:45,0
DA:46,0
DA:47,0
DA:49,0
DA:50,0
DA:52,0
DA:53,0
DA:56,0
DA:59,0
DA:60,0
DA:61,0
DA:65,0
DA:93,3
DA:95,3
LF:17
LH:4
BRDA:60,0,0,0
BRDA:60,0,1,0
BRF:2
BRH:0
end_of_record
TN:
SF:packages/picasso-lab/src/Drawer/index.ts
FNF:0
FNH:0
LF:0
LH:0
BRF:0
BRH:0
end_of_record
TN:
SF:packages/picasso-lab/src/Drawer/styles.ts
FN:4,(anonymous_0)
FN:12,(anonymous_1)
FNF:2
FNH:1
FNDA:3,(anonymous_0)
FNDA:0,(anonymous_1)
DA:4,3
DA:13,0
LF:2
LH:1
BRF:0
BRH:0
end_of_record
TN:
SF:packages/picasso-lab/src/DrawerTitle/DrawerTitle.tsx
FN:13,(anonymous_0)
FNF:1
FNH:0
FNDA:0,(anonymous_0)
DA:11,3
DA:13,3
DA:14,0
DA:16,0
DA:17,0
DA:20,0
DA:21,0
DA:24,0
DA:33,3
LF:9
LH:3
BRDA:16,0,0,0
BRDA:16,0,1,0
BRDA:20,1,0,0
BRDA:20,1,1,0
BRF:4
BRH:0
end_of_record
TN:
SF:packages/picasso-lab/src/DrawerTitle/index.ts
FNF:0
FNH:0
LF:0
LH:0
BRF:0
BRH:0
end_of_record
TN:
SF:packages/picasso-lab/src/DrawerTitle/styles.ts
FN:3,(anonymous_0)
FNF:1
FNH:0
FNDA:0,(anonymous_0)
DA:4,0
LF:1
LH:0
BRF:0
BRH:0
end_of_record
TN:
SF:packages/picasso-lab/src/Ellipsis/Ellipsis.tsx
FN:13,(anonymous_0)
FN:15,(anonymous_1)
FNF:2
FNH:0
FNDA:0,(anonymous_0)
FNDA:0,(anonymous_1)
DA:13,4
DA:15,4
DA:19,0
DA:20,0
DA:22,0
DA:40,0
DA:45,4
DA:47,4
LF:8
LH:4
BRDA:40,0,0,0
BRDA:40,0,1,0
BRDA:40,1,0,0
BRDA:40,1,1,0
BRF:4
BRH:0
end_of_record
TN:
SF:packages/picasso-lab/src/Ellipsis/index.ts
FNF:0
FNH:0
LF:0
LH:0
BRF:0
BRH:0
end_of_record
TN:
SF:packages/picasso-lab/src/Ellipsis/use-ellipsis.ts
FN:3,(anonymous_0)
FN:7,(anonymous_1)
FN:29,(anonymous_2)
FN:39,(anonymous_3)
FNF:4
FNH:0
FNDA:0,(anonymous_0)
FNDA:0,(anonymous_1)
FNDA:0,(anonymous_2)
FNDA:0,(anonymous_3)
DA:3,3
DA:4,0
DA:5,0
DA:7,0
DA:8,0
DA:9,0
DA:11,0
DA:19,0
DA:21,0
DA:27,0
DA:29,0
DA:31,0
DA:32,0
DA:33,0
DA:35,0
DA:37,0
DA:39,0
DA:40,0
DA:42,0
DA:46,0
LF:20
LH:1
BRDA:8,0,0,0
BRDA:8,0,1,0
BRDA:8,1,0,0
BRDA:8,1,1,0
BRDA:22,2,0,0
BRDA:22,2,1,0
BRDA:32,3,0,0
BRDA:32,3,1,0
BRF:8
BRH:0
end_of_record
TN:
SF:packages/picasso-lab/src/EmptyState/EmptyState.tsx
FNF:0
FNH:0
LF:0
LH:0
BRF:0
BRH:0
end_of_record
TN:
SF:packages/picasso-lab/src/EmptyState/index.tsx
FNF:0
FNH:0
LF:0
LH:0
BRF:0
BRH:0
end_of_record
TN:
SF:packages/picasso-lab/src/EmptyStateCollection/EmptyStateCollection.tsx
FN:23,EmptyStateCollection
FNF:1
FNH:0
FNDA:0,EmptyStateCollection
DA:18,3
DA:22,3
DA:24,0
DA:25,0
DA:26,0
DA:30,0
DA:36,0
DA:54,3
LF:8
LH:3
BRDA:30,0,0,0
BRDA:30,0,1,0
BRF:2
BRH:0
end_of_record
TN:
SF:packages/picasso-lab/src/EmptyStateCollection/index.tsx
FNF:0
FNH:0
LF:0
LH:0
BRF:0
BRH:0
end_of_record
TN:
SF:packages/picasso-lab/src/EmptyStateCollection/styles.ts
FN:3,(anonymous_0)
FNF:1
FNH:0
FNDA:0,(anonymous_0)
DA:4,0
LF:1
LH:0
BRF:0
BRH:0
end_of_record
TN:
SF:packages/picasso-lab/src/EmptyStatePage/EmptyStatePage.tsx
FN:24,EmptyStatePage
FNF:1
FNH:0
FNDA:0,EmptyStatePage
DA:19,3
DA:23,3
DA:25,0
DA:26,0
DA:28,0
DA:63,3
LF:6
LH:3
BRDA:45,0,0,0
BRDA:45,0,1,0
BRDA:54,1,0,0
BRDA:54,1,1,0
BRF:4
BRH:0
end_of_record
TN:
SF:packages/picasso-lab/src/EmptyStatePage/index.tsx
FNF:0
FNH:0
LF:0
LH:0
BRF:0
BRH:0
end_of_record
TN:
SF:packages/picasso-lab/src/EmptyStatePage/styles.ts
FN:3,(anonymous_0)
FNF:1
FNH:0
FNDA:0,(anonymous_0)
DA:4,0
LF:1
LH:0
BRF:0
BRH:0
end_of_record
TN:
SF:packages/picasso-lab/src/HeaderLoader/HeaderLoader.tsx
FN:14,(anonymous_0)
FNF:1
FNH:0
FNDA:0,(anonymous_0)
DA:6,4
DA:7,4
DA:8,4
DA:9,4
DA:10,4
DA:14,4
DA:15,0
DA:33,4
LF:8
LH:7
BRF:0
BRH:0
end_of_record
TN:
SF:packages/picasso-lab/src/HeaderLoader/index.ts
FNF:0
FNH:0
LF:0
LH:0
BRF:0
BRH:0
end_of_record
TN:
SF:packages/picasso-lab/src/List/List.tsx
FN:20,(anonymous_0)
FN:25,(anonymous_1)
FNF:2
FNH:0
FNDA:0,(anonymous_0)
FNDA:0,(anonymous_1)
DA:18,3
DA:20,3
DA:21,0
DA:22,0
DA:24,0
DA:25,0
DA:26,0
DA:32,0
DA:33,0
DA:36,0
DA:39,3
DA:44,3
DA:46,3
LF:13
LH:5
BRDA:32,0,0,0
BRDA:32,0,1,0
BRF:2
BRH:0
end_of_record
TN:
SF:packages/picasso-lab/src/List/index.ts
FNF:0
FNH:0
LF:0
LH:0
BRF:0
BRH:0
end_of_record
TN:
SF:packages/picasso-lab/src/List/styles.ts
FN:3,(anonymous_0)
FNF:1
FNH:0
FNDA:0,(anonymous_0)
DA:4,0
LF:1
LH:0
BRF:0
BRH:0
end_of_record
TN:
SF:packages/picasso-lab/src/ListItem/ListItem.tsx
FN:18,(anonymous_0)
FN:24,(anonymous_1)
FN:42,(anonymous_2)
FNF:3
FNH:0
FNDA:0,(anonymous_0)
FNDA:0,(anonymous_1)
FNDA:0,(anonymous_2)
DA:18,3
DA:19,0
DA:24,3
DA:29,0
DA:30,0
DA:33,0
DA:34,0
DA:37,0
DA:40,3
DA:42,3
DA:43,0
DA:44,0
DA:46,0
DA:48,0
DA:65,3
DA:67,3
LF:16
LH:6
BRDA:29,0,0,0
BRDA:29,0,1,0
BRDA:33,1,0,0
BRDA:33,1,1,0
BRF:4
BRH:0
end_of_record
TN:
SF:packages/picasso-lab/src/ListItem/index.ts
FNF:0
FNH:0
LF:0
LH:0
BRF:0
BRH:0
end_of_record
TN:
SF:packages/picasso-lab/src/ListItem/styles.ts
FN:4,(anonymous_0)
FN:14,(anonymous_1)
FNF:2
FNH:1
FNDA:3,(anonymous_0)
FNDA:0,(anonymous_1)
DA:4,3
DA:15,0
LF:2
LH:1
BRF:0
BRH:0
end_of_record
TN:
SF:packages/picasso-lab/src/MediaSkeletonLoader/MediaSkeletonLoader.tsx
FN:48,(anonymous_0)
FN:60,(anonymous_1)
FN:73,(anonymous_2)
FN:85,(anonymous_3)
FN:103,(anonymous_4)
FN:105,(anonymous_5)
FNF:6
FNH:0
FNDA:0,(anonymous_0)
FNDA:0,(anonymous_1)
FNDA:0,(anonymous_2)
FNDA:0,(anonymous_3)
FNDA:0,(anonymous_4)
FNDA:0,(anonymous_5)
DA:27,4
DA:29,4
DA:37,4
DA:48,4
DA:51,0
DA:53,0
DA:60,4
DA:64,0
DA:66,0
DA:73,4
DA:77,0
DA:85,4
DA:88,0
DA:90,0
DA:91,0
DA:93,0
DA:94,0
DA:96,0
DA:97,0
DA:100,0
DA:103,4
DA:104,0
DA:105,0
DA:109,0
DA:111,0
DA:133,4
DA:135,4
LF:27
LH:10
BRDA:49,0,0,0
BRDA:61,1,0,0
BRDA:69,2,0,0
BRDA:69,2,1,0
BRDA:79,3,0,0
BRDA:79,3,1,0
BRDA:81,4,0,0
BRDA:81,4,1,0
BRDA:82,5,0,0
BRDA:82,5,1,0
BRDA:88,6,0,0
BRDA:88,6,1,0
BRDA:88,6,2,0
BRF:13
BRH:0
end_of_record
TN:
SF:packages/picasso-lab/src/MediaSkeletonLoader/index.ts
FNF:0
FNH:0
LF:0
LH:0
BRF:0
BRH:0
end_of_record
TN:
SF:packages/picasso-lab/src/OverlayBadge/OverlayBadge.tsx
FN:35,OverlayBadge
FNF:1
FNH:0
FNDA:0,OverlayBadge
DA:29,4
DA:34,4
DA:43,0
DA:44,0
DA:46,0
DA:49,0
DA:68,4
DA:73,4
LF:8
LH:4
BRDA:53,0,0,0
BRDA:53,0,1,0
BRF:2
BRH:0
end_of_record
TN:
SF:packages/picasso-lab/src/OverlayBadge/index.ts
FNF:0
FNH:0
LF:0
LH:0
BRF:0
BRH:0
end_of_record
TN:
SF:packages/picasso-lab/src/OverlayBadge/styles.ts
FN:3,(anonymous_0)
FNF:1
FNH:0
FNDA:0,(anonymous_0)
DA:4,0
LF:1
LH:0
BRF:0
BRH:0
end_of_record
TN:
SF:packages/picasso-lab/src/OverviewBlock/OverviewBlock.tsx
FN:69,OverviewBlock
FNF:1
FNH:0
FNDA:0,OverviewBlock
DA:63,5
DA:69,5
DA:79,0
DA:80,0
DA:81,0
DA:83,0
DA:88,0
DA:89,0
DA:94,0
DA:97,0
DA:99,0
DA:101,0
DA:103,0
DA:132,5
DA:136,5
DA:137,5
DA:138,5
LF:17
LH:6
BRDA:88,0,0,0
BRDA:88,0,1,0
BRDA:97,1,0,0
BRDA:97,1,1,0
BRDA:99,2,0,0
BRDA:99,2,1,0
BRDA:99,3,0,0
BRDA:99,3,1,0
BRDA:123,4,0,0
BRDA:123,4,1,0
BRF:10
BRH:0
end_of_record
TN:
SF:packages/picasso-lab/src/OverviewBlock/index.ts
FNF:0
FNH:0
LF:0
LH:0
BRF:0
BRH:0
end_of_record
TN:
SF:packages/picasso-lab/src/OverviewBlock/styles.ts
FN:4,(anonymous_0)
FNF:1
FNH:0
FNDA:0,(anonymous_0)
DA:5,0
LF:1
LH:0
BRF:0
BRH:0
end_of_record
TN:
SF:packages/picasso-lab/src/OverviewBlockGroup/OverviewBlockGroup.tsx
FN:21,(anonymous_0)
FN:27,(anonymous_1)
FN:30,(anonymous_2)
FN:33,(anonymous_3)
FNF:4
FNH:0
FNDA:0,(anonymous_0)
FNDA:0,(anonymous_1)
FNDA:0,(anonymous_2)
FNDA:0,(anonymous_3)
DA:21,5
DA:22,0
DA:23,0
DA:26,0
DA:28,0
DA:30,0
DA:33,5
DA:34,0
DA:36,0
DA:49,5
DA:51,5
LF:11
LH:4
BRDA:22,0,0,0
BRDA:22,0,1,0
BRDA:34,1,0,0
BRDA:34,2,0,0
BRDA:39,3,0,0
BRDA:39,3,1,0
BRF:6
BRH:0
end_of_record
TN:
SF:packages/picasso-lab/src/OverviewBlockGroup/OverviewBlockGroupContext.tsx
FN:19,(anonymous_0)
FNF:1
FNH:0
FNDA:0,(anonymous_0)
DA:10,5
DA:15,5
DA:19,5
DA:20,0
LF:4
LH:3
BRF:0
BRH:0
end_of_record
TN:
SF:packages/picasso-lab/src/OverviewBlockGroup/index.ts
FNF:0
FNH:0
LF:0
LH:0
BRF:0
BRH:0
end_of_record
TN:
SF:packages/picasso-lab/src/OverviewBlockRow/OverviewBlockRow.tsx
FN:13,(anonymous_0)
FNF:1
FNH:0
FNDA:0,(anonymous_0)
DA:9,5
DA:13,5
DA:14,0
DA:15,0
DA:17,0
DA:20,5
LF:6
LH:3
BRF:0
BRH:0
end_of_record
TN:
SF:packages/picasso-lab/src/OverviewBlockRow/index.ts
FNF:0
FNH:0
LF:0
LH:0
BRF:0
BRH:0
end_of_record
TN:
SF:packages/picasso-lab/src/OverviewBlockRow/styles.ts
FN:3,(anonymous_0)
FNF:1
FNH:0
FNDA:0,(anonymous_0)
DA:4,0
LF:1
LH:0
BRF:0
BRH:0
end_of_record
TN:
SF:packages/picasso-lab/src/PageHead/PageHead.tsx
FN:35,(anonymous_0)
FN:41,(anonymous_1)
FN:45,(anonymous_2)
FN:60,(anonymous_3)
FN:66,PageHead
FNF:5
FNH:0
FNDA:0,(anonymous_0)
FNDA:0,(anonymous_1)
FNDA:0,(anonymous_2)
FNDA:0,(anonymous_3)
FNDA:0,PageHead
DA:27,3
DA:31,3
DA:35,3
DA:36,0
DA:41,3
DA:42,0
DA:45,3
DA:46,0
DA:48,0
DA:60,3
DA:61,0
DA:66,3
DA:70,0
DA:71,0
DA:73,0
DA:85,3
DA:89,3
DA:90,3
DA:91,3
DA:92,3
DA:94,3
LF:21
LH:13
BRF:0
BRH:0
end_of_record
TN:
SF:packages/picasso-lab/src/PageHead/index.ts
FNF:0
FNH:0
LF:0
LH:0
BRF:0
BRH:0
end_of_record
TN:
SF:packages/picasso-lab/src/PageHead/styles.ts
FN:3,(anonymous_0)
FNF:1
FNH:0
FNDA:0,(anonymous_0)
DA:4,0
LF:1
LH:0
BRF:0
BRH:0
end_of_record
TN:
SF:packages/picasso-lab/src/Quote/Quote.tsx
FN:11,Quote
FNF:1
FNH:0
FNDA:0,Quote
DA:11,4
DA:15,0
DA:17,0
DA:29,4
LF:4
LH:2
BRF:0
BRH:0
end_of_record
TN:
SF:packages/picasso-lab/src/Quote/index.ts
FNF:0
FNH:0
LF:0
LH:0
BRF:0
BRH:0
end_of_record
TN:
SF:packages/picasso-lab/src/QuoteMark/QuoteMark.tsx
FN:10,(anonymous_0)
FNF:1
FNH:0
FNDA:0,(anonymous_0)
DA:6,4
DA:10,4
DA:11,0
DA:13,0
DA:23,4
LF:5
LH:3
BRF:0
BRH:0
end_of_record
TN:
SF:packages/picasso-lab/src/QuoteMark/index.ts
FNF:0
FNH:0
LF:0
LH:0
BRF:0
BRH:0
end_of_record
TN:
SF:packages/picasso-lab/src/QuoteMark/styles.ts
FN:3,(anonymous_0)
FNF:1
FNH:0
FNDA:0,(anonymous_0)
DA:4,0
LF:1
LH:0
BRF:0
BRH:0
end_of_record
TN:
SF:packages/picasso-lab/src/Rating/Rating.tsx
FN:29,Rating
FN:34,(anonymous_1)
FN:43,(anonymous_2)
FN:59,(anonymous_3)
FNF:4
FNH:0
FNDA:0,Rating
FNDA:0,(anonymous_1)
FNDA:0,(anonymous_2)
FNDA:0,(anonymous_3)
DA:25,4
DA:29,4
DA:34,0
DA:38,0
DA:40,0
DA:42,0
DA:44,0
DA:45,0
DA:51,0
DA:53,0
DA:60,0
DA:61,0
DA:64,0
DA:71,0
DA:73,0
DA:110,4
DA:115,4
LF:17
LH:4
BRDA:34,0,0,0
BRDA:36,1,0,0
BRDA:44,2,0,0
BRDA:44,2,1,0
BRDA:44,3,0,0
BRDA:44,3,1,0
BRDA:65,4,0,0
BRDA:65,4,1,0
BRDA:76,5,0,0
BRDA:76,5,1,0
BRF:10
BRH:0
end_of_record
TN:
SF:packages/picasso-lab/src/Rating/index.ts
FNF:0
FNH:0
LF:0
LH:0
BRF:0
BRH:0
end_of_record
TN:
SF:packages/picasso-lab/src/Rating/styles.ts
FN:3,(anonymous_0)
FNF:1
FNH:0
FNDA:0,(anonymous_0)
DA:4,0
LF:1
LH:0
BRF:0
BRH:0
end_of_record
TN:
SF:packages/picasso-lab/src/RatingIcon/RatingIcon.tsx
FN:17,RatingIcon
FNF:1
FNH:0
FNDA:0,RatingIcon
DA:13,5
DA:17,5
DA:21,0
DA:22,0
DA:24,0
DA:25,0
DA:27,0
DA:38,5
DA:42,5
LF:9
LH:4
BRDA:29,0,0,0
BRDA:29,0,1,0
BRF:2
BRH:0
end_of_record
TN:
SF:packages/picasso-lab/src/RatingIcon/index.ts
FNF:0
FNH:0
LF:0
LH:0
BRF:0
BRH:0
end_of_record
TN:
SF:packages/picasso-lab/src/RatingIcon/styles.ts
FN:3,(anonymous_0)
FNF:1
FNH:0
FNDA:0,(anonymous_0)
DA:4,0
LF:1
LH:0
BRF:0
BRH:0
end_of_record
TN:
SF:packages/picasso-lab/src/Section/Section.tsx
FN:23,Section
FNF:1
FNH:0
FNDA:0,Section
DA:19,4
DA:23,4
DA:35,0
DA:36,0
DA:38,0
DA:69,4
LF:6
LH:3
BRDA:46,0,0,0
BRDA:46,0,1,0
BRDA:51,1,0,0
BRDA:51,1,1,0
BRDA:60,2,0,0
BRDA:60,2,1,0
BRF:6
BRH:0
end_of_record
TN:
SF:packages/picasso-lab/src/Section/index.ts
FNF:0
FNH:0
LF:0
LH:0
BRF:0
BRH:0
end_of_record
TN:
SF:packages/picasso-lab/src/Section/styles.ts
FN:3,(anonymous_0)
FNF:1
FNH:0
FNDA:0,(anonymous_0)
DA:4,0
LF:1
LH:0
BRF:0
BRH:0
end_of_record
TN:
SF:packages/picasso-lab/src/SkeletonLoader/SkeletonLoader.tsx
FNF:0
FNH:0
LF:0
LH:0
BRF:0
BRH:0
end_of_record
TN:
SF:packages/picasso-lab/src/SkeletonLoader/index.ts
FNF:0
FNH:0
LF:0
LH:0
BRF:0
BRH:0
end_of_record
TN:
SF:packages/picasso-lab/src/Switch/Switch.tsx
FN:30,Switch
FN:88,(anonymous_1)
FNF:2
FNH:0
FNDA:0,Switch
FNDA:0,(anonymous_1)
DA:9,4
DA:30,4
DA:47,0
DA:49,0
DA:52,0
DA:67,0
DA:68,0
DA:71,0
DA:86,4
DA:91,4
LF:10
LH:4
BRDA:63,0,0,0
BRDA:63,0,1,0
BRDA:67,1,0,0
BRDA:67,1,1,0
BRF:4
BRH:0
end_of_record
TN:
SF:packages/picasso-lab/src/Switch/index.ts
FNF:0
FNH:0
LF:0
LH:0
BRF:0
BRH:0
end_of_record
TN:
SF:packages/picasso-lab/src/Switch/styles.ts
FN:12,(anonymous_0)
FN:75,(anonymous_1)
FNF:2
FNH:1
FNDA:4,(anonymous_0)
FNDA:0,(anonymous_1)
DA:4,4
DA:5,4
DA:6,4
DA:8,4
DA:9,4
DA:10,4
DA:12,4
DA:76,0
LF:8
LH:7
BRF:0
BRH:0
end_of_record
TN:
SF:packages/picasso-lab/src/TimePicker/TimePicker.tsx
FN:44,(anonymous_0)
FNF:1
FNH:0
FNDA:0,(anonymous_0)
DA:12,4
DA:44,4
DA:45,0
DA:46,0
DA:47,0
DA:48,0
DA:49,0
DA:51,0
DA:59,0
DA:61,0
DA:62,0
DA:89,0
DA:107,4
LF:13
LH:3
BRDA:49,0,0,0
BRDA:49,0,1,0
BRDA:53,1,0,0
BRDA:53,1,1,0
BRDA:61,2,0,0
BRDA:61,2,1,0
BRF:6
BRH:0
end_of_record
TN:
SF:packages/picasso-lab/src/TimePicker/index.ts
FNF:0
FNH:0
LF:0
LH:0
BRF:0
BRH:0
end_of_record
TN:
SF:packages/picasso-lab/src/TimePicker/styles.ts
FN:3,(anonymous_0)
FNF:1
FNH:0
FNDA:0,(anonymous_0)
DA:4,0
LF:1
LH:0
BRF:0
BRH:0
end_of_record
TN:
SF:packages/picasso-lab/src/TreeView/TreeView.tsx
FN:41,(anonymous_0)
FN:54,(anonymous_1)
FN:74,(anonymous_2)
FN:93,(anonymous_3)
FN:99,(anonymous_4)
FNF:5
FNH:0
FNDA:0,(anonymous_0)
FNDA:0,(anonymous_1)
FNDA:0,(anonymous_2)
FNDA:0,(anonymous_3)
FNDA:0,(anonymous_4)
DA:39,3
DA:41,3
DA:50,0
DA:51,0
DA:52,0
DA:53,0
DA:54,0
DA:55,0
DA:56,0
DA:58,0
DA:60,0
DA:65,0
DA:71,0
DA:72,0
DA:74,0
DA:75,0
DA:76,0
DA:79,0
DA:83,0
DA:86,0
DA:94,0
DA:100,0
DA:114,3
DA:122,3
LF:24
LH:4
BRDA:45,0,0,0
BRDA:46,1,0,0
BRDA:47,2,0,0
BRDA:48,3,0,0
BRDA:55,4,0,0
BRDA:55,4,1,0
BRDA:61,5,0,0
BRDA:61,5,1,0
BRDA:62,6,0,0
BRDA:62,6,1,0
BRDA:75,7,0,0
BRDA:75,7,1,0
BRDA:75,8,0,0
BRDA:75,8,1,0
BRDA:75,8,2,0
BRDA:88,9,0,0
BRDA:88,9,1,0
BRF:17
BRH:0
end_of_record
TN:
SF:packages/picasso-lab/src/TreeView/TreeViewContainer.tsx
FN:14,(anonymous_0)
FN:21,(anonymous_1)
FN:24,(anonymous_2)
FN:31,(anonymous_3)
FN:38,(anonymous_4)
FNF:5
FNH:0
FNDA:0,(anonymous_0)
FNDA:0,(anonymous_1)
FNDA:0,(anonymous_2)
FNDA:0,(anonymous_3)
FNDA:0,(anonymous_4)
DA:12,3
DA:17,3
DA:21,3
DA:22,0
DA:24,0
DA:25,0
DA:31,0
DA:32,0
DA:33,0
DA:36,0
DA:44,0
DA:45,0
DA:46,0
DA:47,0
DA:49,0
DA:51,0
DA:55,0
LF:17
LH:3
BRDA:32,0,0,0
BRDA:32,0,1,0
BRDA:32,1,0,0
BRDA:32,1,1,0
BRDA:49,2,0,0
BRDA:49,2,1,0
BRF:6
BRH:0
end_of_record
TN:
SF:packages/picasso-lab/src/TreeView/index.ts
FNF:0
FNH:0
LF:0
LH:0
BRF:0
BRH:0
end_of_record
TN:
SF:packages/picasso-lab/src/TreeView/styles.ts
FN:3,(anonymous_0)
FNF:1
FNH:0
FNDA:0,(anonymous_0)
DA:4,0
LF:1
LH:0
BRF:0
BRH:0
end_of_record
TN:
SF:packages/picasso-lab/src/TreeView/types.ts
FNF:0
FNH:0
LF:0
LH:0
BRF:0
BRH:0
end_of_record
TN:
SF:packages/picasso-lab/src/TreeView/useNodes.ts
FN:7,(anonymous_0)
FN:10,(anonymous_1)
FN:21,(anonymous_2)
FN:25,(anonymous_3)
FN:26,(anonymous_4)
FN:58,(anonymous_5)
FN:62,(anonymous_6)
FN:65,(anonymous_7)
FN:68,(anonymous_8)
FN:70,(anonymous_9)
FN:85,(anonymous_10)
FN:89,(anonymous_11)
FNF:12
FNH:0
FNDA:0,(anonymous_0)
FNDA:0,(anonymous_1)
FNDA:0,(anonymous_2)
FNDA:0,(anonymous_3)
FNDA:0,(anonymous_4)
FNDA:0,(anonymous_5)
FNDA:0,(anonymous_6)
FNDA:0,(anonymous_7)
FNDA:0,(anonymous_8)
FNDA:0,(anonymous_9)
FNDA:0,(anonymous_10)
FNDA:0,(anonymous_11)
DA:7,3
DA:10,0
DA:11,0
DA:21,3
DA:24,0
DA:25,0
DA:27,0
DA:28,0
DA:31,0
DA:34,0
DA:35,0
DA:38,0
DA:39,0
DA:44,0
DA:45,0
DA:48,0
DA:58,3
DA:61,0
DA:62,0
DA:63,0
DA:65,0
DA:66,0
DA:68,0
DA:69,0
DA:71,0
DA:74,0
DA:75,0
DA:78,0
DA:85,0
DA:86,0
DA:89,0
DA:90,0
DA:91,0
DA:95,0
DA:98,0
LF:35
LH:3
BRDA:27,0,0,0
BRDA:27,0,1,0
BRDA:34,1,0,0
BRDA:34,1,1,0
BRDA:34,2,0,0
BRDA:34,2,1,0
BRDA:44,3,0,0
BRDA:44,3,1,0
BRDA:74,4,0,0
BRDA:74,4,1,0
BRDA:90,5,0,0
BRDA:90,5,1,0
BRDA:90,6,0,0
BRDA:90,6,1,0
BRF:14
BRH:0
end_of_record
TN:
SF:packages/picasso-lab/src/TreeView/useTree.ts
FN:20,(anonymous_0)
FN:28,(anonymous_1)
FN:33,(anonymous_2)
FN:45,(anonymous_3)
FN:51,(anonymous_4)
FN:68,(anonymous_5)
FN:70,(anonymous_6)
FN:85,(anonymous_7)
FN:85,(anonymous_8)
FNF:9
FNH:0
FNDA:0,(anonymous_0)
FNDA:0,(anonymous_1)
FNDA:0,(anonymous_2)
FNDA:0,(anonymous_3)
FNDA:0,(anonymous_4)
FNDA:0,(anonymous_5)
FNDA:0,(anonymous_6)
FNDA:0,(anonymous_7)
FNDA:0,(anonymous_8)
DA:20,3
DA:27,0
DA:28,0
DA:30,0
DA:32,0
DA:34,0
DA:36,0
DA:38,0
DA:42,0
DA:45,3
DA:49,0
DA:51,0
DA:52,0
DA:54,0
DA:57,0
DA:59,0
DA:65,0
DA:67,0
DA:69,0
DA:71,0
DA:72,0
DA:78,0
DA:85,0
DA:89,0
LF:24
LH:2
BRDA:27,0,0,0
BRDA:27,0,1,0
BRDA:27,1,0,0
BRDA:27,1,1,0
BRDA:47,2,0,0
BRDA:71,3,0,0
BRDA:71,3,1,0
BRF:7
BRH:0
end_of_record
TN:
SF:packages/picasso-lab/src/TreeView/useTreeView.ts
FN:9,(anonymous_0)
FN:11,(anonymous_1)
FNF:2
FNH:0
FNDA:0,(anonymous_0)
FNDA:0,(anonymous_1)
DA:9,3
DA:11,3
DA:12,0
DA:14,0
LF:4
LH:2
BRDA:15,0,0,0
BRDA:15,0,1,0
BRF:2
BRH:0
end_of_record
TN:
SF:packages/picasso-lab/src/TreeView/useZoom.ts
FN:19,(anonymous_0)
FN:27,(anonymous_1)
FN:31,(anonymous_2)
FN:41,(anonymous_3)
FN:48,(anonymous_4)
FNF:5
FNH:0
FNDA:0,(anonymous_0)
FNDA:0,(anonymous_1)
FNDA:0,(anonymous_2)
FNDA:0,(anonymous_3)
FNDA:0,(anonymous_4)
DA:19,3
DA:25,0
DA:26,0
DA:27,0
DA:31,0
DA:32,0
DA:33,0
DA:36,0
DA:41,0
DA:42,0
DA:43,0
DA:46,0
DA:48,0
DA:49,0
DA:52,0
DA:53,0
DA:57,0
DA:58,0
DA:61,0
DA:62,0
DA:63,0
DA:70,0
LF:22
LH:1
BRDA:23,0,0,0
BRDA:32,1,0,0
BRDA:32,1,1,0
BRDA:42,2,0,0
BRDA:42,2,1,0
BRDA:52,3,0,0
BRDA:52,3,1,0
BRDA:57,4,0,0
BRDA:57,4,1,0
BRDA:62,5,0,0
BRDA:62,5,1,0
BRF:11
BRH:0
end_of_record
TN:
SF:packages/picasso-lab/src/TreeView/variables.ts
FNF:0
FNH:0
DA:1,3
DA:2,3
DA:3,3
DA:4,3
DA:5,3
LF:5
LH:5
BRF:0
BRH:0
end_of_record
TN:
SF:packages/picasso-lab/src/TreeView/PointLink/PointLink.tsx
FN:14,(anonymous_0)
FN:17,(anonymous_1)
FNF:2
FNH:0
FNDA:0,(anonymous_0)
FNDA:0,(anonymous_1)
DA:12,3
DA:14,3
DA:15,0
DA:16,0
DA:17,0
DA:18,0
DA:19,0
DA:21,0
DA:27,0
DA:30,3
LF:10
LH:3
BRDA:19,0,0,0
BRDA:19,0,1,0
BRF:2
BRH:0
end_of_record
TN:
SF:packages/picasso-lab/src/TreeView/PointLink/index.ts
FNF:0
FNH:0
LF:0
LH:0
BRF:0
BRH:0
end_of_record
TN:
SF:packages/picasso-lab/src/TreeView/PointLink/styles.ts
FN:3,(anonymous_0)
FNF:1
FNH:0
FNDA:0,(anonymous_0)
DA:4,0
LF:1
LH:0
BRF:0
BRH:0
end_of_record
TN:
SF:packages/picasso-lab/src/TreeView/PointNode/NodeContent.tsx
FN:7,(anonymous_0)
FNF:1
FNH:0
FNDA:0,(anonymous_0)
DA:7,3
DA:8,0
LF:2
LH:1
BRF:0
BRH:0
end_of_record
TN:
SF:packages/picasso-lab/src/TreeView/PointNode/PointNode.tsx
FN:20,(anonymous_0)
FN:26,(anonymous_1)
FN:32,(anonymous_2)
FNF:3
FNH:0
FNDA:0,(anonymous_0)
FNDA:0,(anonymous_1)
FNDA:0,(anonymous_2)
DA:19,3
DA:21,0
DA:22,0
DA:26,0
DA:27,0
DA:29,0
DA:32,0
DA:33,0
DA:34,0
DA:37,0
DA:38,0
DA:46,0
DA:60,3
LF:13
LH:2
BRDA:33,0,0,0
BRDA:33,0,1,0
BRDA:37,1,0,0
BRDA:37,1,1,0
BRDA:37,2,0,0
BRDA:37,2,1,0
BRDA:53,3,0,0
BRDA:53,3,1,0
BRF:8
BRH:0
end_of_record
TN:
SF:packages/picasso-lab/src/TreeView/PointNode/TreeNodeAvatar.tsx
FN:21,(anonymous_0)
FN:48,(anonymous_1)
FNF:2
FNH:0
FNDA:0,(anonymous_0)
FNDA:0,(anonymous_1)
DA:17,3
DA:21,3
DA:22,0
DA:23,0
DA:26,0
DA:28,0
DA:40,3
DA:48,3
DA:49,0
DA:50,0
DA:51,0
DA:53,0
DA:77,3
DA:81,3
LF:14
LH:6
BRDA:22,0,0,0
BRDA:22,0,1,0
BRDA:22,1,0,0
BRDA:22,1,1,0
BRDA:56,2,0,0
BRDA:56,2,1,0
BRF:6
BRH:0
end_of_record
TN:
SF:packages/picasso-lab/src/TreeView/PointNode/index.ts
FNF:0
FNH:0
LF:0
LH:0
BRF:0
BRH:0
end_of_record
TN:
SF:packages/picasso-lab/src/TreeView/PointNode/styles.ts
FN:3,(anonymous_0)
FNF:1
FNH:0
FNDA:0,(anonymous_0)
DA:4,0
LF:1
LH:0
BRF:0
BRH:0
end_of_record
TN:
SF:packages/picasso-lab/src/TreeView/Zoom/Zoom.tsx
FN:9,(anonymous_0)
FN:12,(anonymous_1)
FN:15,(anonymous_2)
FNF:3
FNH:0
FNDA:0,(anonymous_0)
FNDA:0,(anonymous_1)
FNDA:0,(anonymous_2)
DA:9,3
DA:10,0
DA:12,0
DA:15,0
LF:4
LH:1
BRF:0
BRH:0
end_of_record
TN:
SF:packages/picasso-lab/src/TreeView/Zoom/index.ts
FNF:0
FNH:0
LF:0
LH:0
BRF:0
BRH:0
end_of_record
TN:
SF:packages/picasso-lab/src/TypographyLoader/TypographyLoader.tsx
FN:17,(anonymous_0)
FN:35,(anonymous_1)
FN:37,(anonymous_2)
FNF:3
FNH:0
FNDA:0,(anonymous_0)
FNDA:0,(anonymous_1)
FNDA:0,(anonymous_2)
DA:11,4
DA:12,4
DA:13,4
DA:14,4
DA:15,4
DA:17,4
DA:18,0
DA:35,4
DA:36,0
DA:38,0
DA:43,4
LF:11
LH:8
BRDA:17,0,0,0
BRDA:35,1,0,0
BRF:2
BRH:0
end_of_record
TN:
SF:packages/picasso-lab/src/TypographyLoader/index.ts
FNF:0
FNH:0
LF:0
LH:0
BRF:0
BRH:0
end_of_record
TN:
SF:packages/picasso-lab/src/TypographyOverflow/TypographyOverflow.tsx
FN:30,(anonymous_0)
FN:46,(anonymous_1)
FNF:2
FNH:0
FNDA:0,(anonymous_0)
FNDA:0,(anonymous_1)
DA:26,4
DA:30,4
DA:39,0
DA:41,0
DA:42,0
DA:44,0
DA:47,0
DA:77,4
DA:79,4
LF:9
LH:4
BRDA:33,0,0,0
BRDA:47,1,0,0
BRDA:47,1,1,0
BRDA:53,2,0,0
BRDA:53,2,1,0
BRDA:68,3,0,0
BRDA:68,3,1,0
BRF:7
BRH:0
end_of_record
TN:
SF:packages/picasso-lab/src/TypographyOverflow/index.ts
FNF:0
FNH:0
LF:0
LH:0
BRF:0
BRH:0
end_of_record
TN:
SF:packages/picasso-lab/src/TypographyOverflow/styles.ts
FN:3,(anonymous_0)
FN:13,(anonymous_1)
FNF:2
FNH:0
FNDA:0,(anonymous_0)
FNDA:0,(anonymous_1)
DA:4,0
DA:13,0
LF:2
LH:0
BRDA:13,0,0,0
BRF:1
BRH:0
end_of_record
TN:
SF:packages/picasso/src/index.ts
FNF:0
FNH:0
LF:0
LH:0
BRF:0
BRH:0
end_of_record
TN:
SF:packages/picasso/src/Accordion/Accordion.tsx
FN:29,(anonymous_0)
FN:37,(anonymous_1)
FN:52,(anonymous_2)
FN:89,(anonymous_3)
FN:98,Accordion
FN:131,(anonymous_5)
FN:194,(anonymous_6)
FNF:7
FNH:0
FNDA:0,(anonymous_0)
FNDA:0,(anonymous_1)
FNDA:0,(anonymous_2)
FNDA:0,(anonymous_3)
FNDA:0,Accordion
FNDA:0,(anonymous_5)
FNDA:0,(anonymous_6)
DA:25,22
DA:29,22
DA:30,0
DA:37,22
DA:38,0
DA:39,0
DA:41,0
DA:52,22
DA:53,0
DA:54,0
DA:56,0
DA:89,22
DA:93,0
DA:98,22
DA:114,0
DA:116,0
DA:117,0
DA:122,0
DA:123,0
DA:126,0
DA:127,0
DA:128,0
DA:131,0
DA:132,0
DA:135,0
DA:139,0
DA:141,0
DA:189,22
DA:197,22
DA:199,22
DA:200,22
LF:31
LH:10
BRDA:126,0,0,0
BRDA:126,0,1,0
BRDA:126,1,0,0
BRDA:126,1,1,0
BRDA:139,2,0,0
BRDA:139,2,1,0
BRDA:139,3,0,0
BRDA:139,3,1,0
BRDA:155,4,0,0
BRDA:155,4,1,0
BRDA:165,5,0,0
BRDA:165,5,1,0
BRF:12
BRH:0
end_of_record
TN:
SF:packages/picasso/src/Accordion/index.ts
FNF:0
FNH:0
LF:0
LH:0
BRF:0
BRH:0
end_of_record
TN:
SF:packages/picasso/src/Accordion/styles.ts
FN:4,(anonymous_0)
FN:20,(anonymous_1)
FNF:2
FNH:1
FNDA:22,(anonymous_0)
FNDA:0,(anonymous_1)
DA:4,22
DA:21,0
DA:32,0
LF:3
LH:1
BRF:0
BRH:0
end_of_record
TN:
SF:packages/picasso/src/AccordionDetails/AccordionDetails.tsx
FN:16,(anonymous_0)
FNF:1
FNH:0
FNDA:0,(anonymous_0)
DA:12,23
DA:16,23
DA:23,0
DA:25,0
DA:27,0
LF:5
LH:2
BRF:0
BRH:0
end_of_record
TN:
SF:packages/picasso/src/AccordionDetails/index.ts
FNF:0
FNH:0
LF:0
LH:0
BRF:0
BRH:0
end_of_record
TN:
SF:packages/picasso/src/AccordionDetails/styles.ts
FN:4,(anonymous_0)
FN:12,(anonymous_1)
FNF:2
FNH:1
FNDA:23,(anonymous_0)
FNDA:0,(anonymous_1)
DA:4,23
DA:13,0
LF:2
LH:1
BRF:0
BRH:0
end_of_record
TN:
SF:packages/picasso/src/AccordionSummary/AccordionSummary.tsx
FNF:0
FNH:0
LF:0
LH:0
BRF:0
BRH:0
end_of_record
TN:
SF:packages/picasso/src/AccordionSummary/index.ts
FNF:0
FNH:0
LF:0
LH:0
BRF:0
BRH:0
end_of_record
TN:
SF:packages/picasso/src/AccordionSummary/styles.ts
FN:4,(anonymous_0)
FN:36,(anonymous_1)
FNF:2
FNH:1
FNDA:23,(anonymous_0)
FNDA:0,(anonymous_1)
DA:4,23
DA:37,0
LF:2
LH:1
BRF:0
BRH:0
end_of_record
TN:
SF:packages/picasso/src/AccountSelect/AccountSelect.tsx
FN:39,AccountSelect
FN:50,(anonymous_1)
FN:59,(anonymous_2)
FN:83,(anonymous_3)
FNF:4
FNH:0
FNDA:0,AccountSelect
FNDA:0,(anonymous_1)
FNDA:0,(anonymous_2)
FNDA:0,(anonymous_3)
DA:34,17
DA:38,17
DA:40,0
DA:41,0
DA:46,0
DA:48,0
DA:51,0
DA:59,0
DA:82,17
DA:86,17
LF:10
LH:4
BRF:0
BRH:0
end_of_record
TN:
SF:packages/picasso/src/AccountSelect/index.ts
FNF:0
FNH:0
LF:0
LH:0
BRF:0
BRH:0
end_of_record
TN:
SF:packages/picasso/src/AccountSelect/styles.ts
FN:3,(anonymous_0)
FNF:1
FNH:0
FNDA:0,(anonymous_0)
DA:4,0
LF:1
LH:0
BRF:0
BRH:0
end_of_record
TN:
SF:packages/picasso/src/Amount/Amount.tsx
FN:19,(anonymous_0)
FNF:1
FNH:0
FNDA:0,(anonymous_0)
DA:19,17
DA:27,0
DA:34,17
LF:3
LH:2
BRDA:21,0,0,0
BRDA:22,1,0,0
BRDA:23,2,0,0
BRDA:24,3,0,0
BRF:4
BRH:0
end_of_record
TN:
SF:packages/picasso/src/Amount/index.ts
FNF:0
FNH:0
LF:0
LH:0
BRF:0
BRH:0
end_of_record
TN:
SF:packages/picasso/src/Autocomplete/Autocomplete.tsx
FN:107,(anonymous_0)
FN:124,(anonymous_1)
FN:159,(anonymous_2)
FN:163,Autocomplete
FN:200,(anonymous_4)
FN:241,(anonymous_5)
FN:340,(anonymous_6)
FN:341,(anonymous_7)
FN:342,(anonymous_8)
FN:343,(anonymous_9)
FN:344,(anonymous_10)
FN:345,(anonymous_11)
FNF:12
FNH:0
FNDA:0,(anonymous_0)
FNDA:0,(anonymous_1)
FNDA:0,(anonymous_2)
FNDA:0,Autocomplete
FNDA:0,(anonymous_4)
FNDA:0,(anonymous_5)
FNDA:0,(anonymous_6)
FNDA:0,(anonymous_7)
FNDA:0,(anonymous_8)
FNDA:0,(anonymous_9)
FNDA:0,(anonymous_10)
FNDA:0,(anonymous_11)
DA:33,20
DA:34,20
DA:107,20
DA:108,0
DA:120,20
DA:124,20
DA:134,0
DA:136,0
DA:159,20
DA:160,0
DA:162,20
DA:197,0
DA:198,0
DA:200,0
DA:201,0
DA:202,0
DA:205,0
DA:207,0
DA:208,0
DA:213,0
DA:223,0
DA:237,0
DA:239,0
DA:242,0
DA:271,0
DA:273,0
DA:282,0
DA:284,0
DA:335,20
DA:354,20
LF:30
LH:9
BRDA:145,0,0,0
BRDA:145,0,1,0
BRDA:160,1,0,0
BRDA:160,1,1,0
BRDA:160,1,2,0
BRDA:178,2,0,0
BRDA:186,3,0,0
BRDA:201,4,0,0
BRDA:201,4,1,0
BRDA:207,5,0,0
BRDA:207,5,1,0
BRDA:237,6,0,0
BRDA:237,6,1,0
BRDA:239,7,0,0
BRDA:239,7,1,0
BRDA:251,8,0,0
BRDA:251,8,1,0
BRDA:256,9,0,0
BRDA:256,9,1,0
BRDA:264,10,0,0
BRDA:264,10,1,0
BRDA:264,10,2,0
BRDA:267,11,0,0
BRDA:267,11,1,0
BRDA:267,11,2,0
BRDA:271,12,0,0
BRDA:271,12,1,0
BRDA:297,13,0,0
BRDA:297,13,1,0
BRDA:297,13,2,0
BRDA:310,14,0,0
BRDA:310,14,1,0
BRDA:312,15,0,0
BRDA:312,15,1,0
BRDA:313,16,0,0
BRDA:313,16,1,0
BRDA:313,17,0,0
BRDA:313,17,1,0
BRDA:317,18,0,0
BRDA:317,18,1,0
BRDA:317,18,2,0
BRDA:317,18,3,0
BRDA:322,19,0,0
BRDA:322,19,1,0
BRF:44
BRH:0
end_of_record
TN:
SF:packages/picasso/src/Autocomplete/PoweredByGoogle.tsx
FN:9,(anonymous_0)
FNF:1
FNH:0
FNDA:0,(anonymous_0)
DA:9,20
DA:10,0
DA:18,20
LF:3
LH:2
BRF:0
BRH:0
end_of_record
TN:
SF:packages/picasso/src/Autocomplete/index.ts
FNF:0
FNH:0
LF:0
LH:0
BRF:0
BRH:0
end_of_record
TN:
SF:packages/picasso/src/Autocomplete/styles.ts
FN:3,(anonymous_0)
FNF:1
FNH:0
FNDA:0,(anonymous_0)
DA:4,0
LF:1
LH:0
BRF:0
BRH:0
end_of_record
TN:
SF:packages/picasso/src/Autocomplete/types.ts
FNF:0
FNH:0
LF:0
LH:0
BRF:0
BRH:0
end_of_record
TN:
SF:packages/picasso/src/Autocomplete/use-autocomplete/index.ts
FNF:0
FNH:0
LF:0
LH:0
BRF:0
BRH:0
end_of_record
TN:
SF:packages/picasso/src/Autocomplete/use-autocomplete/use-autocomplete.ts
FN:18,(anonymous_0)
FN:48,(anonymous_1)
FN:94,(anonymous_2)
FN:97,(anonymous_3)
FN:98,(anonymous_4)
FN:99,(anonymous_5)
FN:100,(anonymous_6)
FN:101,(anonymous_7)
FN:102,(anonymous_8)
FN:113,(anonymous_9)
FN:115,(anonymous_10)
FN:120,(anonymous_11)
FN:130,(anonymous_12)
FN:136,(anonymous_13)
FN:149,(anonymous_14)
FN:153,(anonymous_15)
FN:160,(anonymous_16)
FN:168,(anonymous_17)
FN:170,(anonymous_18)
FN:177,(anonymous_19)
FN:179,(anonymous_20)
FN:185,(anonymous_21)
FN:193,(anonymous_22)
FN:198,(anonymous_23)
FN:241,(anonymous_24)
FN:244,(anonymous_25)
FN:245,(anonymous_26)
FN:266,(anonymous_27)
FN:270,(anonymous_28)
FN:282,(anonymous_29)
FNF:30
FNH:26
FNDA:2,(anonymous_0)
FNDA:2,(anonymous_1)
FNDA:40,(anonymous_2)
FNDA:3,(anonymous_3)
FNDA:8,(anonymous_4)
FNDA:0,(anonymous_5)
FNDA:1,(anonymous_6)
FNDA:1,(anonymous_7)
FNDA:0,(anonymous_8)
FNDA:20,(anonymous_9)
FNDA:15,(anonymous_10)
FNDA:35,(anonymous_11)
FNDA:10,(anonymous_12)
FNDA:3,(anonymous_13)
FNDA:9,(anonymous_14)
FNDA:3,(anonymous_15)
FNDA:1,(anonymous_16)
FNDA:8,(anonymous_17)
FNDA:2,(anonymous_18)
FNDA:1,(anonymous_19)
FNDA:1,(anonymous_20)
FNDA:4,(anonymous_21)
FNDA:2,(anonymous_22)
FNDA:8,(anonymous_23)
FNDA:1,(anonymous_24)
FNDA:0,(anonymous_25)
FNDA:0,(anonymous_26)
FNDA:14,(anonymous_27)
FNDA:3,(anonymous_28)
FNDA:1,(anonymous_29)
DA:15,21
DA:16,21
DA:18,21
DA:27,2
DA:29,2
DA:30,0
DA:32,0
DA:35,2
DA:48,21
DA:53,2
DA:55,2
DA:61,2
DA:63,2
DA:64,1
DA:67,1
DA:68,0
DA:71,1
DA:94,21
DA:107,40
DA:108,40
DA:112,40
DA:114,20
DA:115,15
DA:120,40
DA:121,35
DA:122,25
DA:128,40
DA:130,40
DA:131,10
DA:132,5
DA:136,40
DA:140,3
DA:142,3
DA:143,1
DA:146,2
DA:149,40
DA:154,3
DA:155,1
DA:158,2
DA:164,1
DA:168,40
DA:171,2
DA:172,2
DA:173,2
DA:177,40
DA:180,1
DA:181,1
DA:185,40
DA:186,4
DA:187,0
DA:190,4
DA:193,40
DA:194,2
DA:195,2
DA:198,40
DA:199,8
DA:201,8
DA:202,8
DA:203,8
DA:205,8
DA:206,1
DA:208,1
DA:209,1
DA:214,8
DA:215,1
DA:217,1
DA:218,1
DA:221,8
DA:222,2
DA:223,0
DA:226,2
DA:227,2
DA:230,8
DA:231,3
DA:233,3
DA:234,2
DA:236,2
DA:239,1
DA:241,1
DA:242,1
DA:244,1
DA:245,0
DA:248,1
DA:250,1
DA:251,1
DA:252,1
DA:253,0
DA:254,0
DA:258,6
DA:259,1
DA:261,1
DA:262,1
DA:266,40
DA:275,3
DA:276,3
DA:285,1
DA:286,1
DA:290,40
LF:98
LH:90
BRDA:27,0,0,2
BRDA:27,0,1,2
BRDA:29,1,0,0
BRDA:29,1,1,2
BRDA:32,2,0,0
BRDA:32,2,1,0
BRDA:63,3,0,1
BRDA:63,3,1,1
BRDA:67,4,0,0
BRDA:67,4,1,1
BRDA:96,5,0,0
BRDA:97,6,0,32
BRDA:98,7,0,40
BRDA:99,8,0,39
BRDA:100,9,0,39
BRDA:101,10,0,35
BRDA:102,11,0,39
BRDA:114,12,0,3
BRDA:114,12,1,17
BRDA:114,13,0,20
BRDA:114,13,1,3
BRDA:121,14,0,25
BRDA:121,14,1,10
BRDA:123,15,0,0
BRDA:123,15,1,25
BRDA:123,16,0,25
BRDA:123,16,1,4
BRDA:128,17,0,40
BRDA:128,17,1,1
BRDA:130,18,0,7
BRDA:131,19,0,5
BRDA:131,19,1,5
BRDA:142,20,0,1
BRDA:142,20,1,2
BRDA:142,21,0,3
BRDA:142,21,1,3
BRDA:154,22,0,1
BRDA:154,22,1,2
BRDA:186,23,0,0
BRDA:186,23,1,4
BRDA:201,24,0,8
BRDA:201,24,1,0
BRDA:202,25,0,0
BRDA:202,25,1,8
BRDA:205,26,0,1
BRDA:205,26,1,7
BRDA:214,27,0,1
BRDA:214,27,1,7
BRDA:221,28,0,2
BRDA:221,28,1,6
BRDA:222,29,0,0
BRDA:222,29,1,2
BRDA:230,30,0,3
BRDA:230,30,1,5
BRDA:233,31,0,2
BRDA:233,31,1,1
BRDA:242,32,0,0
BRDA:242,32,1,1
BRDA:248,33,0,1
BRDA:248,33,1,0
BRDA:250,34,0,1
BRDA:250,34,1,0
BRDA:253,35,0,0
BRDA:253,35,1,0
BRDA:258,36,0,1
BRDA:258,36,1,5
BRF:66
BRH:51
end_of_record
TN:
SF:packages/picasso/src/Avatar/Avatar.tsx
FN:44,(anonymous_0)
FN:60,(anonymous_1)
FN:84,(anonymous_2)
FN:96,(anonymous_3)
FNF:4
FNH:0
FNDA:0,(anonymous_0)
FNDA:0,(anonymous_1)
FNDA:0,(anonymous_2)
FNDA:0,(anonymous_3)
DA:40,22
DA:42,22
DA:44,22
DA:49,0
DA:50,0
DA:53,0
DA:60,22
DA:65,0
DA:66,0
DA:69,0
DA:71,0
DA:84,22
DA:85,0
DA:96,22
DA:97,0
DA:99,0
DA:101,0
DA:102,0
DA:104,0
DA:106,0
DA:138,22
DA:143,22
LF:22
LH:8
BRDA:49,0,0,0
BRDA:49,0,1,0
BRDA:49,1,0,0
BRDA:49,1,1,0
BRDA:65,2,0,0
BRDA:65,2,1,0
BRDA:65,3,0,0
BRDA:65,3,1,0
BRDA:104,4,0,0
BRDA:104,4,1,0
BRDA:108,5,0,0
BRDA:108,5,1,0
BRDA:110,6,0,0
BRDA:110,6,1,0
BRF:14
BRH:0
end_of_record
TN:
SF:packages/picasso/src/Avatar/index.ts
FNF:0
FNH:0
LF:0
LH:0
BRF:0
BRH:0
end_of_record
TN:
SF:packages/picasso/src/Avatar/styles.ts
FN:3,(anonymous_0)
FN:9,(anonymous_1)
FNF:2
FNH:0
FNDA:0,(anonymous_0)
FNDA:0,(anonymous_1)
DA:3,22
DA:4,0
DA:6,22
DA:7,22
DA:10,0
LF:5
LH:3
BRF:0
BRH:0
end_of_record
TN:
SF:packages/picasso/src/Button/Button.tsx
FN:87,(anonymous_0)
FN:89,(anonymous_1)
FN:92,(anonymous_2)
FN:117,Button
FNF:4
FNH:0
FNDA:0,(anonymous_0)
FNDA:0,(anonymous_1)
FNDA:0,(anonymous_2)
FNDA:0,Button
DA:30,57
DA:87,57
DA:89,57
DA:90,0
DA:92,57
DA:98,0
DA:99,0
DA:106,0
DA:108,0
DA:117,57
DA:142,0
DA:143,0
DA:150,0
DA:152,0
DA:154,0
DA:156,0
DA:157,0
DA:159,0
DA:160,0
DA:162,0
DA:166,0
DA:167,0
DA:169,0
DA:182,0
DA:218,57
DA:234,57
DA:236,57
DA:237,57
DA:238,57
LF:29
LH:10
BRDA:90,0,0,0
BRDA:90,0,1,0
BRDA:98,1,0,0
BRDA:98,1,1,0
BRDA:110,2,0,0
BRDA:110,2,1,0
BRDA:111,3,0,0
BRDA:111,3,1,0
BRDA:154,4,0,0
BRDA:154,4,1,0
BRDA:156,5,0,0
BRDA:156,5,1,0
BRDA:159,6,0,0
BRDA:159,6,1,0
BRDA:211,7,0,0
BRDA:211,7,1,0
BRF:16
BRH:0
end_of_record
TN:
SF:packages/picasso/src/Button/index.ts
FNF:0
FNH:0
LF:0
LH:0
BRF:0
BRH:0
end_of_record
TN:
SF:packages/picasso/src/Button/styles.ts
FN:6,(anonymous_0)
FN:7,(anonymous_1)
FNF:2
FNH:0
FNDA:0,(anonymous_0)
FNDA:0,(anonymous_1)
DA:4,57
DA:7,0
DA:25,0
LF:3
LH:1
BRF:0
BRH:0
end_of_record
TN:
SF:packages/picasso/src/ButtonAction/ButtonAction.tsx
FN:44,ButtonAction
FNF:1
FNH:0
FNDA:0,ButtonAction
DA:36,57
DA:41,57
DA:43,57
DA:56,0
DA:57,0
DA:66,0
DA:68,0
DA:80,0
DA:81,0
DA:83,0
DA:110,57
DA:114,57
LF:12
LH:5
BRDA:80,0,0,0
BRDA:80,0,1,0
BRDA:81,1,0,0
BRDA:81,1,1,0
BRDA:89,2,0,0
BRDA:89,2,1,0
BRF:6
BRH:0
end_of_record
TN:
SF:packages/picasso/src/ButtonAction/index.ts
FNF:0
FNH:0
LF:0
LH:0
BRF:0
BRH:0
end_of_record
TN:
SF:packages/picasso/src/ButtonAction/styles.ts
FN:3,(anonymous_0)
FNF:1
FNH:0
FNDA:0,(anonymous_0)
DA:4,0
LF:1
LH:0
BRF:0
BRH:0
end_of_record
TN:
SF:packages/picasso/src/ButtonCircular/ButtonCircular.tsx
FN:44,ButtonCircular
FNF:1
FNH:0
FNDA:0,ButtonCircular
DA:38,57
DA:43,57
DA:53,0
DA:54,0
DA:56,0
DA:58,0
DA:60,0
DA:71,0
DA:90,57
DA:94,57
LF:10
LH:4
BRF:0
BRH:0
end_of_record
TN:
SF:packages/picasso/src/ButtonCircular/index.ts
FNF:0
FNH:0
LF:0
LH:0
BRF:0
BRH:0
end_of_record
TN:
SF:packages/picasso/src/ButtonCircular/styles.ts
FN:4,(anonymous_0)
FNF:1
FNH:0
FNDA:0,(anonymous_0)
DA:5,0
LF:1
LH:0
BRF:0
BRH:0
end_of_record
TN:
SF:packages/picasso/src/ButtonGroup/ButtonGroup.tsx
FN:28,(anonymous_0)
FN:43,ButtonGroup
FN:47,(anonymous_2)
FNF:3
FNH:0
FNDA:0,(anonymous_0)
FNDA:0,ButtonGroup
FNDA:0,(anonymous_2)
DA:24,57
DA:28,57
DA:30,0
DA:42,57
DA:44,0
DA:45,0
DA:46,0
DA:48,0
DA:56,0
DA:69,57
DA:71,57
LF:11
LH:5
BRF:0
BRH:0
end_of_record
TN:
SF:packages/picasso/src/ButtonGroup/index.ts
FNF:0
FNH:0
LF:0
LH:0
BRF:0
BRH:0
end_of_record
TN:
SF:packages/picasso/src/ButtonGroup/styles.ts
FN:32,(anonymous_0)
FNF:1
FNH:0
FNDA:0,(anonymous_0)
DA:3,57
DA:13,57
DA:19,57
DA:25,57
DA:33,0
LF:5
LH:4
BRF:0
BRH:0
end_of_record
TN:
SF:packages/picasso/src/Checkbox/Checkbox.tsx
FN:49,Checkbox
FN:123,(anonymous_1)
FNF:2
FNH:0
FNDA:0,Checkbox
FNDA:0,(anonymous_1)
DA:22,17
DA:49,17
DA:66,0
DA:68,0
DA:69,0
DA:74,0
DA:77,0
DA:100,0
DA:101,0
DA:104,0
DA:120,17
DA:126,17
DA:128,17
LF:13
LH:5
BRDA:100,0,0,0
BRDA:100,0,1,0
BRF:2
BRH:0
end_of_record
TN:
SF:packages/picasso/src/Checkbox/index.ts
FNF:0
FNH:0
LF:0
LH:0
BRF:0
BRH:0
end_of_record
TN:
SF:packages/picasso/src/Checkbox/styles.ts
FN:7,(anonymous_0)
FN:21,(anonymous_1)
FNF:2
FNH:1
FNDA:17,(anonymous_0)
FNDA:0,(anonymous_1)
DA:4,17
DA:5,17
DA:7,17
DA:22,0
LF:4
LH:3
BRF:0
BRH:0
end_of_record
TN:
SF:packages/picasso/src/CheckboxGroup/CheckboxGroup.tsx
FN:17,(anonymous_0)
FNF:1
FNH:0
FNDA:0,(anonymous_0)
DA:13,17
DA:17,17
DA:18,0
DA:24,0
DA:26,0
DA:39,17
LF:6
LH:3
BRF:0
BRH:0
end_of_record
TN:
SF:packages/picasso/src/CheckboxGroup/index.ts
FNF:0
FNH:0
LF:0
LH:0
BRF:0
BRH:0
end_of_record
TN:
SF:packages/picasso/src/CheckboxGroup/styles.ts
FN:3,(anonymous_0)
FNF:1
FNH:0
FNDA:0,(anonymous_0)
DA:4,0
LF:1
LH:0
BRF:0
BRH:0
end_of_record
TN:
SF:packages/picasso/src/Chip/index.ts
FNF:0
FNH:0
LF:0
LH:0
BRF:0
BRH:0
end_of_record
TN:
SF:packages/picasso/src/Chip/styles.ts
FN:4,(anonymous_0)
FNF:1
FNH:1
FNDA:20,(anonymous_0)
DA:4,20
LF:1
LH:1
BRF:0
BRH:0
end_of_record
TN:
SF:packages/picasso/src/CircularProgress/CircularProgress.tsx
FN:25,(anonymous_0)
FNF:1
FNH:0
FNDA:0,(anonymous_0)
DA:21,59
DA:25,59
DA:26,0
DA:27,0
DA:29,0
DA:42,59
LF:6
LH:3
BRF:0
BRH:0
end_of_record
TN:
SF:packages/picasso/src/CircularProgress/index.ts
FNF:0
FNH:0
LF:0
LH:0
BRF:0
BRH:0
end_of_record
TN:
SF:packages/picasso/src/CircularProgress/styles.ts
FN:4,(anonymous_0)
FN:12,(anonymous_1)
FNF:2
FNH:1
FNDA:59,(anonymous_0)
FNDA:0,(anonymous_1)
DA:4,59
DA:13,0
LF:2
LH:1
BRF:0
BRH:0
end_of_record
TN:
SF:packages/picasso/src/Container/Container.tsx
FN:63,Container
FNF:1
FNH:0
FNDA:0,Container
DA:21,65
DA:63,65
DA:89,0
DA:91,0
DA:93,0
DA:100,0
DA:141,65
DA:143,65
LF:8
LH:4
BRDA:81,0,0,0
BRDA:82,1,0,0
BRDA:84,2,0,0
BRDA:84,3,0,0
BRDA:84,3,1,0
BRDA:94,4,0,0
BRDA:94,4,1,0
BRDA:95,5,0,0
BRDA:95,5,1,0
BRDA:96,6,0,0
BRDA:96,6,1,0
BRDA:97,7,0,0
BRDA:97,7,1,0
BRDA:115,8,0,0
BRDA:115,8,1,0
BRDA:119,9,0,0
BRDA:119,9,1,0
BRDA:132,10,0,0
BRDA:132,10,1,0
BRF:19
BRH:0
end_of_record
TN:
SF:packages/picasso/src/Container/index.ts
FNF:0
FNH:0
LF:0
LH:0
BRF:0
BRH:0
end_of_record
TN:
SF:packages/picasso/src/Container/styles.ts
FN:42,(anonymous_0)
FN:50,(anonymous_1)
FN:64,(anonymous_2)
FN:68,(anonymous_3)
FN:87,(anonymous_4)
FN:95,(anonymous_5)
FN:101,(anonymous_6)
FNF:7
FNH:5
FNDA:325,(anonymous_0)
FNDA:0,(anonymous_1)
FNDA:1300,(anonymous_2)
FNDA:260,(anonymous_3)
FNDA:325,(anonymous_4)
FNDA:390,(anonymous_5)
FNDA:0,(anonymous_6)
DA:9,65
DA:17,65
DA:26,65
DA:28,65
DA:42,65
DA:43,325
DA:47,325
DA:50,65
DA:51,0
DA:52,0
DA:55,0
DA:64,1300
DA:68,65
DA:69,260
DA:78,65
DA:85,65
DA:87,65
DA:88,325
DA:93,65
DA:95,65
DA:96,390
DA:102,0
LF:22
LH:18
BRDA:51,0,0,0
BRDA:51,0,1,0
BRDA:56,1,0,0
BRDA:56,1,1,0
BRF:4
BRH:0
end_of_record
TN:
SF:packages/picasso/src/Dropdown/Dropdown.tsx
FN:68,(anonymous_0)
FN:85,Dropdown
FN:118,(anonymous_2)
FN:124,(anonymous_3)
FN:132,(anonymous_4)
FN:151,(anonymous_5)
FN:158,(anonymous_6)
FN:164,(anonymous_7)
FN:188,(anonymous_8)
FN:199,(anonymous_9)
FN:202,(anonymous_10)
FN:267,(anonymous_11)
FN:268,(anonymous_12)
FNF:13
FNH:0
FNDA:0,(anonymous_0)
FNDA:0,Dropdown
FNDA:0,(anonymous_2)
FNDA:0,(anonymous_3)
FNDA:0,(anonymous_4)
FNDA:0,(anonymous_5)
FNDA:0,(anonymous_6)
FNDA:0,(anonymous_7)
FNDA:0,(anonymous_8)
FNDA:0,(anonymous_9)
FNDA:0,(anonymous_10)
FNDA:0,(anonymous_11)
FNDA:0,(anonymous_12)
DA:66,23
DA:68,23
DA:69,0
DA:71,0
DA:72,0
DA:77,0
DA:80,23
DA:85,23
DA:107,0
DA:108,0
DA:110,0
DA:112,0
DA:116,0
DA:118,0
DA:119,0
DA:120,0
DA:121,0
DA:124,0
DA:125,0
DA:126,0
DA:128,0
DA:132,0
DA:133,0
DA:134,0
DA:138,0
DA:139,0
DA:142,0
DA:143,0
DA:146,0
DA:147,0
DA:151,0
DA:152,0
DA:153,0
DA:155,0
DA:158,0
DA:159,0
DA:160,0
DA:161,0
DA:164,0
DA:165,0
DA:166,0
DA:169,0
DA:170,0
DA:173,0
DA:177,0
DA:179,0
DA:182,0
DA:183,0
DA:187,0
DA:188,0
DA:198,0
DA:199,0
DA:202,0
DA:203,0
DA:205,0
DA:206,0
DA:209,0
DA:212,0
DA:262,23
DA:273,23
DA:275,23
DA:276,23
LF:62
LH:8
BRDA:71,0,0,0
BRDA:71,0,1,0
BRDA:125,1,0,0
BRDA:125,1,1,0
BRDA:133,2,0,0
BRDA:133,2,1,0
BRDA:138,3,0,0
BRDA:138,3,1,0
BRDA:142,4,0,0
BRDA:142,4,1,0
BRDA:146,5,0,0
BRDA:146,5,1,0
BRDA:152,6,0,0
BRDA:152,6,1,0
BRDA:165,7,0,0
BRDA:165,7,1,0
BRDA:169,8,0,0
BRDA:169,8,1,0
BRDA:169,9,0,0
BRDA:169,9,1,0
BRDA:177,10,0,0
BRDA:177,10,1,0
BRDA:177,11,0,0
BRDA:177,11,1,0
BRDA:182,12,0,0
BRDA:182,12,1,0
BRDA:189,13,0,0
BRDA:189,13,1,0
BRDA:190,14,0,0
BRDA:190,14,1,0
BRDA:191,15,0,0
BRDA:191,15,1,0
BRDA:192,16,0,0
BRDA:192,16,1,0
BRDA:205,17,0,0
BRDA:205,17,1,0
BRDA:205,18,0,0
BRDA:205,18,1,0
BRDA:205,18,2,0
BRDA:223,19,0,0
BRDA:223,19,1,0
BRF:41
BRH:0
end_of_record
TN:
SF:packages/picasso/src/Dropdown/index.ts
FNF:0
FNH:0
LF:0
LH:0
BRF:0
BRH:0
end_of_record
TN:
SF:packages/picasso/src/Dropdown/styles.ts
FN:4,(anonymous_0)
FNF:1
FNH:0
FNDA:0,(anonymous_0)
DA:5,0
LF:1
LH:0
BRF:0
BRH:0
end_of_record
TN:
SF:packages/picasso/src/DropdownArrow/DropdownArrow.tsx
FN:18,DropdownArrow
FNF:1
FNH:0
FNDA:0,DropdownArrow
DA:13,24
DA:17,24
DA:19,0
DA:21,0
DA:23,0
DA:34,24
DA:36,24
LF:7
LH:4
BRF:0
BRH:0
end_of_record
TN:
SF:packages/picasso/src/DropdownArrow/index.ts
FNF:0
FNH:0
LF:0
LH:0
BRF:0
BRH:0
end_of_record
TN:
SF:packages/picasso/src/DropdownArrow/styles.ts
FN:3,(anonymous_0)
FNF:1
FNH:0
FNDA:0,(anonymous_0)
DA:4,0
LF:1
LH:0
BRF:0
BRH:0
end_of_record
TN:
SF:packages/picasso/src/EnvironmentBanner/EnvironmentBanner.tsx
FN:26,EnvironmentBanner
FN:53,(anonymous_1)
FNF:2
FNH:0
FNDA:0,EnvironmentBanner
FNDA:0,(anonymous_1)
DA:21,17
DA:25,17
DA:27,0
DA:28,0
DA:29,0
DA:31,0
DA:33,0
DA:35,0
DA:40,0
DA:43,0
DA:53,0
DA:69,17
DA:71,17
LF:13
LH:4
BRDA:33,0,0,0
BRDA:33,0,1,0
BRDA:35,1,0,0
BRDA:35,1,1,0
BRDA:36,2,0,0
BRDA:36,2,1,0
BRDA:36,2,2,0
BRF:7
BRH:0
end_of_record
TN:
SF:packages/picasso/src/EnvironmentBanner/index.ts
FNF:0
FNH:0
LF:0
LH:0
BRF:0
BRH:0
end_of_record
TN:
SF:packages/picasso/src/EnvironmentBanner/styles.ts
FN:3,(anonymous_0)
FNF:1
FNH:0
FNDA:0,(anonymous_0)
DA:4,0
LF:1
LH:0
BRF:0
BRH:0
end_of_record
TN:
SF:packages/picasso/src/FileInput/FileInput.tsx
FN:37,(anonymous_0)
FN:51,(anonymous_1)
FN:83,FileInput
FN:147,(anonymous_3)
FNF:4
FNH:0
FNDA:0,(anonymous_0)
FNDA:0,(anonymous_1)
FNDA:0,FileInput
FNDA:0,(anonymous_3)
DA:35,17
DA:37,17
DA:47,0
DA:49,0
DA:51,0
DA:52,0
DA:53,0
DA:56,0
DA:59,0
DA:83,17
DA:98,0
DA:100,0
DA:104,0
DA:110,0
DA:114,0
DA:116,0
DA:119,0
DA:134,0
DA:147,0
DA:155,0
DA:184,17
LF:21
LH:4
BRDA:52,0,0,0
BRDA:52,0,1,0
BRDA:52,1,0,0
BRDA:52,1,1,0
BRDA:52,1,2,0
BRDA:110,2,0,0
BRDA:110,2,1,0
BRDA:110,2,2,0
BRDA:110,2,3,0
BRDA:114,3,0,0
BRDA:114,3,1,0
BRDA:114,4,0,0
BRDA:114,4,1,0
BRDA:116,5,0,0
BRDA:116,5,1,0
BRDA:125,6,0,0
BRDA:125,6,1,0
BRDA:126,7,0,0
BRDA:126,7,1,0
BRDA:135,8,0,0
BRDA:135,8,1,0
BRDA:139,9,0,0
BRDA:139,9,1,0
BRDA:147,10,0,0
BRDA:147,10,1,0
BRF:25
BRH:0
end_of_record
TN:
SF:packages/picasso/src/FileInput/index.ts
FNF:0
FNH:0
LF:0
LH:0
BRF:0
BRH:0
end_of_record
TN:
SF:packages/picasso/src/FileInput/styles.ts
FN:4,(anonymous_0)
FNF:1
FNH:0
FNDA:0,(anonymous_0)
DA:5,0
LF:1
LH:0
BRF:0
BRH:0
end_of_record
TN:
SF:packages/picasso/src/Form/Form.tsx
FN:29,Form
FNF:1
FNH:0
FNDA:0,Form
DA:29,22
DA:33,0
DA:46,22
DA:47,22
DA:48,22
DA:49,22
DA:51,22
LF:7
LH:6
BRF:0
BRH:0
end_of_record
TN:
SF:packages/picasso/src/Form/index.ts
FNF:0
FNH:0
LF:0
LH:0
BRF:0
BRH:0
end_of_record
TN:
SF:packages/picasso/src/FormControlLabel/FormControlLabel.tsx
FN:39,(anonymous_0)
FNF:1
FNH:0
FNDA:0,(anonymous_0)
DA:35,19
DA:39,19
DA:52,0
DA:54,0
DA:56,0
DA:82,19
LF:6
LH:3
BRF:0
BRH:0
end_of_record
TN:
SF:packages/picasso/src/FormControlLabel/index.ts
FNF:0
FNH:0
LF:0
LH:0
BRF:0
BRH:0
end_of_record
TN:
SF:packages/picasso/src/FormControlLabel/styles.ts
FN:4,(anonymous_0)
FN:28,(anonymous_1)
FNF:2
FNH:1
FNDA:19,(anonymous_0)
FNDA:0,(anonymous_1)
DA:4,19
DA:29,0
LF:2
LH:1
BRF:0
BRH:0
end_of_record
TN:
SF:packages/picasso/src/FormError/FormError.tsx
FN:16,FormError
FNF:1
FNH:0
FNDA:0,FormError
DA:14,23
DA:16,23
DA:20,0
DA:22,0
DA:24,0
DA:36,23
LF:6
LH:3
BRF:0
BRH:0
end_of_record
TN:
SF:packages/picasso/src/FormError/index.ts
FNF:0
FNH:0
LF:0
LH:0
BRF:0
BRH:0
end_of_record
TN:
SF:packages/picasso/src/FormError/styles.ts
FN:3,(anonymous_0)
FNF:1
FNH:0
FNDA:0,(anonymous_0)
DA:4,0
LF:1
LH:0
BRF:0
BRH:0
end_of_record
TN:
SF:packages/picasso/src/FormField/FormField.tsx
FN:21,FormField
FNF:1
FNH:0
FNDA:0,FormField
DA:19,23
DA:21,23
DA:25,0
DA:27,0
DA:29,0
DA:44,23
DA:46,23
LF:7
LH:4
BRDA:38,0,0,0
BRDA:38,0,1,0
BRDA:39,1,0,0
BRDA:39,1,1,0
BRF:4
BRH:0
end_of_record
TN:
SF:packages/picasso/src/FormField/index.ts
FNF:0
FNH:0
LF:0
LH:0
BRF:0
BRH:0
end_of_record
TN:
SF:packages/picasso/src/FormField/styles.ts
FN:3,(anonymous_0)
FNF:1
FNH:0
FNDA:0,(anonymous_0)
DA:4,0
LF:1
LH:0
BRF:0
BRH:0
end_of_record
TN:
SF:packages/picasso/src/FormHint/FormHint.tsx
FN:16,FormHint
FNF:1
FNH:0
FNDA:0,FormHint
DA:14,24
DA:16,24
DA:20,0
DA:22,0
DA:24,0
DA:36,24
DA:38,24
LF:7
LH:4
BRF:0
BRH:0
end_of_record
TN:
SF:packages/picasso/src/FormHint/index.ts
FNF:0
FNH:0
LF:0
LH:0
BRF:0
BRH:0
end_of_record
TN:
SF:packages/picasso/src/FormHint/styles.ts
FN:3,(anonymous_0)
FNF:1
FNH:0
FNDA:0,(anonymous_0)
DA:4,0
LF:1
LH:0
BRF:0
BRH:0
end_of_record
TN:
SF:packages/picasso/src/FormLabel/FormLabel.tsx
FN:32,FormLabel
FNF:1
FNH:0
FNDA:0,FormLabel
DA:30,22
DA:32,22
DA:47,0
DA:49,0
DA:51,0
DA:52,0
DA:54,0
DA:80,22
DA:85,22
LF:9
LH:4
BRDA:43,0,0,0
BRDA:51,1,0,0
BRDA:51,1,1,0
BRDA:69,2,0,0
BRDA:69,2,1,0
BRDA:73,3,0,0
BRDA:73,3,1,0
BRDA:74,4,0,0
BRDA:74,4,1,0
BRF:9
BRH:0
end_of_record
TN:
SF:packages/picasso/src/FormLabel/index.ts
FNF:0
FNH:0
LF:0
LH:0
BRF:0
BRH:0
end_of_record
TN:
SF:packages/picasso/src/FormLabel/styles.ts
FN:4,(anonymous_0)
FNF:1
FNH:0
FNDA:0,(anonymous_0)
DA:5,0
LF:1
LH:0
BRF:0
BRH:0
end_of_record
TN:
SF:packages/picasso/src/Grid/Grid.tsx
FN:38,(anonymous_0)
FN:48,Grid
FNF:2
FNH:0
FNDA:0,(anonymous_0)
FNDA:0,Grid
DA:38,17
DA:40,0
DA:43,17
DA:48,17
DA:62,0
DA:63,0
DA:65,0
DA:84,17
DA:92,17
LF:9
LH:5
BRF:0
BRH:0
end_of_record
TN:
SF:packages/picasso/src/Grid/index.ts
FNF:0
FNH:0
LF:0
LH:0
BRF:0
BRH:0
end_of_record
TN:
SF:packages/picasso/src/Grid/styles.ts
FN:3,(anonymous_0)
FNF:1
FNH:0
FNDA:0,(anonymous_0)
DA:4,0
LF:1
LH:0
BRF:0
BRH:0
end_of_record
TN:
SF:packages/picasso/src/GridItem/GridItem.tsx
FN:23,GridItem
FNF:1
FNH:0
FNDA:0,GridItem
DA:19,18
DA:23,18
DA:27,0
DA:28,0
DA:30,0
DA:47,18
DA:49,18
LF:7
LH:4
BRF:0
BRH:0
end_of_record
TN:
SF:packages/picasso/src/GridItem/index.ts
FNF:0
FNH:0
LF:0
LH:0
BRF:0
BRH:0
end_of_record
TN:
SF:packages/picasso/src/GridItem/styles.ts
FN:3,(anonymous_0)
FNF:1
FNH:0
FNDA:0,(anonymous_0)
DA:3,0
LF:1
LH:0
BRF:0
BRH:0
end_of_record
TN:
SF:packages/picasso/src/Helpbox/Helpbox.tsx
FN:39,Helpbox
FNF:1
FNH:0
FNDA:0,Helpbox
DA:34,17
DA:39,17
DA:43,0
DA:44,0
DA:46,0
DA:71,17
DA:73,17
DA:75,17
DA:77,17
DA:79,17
LF:10
LH:7
BRDA:53,0,0,0
BRDA:53,0,1,0
BRDA:60,1,0,0
BRDA:60,1,1,0
BRF:4
BRH:0
end_of_record
TN:
SF:packages/picasso/src/Helpbox/HelpboxContext.ts
FNF:0
FNH:0
DA:5,17
LF:1
LH:1
BRF:0
BRH:0
end_of_record
TN:
SF:packages/picasso/src/Helpbox/index.ts
FNF:0
FNH:0
LF:0
LH:0
BRF:0
BRH:0
end_of_record
TN:
SF:packages/picasso/src/Helpbox/styles.ts
FN:3,(anonymous_0)
FNF:1
FNH:0
FNDA:0,(anonymous_0)
DA:4,0
LF:1
LH:0
BRF:0
BRH:0
end_of_record
TN:
SF:packages/picasso/src/HelpboxActions/HelpboxActions.tsx
FN:21,HelpboxActions
FNF:1
FNH:0
FNDA:0,HelpboxActions
DA:16,17
DA:20,17
DA:22,0
DA:24,0
DA:26,0
DA:30,0
DA:51,17
DA:53,17
LF:8
LH:4
BRF:0
BRH:0
end_of_record
TN:
SF:packages/picasso/src/HelpboxActions/index.ts
FNF:0
FNH:0
LF:0
LH:0
BRF:0
BRH:0
end_of_record
TN:
SF:packages/picasso/src/HelpboxActions/styles.ts
FN:3,(anonymous_0)
FNF:1
FNH:0
FNDA:0,(anonymous_0)
DA:4,0
LF:1
LH:0
BRF:0
BRH:0
end_of_record
TN:
SF:packages/picasso/src/HelpboxContent/HelpboxContent.tsx
FN:25,HelpboxContent
FNF:1
FNH:0
FNDA:0,HelpboxContent
DA:20,17
DA:24,17
DA:26,0
DA:28,0
DA:30,0
DA:47,17
DA:51,17
LF:7
LH:4
BRF:0
BRH:0
end_of_record
TN:
SF:packages/picasso/src/HelpboxContent/index.ts
FNF:0
FNH:0
LF:0
LH:0
BRF:0
BRH:0
end_of_record
TN:
SF:packages/picasso/src/HelpboxContent/styles.ts
FN:3,(anonymous_0)
FNF:1
FNH:0
FNDA:0,(anonymous_0)
DA:4,0
LF:1
LH:0
BRF:0
BRH:0
end_of_record
TN:
SF:packages/picasso/src/HelpboxTitle/HelpboxTitle.tsx
FN:19,HelpboxTitle
FNF:1
FNH:0
FNDA:0,HelpboxTitle
DA:14,17
DA:18,17
DA:20,0
DA:22,0
DA:24,0
DA:41,17
DA:43,17
LF:7
LH:4
BRF:0
BRH:0
end_of_record
TN:
SF:packages/picasso/src/HelpboxTitle/index.ts
FNF:0
FNH:0
LF:0
LH:0
BRF:0
BRH:0
end_of_record
TN:
SF:packages/picasso/src/HelpboxTitle/styles.ts
FN:3,(anonymous_0)
FNF:1
FNH:0
FNDA:0,(anonymous_0)
DA:3,0
LF:1
LH:0
BRF:0
BRH:0
end_of_record
TN:
SF:packages/picasso/src/Icon/Abstract16.tsx
FN:17,SvgAbstract16
FNF:1
FNH:0
FNDA:0,SvgAbstract16
DA:8,64
DA:16,64
DA:17,64
DA:28,0
DA:29,0
DA:30,0
DA:31,0
DA:32,0
DA:34,0
DA:35,0
DA:38,0
DA:44,0
DA:57,64
LF:13
LH:4
BRDA:23,0,0,0
BRDA:31,1,0,0
BRDA:31,1,1,0
BRDA:31,2,0,0
BRDA:31,2,1,0
BRDA:34,3,0,0
BRDA:34,3,1,0
BRF:7
BRH:0
end_of_record
TN:
SF:packages/picasso/src/Icon/Abstract24.tsx
FN:17,SvgAbstract24
FNF:1
FNH:0
FNDA:0,SvgAbstract24
DA:8,64
DA:16,64
DA:17,64
DA:28,0
DA:29,0
DA:30,0
DA:31,0
DA:32,0
DA:34,0
DA:35,0
DA:38,0
DA:44,0
DA:57,64
LF:13
LH:4
BRDA:23,0,0,0
BRDA:31,1,0,0
BRDA:31,1,1,0
BRDA:31,2,0,0
BRDA:31,2,1,0
BRDA:34,3,0,0
BRDA:34,3,1,0
BRF:7
BRH:0
end_of_record
TN:
SF:packages/picasso/src/Icon/Ach16.tsx
FN:17,SvgAch16
FNF:1
FNH:0
FNDA:0,SvgAch16
DA:8,64
DA:16,64
DA:17,64
DA:28,0
DA:29,0
DA:30,0
DA:31,0
DA:32,0
DA:34,0
DA:35,0
DA:38,0
DA:44,0
DA:57,64
LF:13
LH:4
BRDA:23,0,0,0
BRDA:31,1,0,0
BRDA:31,1,1,0
BRDA:31,2,0,0
BRDA:31,2,1,0
BRDA:34,3,0,0
BRDA:34,3,1,0
BRF:7
BRH:0
end_of_record
TN:
SF:packages/picasso/src/Icon/Ach32.tsx
FN:17,SvgAch32
FNF:1
FNH:0
FNDA:0,SvgAch32
DA:8,64
DA:16,64
DA:17,64
DA:28,0
DA:29,0
DA:30,0
DA:31,0
DA:32,0
DA:34,0
DA:35,0
DA:38,0
DA:44,0
DA:57,64
LF:13
LH:4
BRDA:23,0,0,0
BRDA:31,1,0,0
BRDA:31,1,1,0
BRDA:31,2,0,0
BRDA:31,2,1,0
BRDA:34,3,0,0
BRDA:34,3,1,0
BRF:7
BRH:0
end_of_record
TN:
SF:packages/picasso/src/Icon/Afternoon16.tsx
FN:17,SvgAfternoon16
FNF:1
FNH:0
FNDA:0,SvgAfternoon16
DA:8,64
DA:16,64
DA:17,64
DA:28,0
DA:29,0
DA:30,0
DA:31,0
DA:32,0
DA:34,0
DA:35,0
DA:38,0
DA:44,0
DA:57,64
LF:13
LH:4
BRDA:23,0,0,0
BRDA:31,1,0,0
BRDA:31,1,1,0
BRDA:31,2,0,0
BRDA:31,2,1,0
BRDA:34,3,0,0
BRDA:34,3,1,0
BRF:7
BRH:0
end_of_record
TN:
SF:packages/picasso/src/Icon/Afternoon24.tsx
FN:17,SvgAfternoon24
FNF:1
FNH:0
FNDA:0,SvgAfternoon24
DA:8,64
DA:16,64
DA:17,64
DA:28,0
DA:29,0
DA:30,0
DA:31,0
DA:32,0
DA:34,0
DA:35,0
DA:38,0
DA:44,0
DA:57,64
LF:13
LH:4
BRDA:23,0,0,0
BRDA:31,1,0,0
BRDA:31,1,1,0
BRDA:31,2,0,0
BRDA:31,2,1,0
BRDA:34,3,0,0
BRDA:34,3,1,0
BRF:7
BRH:0
end_of_record
TN:
SF:packages/picasso/src/Icon/Archive16.tsx
FN:17,SvgArchive16
FNF:1
FNH:0
FNDA:0,SvgArchive16
DA:8,64
DA:16,64
DA:17,64
DA:28,0
DA:29,0
DA:30,0
DA:31,0
DA:32,0
DA:34,0
DA:35,0
DA:38,0
DA:44,0
DA:57,64
LF:13
LH:4
BRDA:23,0,0,0
BRDA:31,1,0,0
BRDA:31,1,1,0
BRDA:31,2,0,0
BRDA:31,2,1,0
BRDA:34,3,0,0
BRDA:34,3,1,0
BRF:7
BRH:0
end_of_record
TN:
SF:packages/picasso/src/Icon/Archive24.tsx
FN:17,SvgArchive24
FNF:1
FNH:0
FNDA:0,SvgArchive24
DA:8,64
DA:16,64
DA:17,64
DA:28,0
DA:29,0
DA:30,0
DA:31,0
DA:32,0
DA:34,0
DA:35,0
DA:38,0
DA:44,0
DA:57,64
LF:13
LH:4
BRDA:23,0,0,0
BRDA:31,1,0,0
BRDA:31,1,1,0
BRDA:31,2,0,0
BRDA:31,2,1,0
BRDA:34,3,0,0
BRDA:34,3,1,0
BRF:7
BRH:0
end_of_record
TN:
SF:packages/picasso/src/Icon/ArrowDownMinor16.tsx
FN:17,SvgArrowDownMinor16
FNF:1
FNH:0
FNDA:0,SvgArrowDownMinor16
DA:8,64
DA:16,64
DA:17,64
DA:28,0
DA:29,0
DA:30,0
DA:31,0
DA:32,0
DA:34,0
DA:35,0
DA:38,0
DA:44,0
DA:57,64
LF:13
LH:4
BRDA:23,0,0,0
BRDA:31,1,0,0
BRDA:31,1,1,0
BRDA:31,2,0,0
BRDA:31,2,1,0
BRDA:34,3,0,0
BRDA:34,3,1,0
BRF:7
BRH:0
end_of_record
TN:
SF:packages/picasso/src/Icon/ArrowDownMinor24.tsx
FN:17,SvgArrowDownMinor24
FNF:1
FNH:0
FNDA:0,SvgArrowDownMinor24
DA:8,64
DA:16,64
DA:17,64
DA:28,0
DA:29,0
DA:30,0
DA:31,0
DA:32,0
DA:34,0
DA:35,0
DA:38,0
DA:44,0
DA:57,64
LF:13
LH:4
BRDA:23,0,0,0
BRDA:31,1,0,0
BRDA:31,1,1,0
BRDA:31,2,0,0
BRDA:31,2,1,0
BRDA:34,3,0,0
BRDA:34,3,1,0
BRF:7
BRH:0
end_of_record
TN:
SF:packages/picasso/src/Icon/ArrowDropDown16.tsx
FN:17,SvgArrowDropDown16
FNF:1
FNH:0
FNDA:0,SvgArrowDropDown16
DA:8,64
DA:16,64
DA:17,64
DA:28,0
DA:29,0
DA:30,0
DA:31,0
DA:32,0
DA:34,0
DA:35,0
DA:38,0
DA:44,0
DA:57,64
LF:13
LH:4
BRDA:23,0,0,0
BRDA:31,1,0,0
BRDA:31,1,1,0
BRDA:31,2,0,0
BRDA:31,2,1,0
BRDA:34,3,0,0
BRDA:34,3,1,0
BRF:7
BRH:0
end_of_record
TN:
SF:packages/picasso/src/Icon/ArrowDropDown24.tsx
FN:17,SvgArrowDropDown24
FNF:1
FNH:0
FNDA:0,SvgArrowDropDown24
DA:8,64
DA:16,64
DA:17,64
DA:28,0
DA:29,0
DA:30,0
DA:31,0
DA:32,0
DA:34,0
DA:35,0
DA:38,0
DA:44,0
DA:57,64
LF:13
LH:4
BRDA:23,0,0,0
BRDA:31,1,0,0
BRDA:31,1,1,0
BRDA:31,2,0,0
BRDA:31,2,1,0
BRDA:34,3,0,0
BRDA:34,3,1,0
BRF:7
BRH:0
end_of_record
TN:
SF:packages/picasso/src/Icon/ArrowDropUp16.tsx
FN:17,SvgArrowDropUp16
FNF:1
FNH:0
FNDA:0,SvgArrowDropUp16
DA:8,64
DA:16,64
DA:17,64
DA:28,0
DA:29,0
DA:30,0
DA:31,0
DA:32,0
DA:34,0
DA:35,0
DA:38,0
DA:44,0
DA:57,64
LF:13
LH:4
BRDA:23,0,0,0
BRDA:31,1,0,0
BRDA:31,1,1,0
BRDA:31,2,0,0
BRDA:31,2,1,0
BRDA:34,3,0,0
BRDA:34,3,1,0
BRF:7
BRH:0
end_of_record
TN:
SF:packages/picasso/src/Icon/ArrowDropUp24.tsx
FN:17,SvgArrowDropUp24
FNF:1
FNH:0
FNDA:0,SvgArrowDropUp24
DA:8,64
DA:16,64
DA:17,64
DA:28,0
DA:29,0
DA:30,0
DA:31,0
DA:32,0
DA:34,0
DA:35,0
DA:38,0
DA:44,0
DA:57,64
LF:13
LH:4
BRDA:23,0,0,0
BRDA:31,1,0,0
BRDA:31,1,1,0
BRDA:31,2,0,0
BRDA:31,2,1,0
BRDA:34,3,0,0
BRDA:34,3,1,0
BRF:7
BRH:0
end_of_record
TN:
SF:packages/picasso/src/Icon/ArrowLongDown16.tsx
FN:17,SvgArrowLongDown16
FNF:1
FNH:0
FNDA:0,SvgArrowLongDown16
DA:8,64
DA:16,64
DA:17,64
DA:28,0
DA:29,0
DA:30,0
DA:31,0
DA:32,0
DA:34,0
DA:35,0
DA:38,0
DA:44,0
DA:57,64
LF:13
LH:4
BRDA:23,0,0,0
BRDA:31,1,0,0
BRDA:31,1,1,0
BRDA:31,2,0,0
BRDA:31,2,1,0
BRDA:34,3,0,0
BRDA:34,3,1,0
BRF:7
BRH:0
end_of_record
TN:
SF:packages/picasso/src/Icon/ArrowLongDown24.tsx
FN:17,SvgArrowLongDown24
FNF:1
FNH:0
FNDA:0,SvgArrowLongDown24
DA:8,64
DA:16,64
DA:17,64
DA:28,0
DA:29,0
DA:30,0
DA:31,0
DA:32,0
DA:34,0
DA:35,0
DA:38,0
DA:44,0
DA:57,64
LF:13
LH:4
BRDA:23,0,0,0
BRDA:31,1,0,0
BRDA:31,1,1,0
BRDA:31,2,0,0
BRDA:31,2,1,0
BRDA:34,3,0,0
BRDA:34,3,1,0
BRF:7
BRH:0
end_of_record
TN:
SF:packages/picasso/src/Icon/ArrowLongLeft16.tsx
FN:17,SvgArrowLongLeft16
FNF:1
FNH:0
FNDA:0,SvgArrowLongLeft16
DA:8,64
DA:16,64
DA:17,64
DA:28,0
DA:29,0
DA:30,0
DA:31,0
DA:32,0
DA:34,0
DA:35,0
DA:38,0
DA:44,0
DA:57,64
LF:13
LH:4
BRDA:23,0,0,0
BRDA:31,1,0,0
BRDA:31,1,1,0
BRDA:31,2,0,0
BRDA:31,2,1,0
BRDA:34,3,0,0
BRDA:34,3,1,0
BRF:7
BRH:0
end_of_record
TN:
SF:packages/picasso/src/Icon/ArrowLongLeft24.tsx
FN:17,SvgArrowLongLeft24
FNF:1
FNH:0
FNDA:0,SvgArrowLongLeft24
DA:8,64
DA:16,64
DA:17,64
DA:28,0
DA:29,0
DA:30,0
DA:31,0
DA:32,0
DA:34,0
DA:35,0
DA:38,0
DA:44,0
DA:57,64
LF:13
LH:4
BRDA:23,0,0,0
BRDA:31,1,0,0
BRDA:31,1,1,0
BRDA:31,2,0,0
BRDA:31,2,1,0
BRDA:34,3,0,0
BRDA:34,3,1,0
BRF:7
BRH:0
end_of_record
TN:
SF:packages/picasso/src/Icon/ArrowLongRight16.tsx
FN:17,SvgArrowLongRight16
FNF:1
FNH:0
FNDA:0,SvgArrowLongRight16
DA:8,64
DA:16,64
DA:17,64
DA:28,0
DA:29,0
DA:30,0
DA:31,0
DA:32,0
DA:34,0
DA:35,0
DA:38,0
DA:44,0
DA:57,64
LF:13
LH:4
BRDA:23,0,0,0
BRDA:31,1,0,0
BRDA:31,1,1,0
BRDA:31,2,0,0
BRDA:31,2,1,0
BRDA:34,3,0,0
BRDA:34,3,1,0
BRF:7
BRH:0
end_of_record
TN:
SF:packages/picasso/src/Icon/ArrowLongRight24.tsx
FN:17,SvgArrowLongRight24
FNF:1
FNH:0
FNDA:0,SvgArrowLongRight24
DA:8,64
DA:16,64
DA:17,64
DA:28,0
DA:29,0
DA:30,0
DA:31,0
DA:32,0
DA:34,0
DA:35,0
DA:38,0
DA:44,0
DA:57,64
LF:13
LH:4
BRDA:23,0,0,0
BRDA:31,1,0,0
BRDA:31,1,1,0
BRDA:31,2,0,0
BRDA:31,2,1,0
BRDA:34,3,0,0
BRDA:34,3,1,0
BRF:7
BRH:0
end_of_record
TN:
SF:packages/picasso/src/Icon/ArrowLongUp16.tsx
FN:17,SvgArrowLongUp16
FNF:1
FNH:0
FNDA:0,SvgArrowLongUp16
DA:8,64
DA:16,64
DA:17,64
DA:28,0
DA:29,0
DA:30,0
DA:31,0
DA:32,0
DA:34,0
DA:35,0
DA:38,0
DA:44,0
DA:57,64
LF:13
LH:4
BRDA:23,0,0,0
BRDA:31,1,0,0
BRDA:31,1,1,0
BRDA:31,2,0,0
BRDA:31,2,1,0
BRDA:34,3,0,0
BRDA:34,3,1,0
BRF:7
BRH:0
end_of_record
TN:
SF:packages/picasso/src/Icon/ArrowLongUp24.tsx
FN:17,SvgArrowLongUp24
FNF:1
FNH:0
FNDA:0,SvgArrowLongUp24
DA:8,64
DA:16,64
DA:17,64
DA:28,0
DA:29,0
DA:30,0
DA:31,0
DA:32,0
DA:34,0
DA:35,0
DA:38,0
DA:44,0
DA:57,64
LF:13
LH:4
BRDA:23,0,0,0
BRDA:31,1,0,0
BRDA:31,1,1,0
BRDA:31,2,0,0
BRDA:31,2,1,0
BRDA:34,3,0,0
BRDA:34,3,1,0
BRF:7
BRH:0
end_of_record
TN:
SF:packages/picasso/src/Icon/ArrowUpMinor16.tsx
FN:17,SvgArrowUpMinor16
FNF:1
FNH:0
FNDA:0,SvgArrowUpMinor16
DA:8,64
DA:16,64
DA:17,64
DA:28,0
DA:29,0
DA:30,0
DA:31,0
DA:32,0
DA:34,0
DA:35,0
DA:38,0
DA:44,0
DA:57,64
LF:13
LH:4
BRDA:23,0,0,0
BRDA:31,1,0,0
BRDA:31,1,1,0
BRDA:31,2,0,0
BRDA:31,2,1,0
BRDA:34,3,0,0
BRDA:34,3,1,0
BRF:7
BRH:0
end_of_record
TN:
SF:packages/picasso/src/Icon/ArrowUpMinor24.tsx
FN:17,SvgArrowUpMinor24
FNF:1
FNH:0
FNDA:0,SvgArrowUpMinor24
DA:8,64
DA:16,64
DA:17,64
DA:28,0
DA:29,0
DA:30,0
DA:31,0
DA:32,0
DA:34,0
DA:35,0
DA:38,0
DA:44,0
DA:57,64
LF:13
LH:4
BRDA:23,0,0,0
BRDA:31,1,0,0
BRDA:31,1,1,0
BRDA:31,2,0,0
BRDA:31,2,1,0
BRDA:34,3,0,0
BRDA:34,3,1,0
BRF:7
BRH:0
end_of_record
TN:
SF:packages/picasso/src/Icon/Award16.tsx
FN:17,SvgAward16
FNF:1
FNH:0
FNDA:0,SvgAward16
DA:8,64
DA:16,64
[...]
FNF:0
FNH:0
LF:0
LH:0
BRF:0
BRH:0
end_of_record
TN:
SF:packages/picasso/src/test-utils/TestingPicasso.tsx
FN:4,(anonymous_0)
FNF:1
FNH:0
FNDA:0,(anonymous_0)
DA:4,94
DA:8,0
DA:18,94
LF:3
LH:2
BRF:0
BRH:0
end_of_record
TN:
SF:packages/picasso/src/test-utils/index.tsx
FN:10,(anonymous_0)
FN:20,(anonymous_1)
FNF:2
FNH:0
FNDA:0,(anonymous_0)
FNDA:0,(anonymous_1)
DA:10,94
DA:15,0
DA:20,0
DA:21,0
DA:27,0
LF:5
LH:1
BRF:0
BRH:0
end_of_record
TN:
SF:packages/picasso/src/utils/capitalize.ts
FNF:0
FNH:0
LF:0
LH:0
BRF:0
BRH:0
end_of_record
TN:
SF:packages/picasso/src/utils/constants.ts
FNF:0
FNH:0
DA:1,52
LF:1
LH:1
BRF:0
BRH:0
end_of_record
TN:
SF:packages/picasso/src/utils/disable-unsupported-props.ts
FN:8,(anonymous_0)
FN:21,(anonymous_1)
FN:32,(anonymous_2)
FNF:3
FNH:0
FNDA:0,(anonymous_0)
FNDA:0,(anonymous_1)
FNDA:0,(anonymous_2)
DA:13,0
DA:15,0
DA:19,0
DA:22,0
DA:25,0
DA:28,0
DA:32,0
DA:33,0
DA:39,0
DA:42,0
LF:10
LH:0
BRDA:19,0,0,0
BRDA:19,0,1,0
BRDA:32,1,0,0
BRDA:32,1,1,0
BRF:4
BRH:0
end_of_record
TN:
SF:packages/picasso/src/utils/forward-ref.ts
FN:17,(anonymous_0)
FN:33,(anonymous_1)
FNF:2
FNH:2
FNDA:77,(anonymous_0)
FNDA:77,(anonymous_1)
DA:17,77
DA:33,49
DA:36,77
LF:3
LH:3
BRF:0
BRH:0
end_of_record
TN:
SF:packages/picasso/src/utils/get-name-initials.ts
FN:3,(anonymous_0)
FN:6,(anonymous_1)
FNF:2
FNH:0
FNDA:0,(anonymous_0)
FNDA:0,(anonymous_1)
DA:4,0
DA:7,0
DA:8,0
DA:11,0
LF:4
LH:0
BRDA:7,0,0,0
BRDA:7,0,1,0
BRDA:7,1,0,0
BRDA:7,1,1,0
BRF:4
BRH:0
end_of_record
TN:
SF:packages/picasso/src/utils/index.ts
FNF:0
FNH:0
DA:35,49
LF:1
LH:1
BRF:0
BRH:0
end_of_record
TN:
SF:packages/picasso/src/utils/is-boolean.ts
FN:1,(anonymous_0)
FNF:1
FNH:0
FNDA:0,(anonymous_0)
DA:1,49
LF:1
LH:1
BRF:0
BRH:0
end_of_record
TN:
SF:packages/picasso/src/utils/is-number.ts
FN:1,(anonymous_0)
FNF:1
FNH:0
FNDA:0,(anonymous_0)
DA:1,49
LF:1
LH:1
BRF:0
BRH:0
end_of_record
TN:
SF:packages/picasso/src/utils/is-pointer-device.ts
FN:1,(anonymous_0)
FNF:1
FNH:0
FNDA:0,(anonymous_0)
DA:1,49
DA:2,0
LF:2
LH:1
BRF:0
BRH:0
end_of_record
TN:
SF:packages/picasso/src/utils/is-string.ts
FN:1,(anonymous_0)
FNF:1
FNH:0
FNDA:0,(anonymous_0)
DA:1,85
LF:1
LH:1
BRF:0
BRH:0
end_of_record
TN:
SF:packages/picasso/src/utils/is-substring.ts
FN:1,(anonymous_0)
FNF:1
FNH:0
FNDA:0,(anonymous_0)
DA:1,49
DA:2,0
LF:2
LH:1
BRF:0
BRH:0
end_of_record
TN:
SF:packages/picasso/src/utils/kebab-to-camel-case.ts
FN:1,(anonymous_0)
FN:2,(anonymous_1)
FNF:2
FNH:2
FNDA:715,(anonymous_0)
FNDA:455,(anonymous_1)
DA:1,78
DA:2,715
LF:2
LH:2
BRF:0
BRH:0
end_of_record
TN:
SF:packages/picasso/src/utils/monads.ts
FNF:0
FNH:0
LF:0
LH:0
BRF:0
BRH:0
end_of_record
TN:
SF:packages/picasso/src/utils/noop.ts
FN:1,(anonymous_0)
FNF:1
FNH:0
FNDA:0,(anonymous_0)
LF:0
LH:0
BRF:0
BRH:0
end_of_record
TN:
SF:packages/picasso/src/utils/to-title-case.ts
FN:6,(anonymous_0)
FNF:1
FNH:0
FNDA:0,(anonymous_0)
DA:6,85
DA:7,0
DA:8,0
DA:11,0
LF:4
LH:1
BRDA:7,0,0,0
BRDA:7,0,1,0
BRDA:7,1,0,0
BRDA:7,1,1,0
BRF:4
BRH:0
end_of_record
TN:
SF:packages/picasso/src/utils/use-combined-refs.ts
FN:3,(anonymous_0)
FN:6,(anonymous_1)
FN:7,(anonymous_2)
FNF:3
FNH:0
FNDA:0,(anonymous_0)
FNDA:0,(anonymous_1)
FNDA:0,(anonymous_2)
DA:3,49
DA:4,0
DA:6,0
DA:7,0
DA:8,0
DA:9,0
DA:12,0
DA:13,0
DA:16,0
DA:21,0
LF:10
LH:1
BRDA:8,0,0,0
BRDA:8,0,1,0
BRDA:12,1,0,0
BRDA:12,1,1,0
BRF:4
BRH:0
end_of_record
TN:
SF:packages/picasso/src/utils/use-deprecation-warnings.ts
FN:9,(anonymous_0)
FN:19,(anonymous_1)
FN:32,(anonymous_2)
FN:46,(anonymous_3)
FNF:4
FNH:0
FNDA:0,(anonymous_0)
FNDA:0,(anonymous_1)
FNDA:0,(anonymous_2)
FNDA:0,(anonymous_3)
DA:9,21
DA:15,0
DA:19,0
DA:20,0
DA:32,21
DA:40,0
DA:44,0
DA:46,0
DA:47,0
DA:48,0
LF:10
LH:2
BRDA:16,0,0,0
BRDA:16,0,1,0
BRDA:17,1,0,0
BRDA:17,1,1,0
BRDA:41,2,0,0
BRDA:41,2,1,0
BRDA:42,3,0,0
BRDA:42,3,1,0
BRDA:47,4,0,0
BRDA:47,4,1,0
BRF:10
BRH:0
end_of_record
TN:
SF:packages/picasso/src/utils/use-safe-state.ts
FN:3,(anonymous_0)
FN:8,(anonymous_1)
FN:11,(anonymous_2)
FN:16,(anonymous_3)
FNF:4
FNH:0
FNDA:0,(anonymous_0)
FNDA:0,(anonymous_1)
FNDA:0,(anonymous_2)
FNDA:0,(anonymous_3)
DA:3,102
DA:4,0
DA:6,0
DA:8,0
DA:9,0
DA:11,0
DA:12,0
DA:16,0
DA:17,0
DA:18,0
DA:22,0
LF:11
LH:1
BRDA:17,0,0,0
BRDA:17,0,1,0
BRF:2
BRH:0
end_of_record
TN:
SF:packages/picasso/src/utils/use-width-of.ts
FN:8,(anonymous_0)
FN:11,(anonymous_1)
FNF:2
FNH:0
FNDA:0,(anonymous_0)
FNDA:0,(anonymous_1)
DA:8,49
DA:9,0
DA:11,0
DA:12,0
DA:13,0
DA:15,0
DA:17,0
DA:20,0
LF:8
LH:1
BRDA:12,0,0,0
BRDA:12,0,1,0
BRF:2
BRH:0
end_of_record
TN:
SF:packages/picasso/src/utils/Formatters/format-amount.ts
FN:13,(anonymous_0)
FNF:1
FNH:0
FNDA:0,(anonymous_0)
DA:1,50
DA:2,50
DA:13,50
DA:18,0
DA:20,0
LF:5
LH:3
BRDA:15,0,0,0
BRDA:16,1,0,0
BRDA:18,2,0,0
BRDA:18,2,1,0
BRF:4
BRH:0
end_of_record
TN:
SF:packages/picasso/src/utils/Formatters/index.ts
FNF:0
FNH:0
LF:0
LH:0
BRF:0
BRH:0
end_of_record
TN:
SF:packages/picasso/src/utils/Modal/index.ts
FNF:0
FNH:0
LF:0
LH:0
BRF:0
BRH:0
end_of_record
TN:
SF:packages/picasso/src/utils/Modal/modal-manager.ts
FN:4,(anonymous_0)
FN:12,(anonymous_1)
FN:22,(anonymous_2)
FNF:3
FNH:0
FNDA:0,(anonymous_0)
FNDA:0,(anonymous_1)
FNDA:0,(anonymous_2)
DA:2,19
DA:5,0
DA:6,0
DA:9,0
DA:13,0
DA:15,0
DA:16,0
DA:19,0
DA:23,0
LF:9
LH:1
BRDA:5,0,0,0
BRDA:5,0,1,0
BRDA:15,1,0,0
BRDA:15,1,1,0
BRDA:24,2,0,0
BRDA:24,2,1,0
BRF:6
BRH:0
end_of_record
TN:
SF:packages/picasso/src/utils/Modal/use-modal.tsx
FN:3,(anonymous_0)
FN:6,(anonymous_1)
FN:8,(anonymous_2)
FNF:3
FNH:0
FNDA:0,(anonymous_0)
FNDA:0,(anonymous_1)
FNDA:0,(anonymous_2)
DA:3,49
DA:4,0
DA:6,0
DA:8,0
DA:10,0
LF:5
LH:1
BRF:0
BRH:0
end_of_record
TN:
SF:packages/picasso/src/utils/Notifications/index.ts
FNF:0
FNH:0
LF:0
LH:0
BRF:0
BRH:0
end_of_record
TN:
SF:packages/picasso/src/utils/Notifications/styles.ts
FN:3,(anonymous_0)
FNF:1
FNH:0
FNDA:0,(anonymous_0)
DA:4,0
LF:1
LH:0
BRF:0
BRH:0
end_of_record
TN:
SF:packages/picasso/src/utils/Notifications/use-notifications.tsx
FN:39,Notification
FN:61,(anonymous_1)
FN:65,(anonymous_2)
FN:65,(anonymous_3)
FN:70,(anonymous_4)
FN:80,(anonymous_5)
FN:98,(anonymous_6)
FN:99,(anonymous_7)
FN:100,(anonymous_8)
FNF:9
FNH:0
FNDA:0,Notification
FNDA:0,(anonymous_1)
FNDA:0,(anonymous_2)
FNDA:0,(anonymous_3)
FNDA:0,(anonymous_4)
FNDA:0,(anonymous_5)
FNDA:0,(anonymous_6)
FNDA:0,(anonymous_7)
FNDA:0,(anonymous_8)
DA:20,50
DA:33,50
DA:39,50
DA:40,0
DA:41,0
DA:43,0
DA:61,50
DA:62,0
DA:64,0
DA:65,0
DA:70,0
DA:71,0
DA:72,0
DA:75,0
DA:77,0
DA:81,0
DA:92,0
DA:97,0
DA:98,0
DA:99,0
DA:100,0
LF:21
LH:4
BRDA:40,0,0,0
BRDA:71,1,0,0
BRDA:71,1,1,0
BRF:3
BRH:0
end_of_record
TN:
SF:packages/picasso/src/utils/Transitions/index.ts
FNF:0
FNH:0
LF:0
LH:0
BRF:0
BRH:0
end_of_record
TN:
SF:packages/picasso/src/utils/Transitions/Rotate180/Rotate180.tsx
FN:19,(anonymous_0)
FN:33,(anonymous_1)
FNF:2
FNH:0
FNDA:0,(anonymous_0)
FNDA:0,(anonymous_1)
DA:15,50
DA:19,50
DA:20,0
DA:21,0
DA:23,0
DA:31,0
DA:34,0
DA:40,50
LF:8
LH:3
BRF:0
BRH:0
end_of_record
TN:
SF:packages/picasso/src/utils/Transitions/Rotate180/index.ts
FNF:0
FNH:0
LF:0
LH:0
BRF:0
BRH:0
end_of_record
TN:
SF:packages/picasso/src/utils/Transitions/Rotate180/styles.ts
FN:3,(anonymous_0)
FNF:1
FNH:0
FNDA:0,(anonymous_0)
DA:4,0
LF:1
LH:0
BRF:0
BRH:0
end_of_record
TN:
SF:packages/picasso/src/utils/dash-to-camel-case/dash-to-camel-case.ts
FN:1,(anonymous_0)
FN:2,(anonymous_1)
FNF:2
FNH:0
FNDA:0,(anonymous_0)
FNDA:0,(anonymous_1)
DA:1,50
DA:2,0
LF:2
LH:1
BRF:0
BRH:0
end_of_record
TN:
SF:packages/picasso/src/utils/dash-to-camel-case/index.ts
FNF:0
FNH:0
LF:0
LH:0
BRF:0
BRH:0
end_of_record
TN:
SF:packages/shared/src/index.ts
FNF:0
FNH:0
LF:0
LH:0
BRF:0
BRH:0
end_of_record
TN:
SF:packages/shared/src/CssBaseline/CssBaseline.tsx
FN:11,(anonymous_0)
FNF:1
FNH:0
FNDA:0,(anonymous_0)
DA:7,102
DA:11,102
DA:12,0
DA:14,0
LF:4
LH:2
BRF:0
BRH:0
end_of_record
TN:
SF:packages/shared/src/CssBaseline/index.ts
FNF:0
FNH:0
LF:0
LH:0
BRF:0
BRH:0
end_of_record
TN:
SF:packages/shared/src/CssBaseline/styles.ts
FN:3,(anonymous_0)
FNF:1
FNH:0
FNDA:0,(anonymous_0)
DA:4,0
LF:1
LH:0
BRF:0
BRH:0
end_of_record
TN:
SF:packages/shared/src/Favicon/Favicon.tsx
FN:15,(anonymous_0)
FN:26,(anonymous_1)
FN:31,(anonymous_2)
FNF:3
FNH:0
FNDA:0,(anonymous_0)
FNDA:0,(anonymous_1)
FNDA:0,(anonymous_2)
DA:15,102
DA:16,0
DA:22,0
DA:24,0
DA:26,0
DA:27,0
DA:28,0
DA:31,0
DA:32,0
DA:33,0
DA:37,0
DA:40,0
DA:47,0
DA:50,0
DA:52,0
DA:55,0
DA:60,0
DA:69,102
DA:71,102
LF:19
LH:3
BRDA:24,0,0,0
BRDA:24,0,1,0
BRDA:27,1,0,0
BRDA:27,1,1,0
BRDA:50,2,0,0
BRDA:50,2,1,0
BRF:6
BRH:0
end_of_record
TN:
SF:packages/shared/src/Favicon/index.ts
FNF:0
FNH:0
LF:0
LH:0
BRF:0
BRH:0
end_of_record
TN:
SF:packages/shared/src/Favicon/icons/index.ts
FN:3,(anonymous_0)
FNF:1
FNH:0
FNDA:0,(anonymous_0)
DA:3,102
DA:4,0
DA:5,0
DA:8,0
DA:9,0
DA:12,0
DA:13,0
DA:16,0
LF:8
LH:1
BRDA:4,0,0,0
BRDA:4,0,1,0
BRDA:8,1,0,0
BRDA:8,1,1,0
BRDA:12,2,0,0
BRDA:12,2,1,0
BRF:6
BRH:0
end_of_record
TN:
SF:packages/shared/src/Picasso/FontsLoader.tsx
FN:7,(anonymous_0)
FN:27,(anonymous_1)
FN:37,(anonymous_2)
FN:41,(anonymous_3)
FN:48,(anonymous_4)
FN:49,(anonymous_5)
FNF:6
FNH:0
FNDA:0,(anonymous_0)
FNDA:0,(anonymous_1)
FNDA:0,(anonymous_2)
FNDA:0,(anonymous_3)
FNDA:0,(anonymous_4)
FNDA:0,(anonymous_5)
DA:3,102
DA:7,102
DA:8,0
DA:9,0
DA:11,0
DA:12,0
DA:14,0
DA:15,0
DA:19,0
DA:27,102
DA:28,0
DA:33,0
DA:34,0
DA:37,102
DA:38,0
DA:40,0
DA:42,0
DA:48,102
DA:49,0
DA:50,0
DA:52,0
DA:53,0
DA:58,0
DA:60,0
DA:61,0
DA:62,0
DA:63,0
DA:65,0
DA:69,0
LF:29
LH:5
BRDA:8,0,0,0
BRDA:8,0,1,0
BRDA:8,1,0,0
BRDA:8,1,1,0
BRDA:14,2,0,0
BRDA:14,2,1,0
BRDA:42,3,0,0
BRDA:42,3,1,0
BRDA:42,3,2,0
BRDA:42,3,3,0
BRDA:52,4,0,0
BRDA:52,4,1,0
BRDA:62,5,0,0
BRDA:62,5,1,0
BRF:14
BRH:0
end_of_record
TN:
SF:packages/shared/src/Picasso/Picasso.tsx
FN:83,(anonymous_0)
FN:85,(anonymous_1)
FN:89,(anonymous_2)
FN:92,(anonymous_3)
FN:98,(anonymous_4)
FN:107,(anonymous_5)
FN:116,(anonymous_6)
FN:125,(anonymous_7)
FN:152,(anonymous_8)
FN:164,(anonymous_9)
FN:173,(anonymous_10)
FN:182,(anonymous_11)
FN:189,(anonymous_12)
FN:206,(anonymous_13)
FN:258,(anonymous_14)
FNF:15
FNH:0
FNDA:0,(anonymous_0)
FNDA:0,(anonymous_1)
FNDA:0,(anonymous_2)
FNDA:0,(anonymous_3)
FNDA:0,(anonymous_4)
FNDA:0,(anonymous_5)
FNDA:0,(anonymous_6)
FNDA:0,(anonymous_7)
FNDA:0,(anonymous_8)
FNDA:0,(anonymous_9)
FNDA:0,(anonymous_10)
FNDA:0,(anonymous_11)
FNDA:0,(anonymous_12)
FNDA:0,(anonymous_13)
FNDA:0,(anonymous_14)
DA:44,102
DA:69,102
DA:81,102
DA:92,102
DA:93,0
DA:95,0
DA:98,102
DA:99,0
DA:101,0
DA:107,102
DA:108,0
DA:110,0
DA:116,102
DA:117,0
DA:119,0
DA:125,102
DA:126,0
DA:128,0
DA:146,102
DA:151,102
DA:153,0
DA:154,0
DA:156,0
DA:164,102
DA:167,0
DA:169,0
DA:170,0
DA:174,0
DA:183,0
DA:190,0
DA:197,0
DA:206,102
DA:207,0
DA:209,0
DA:210,0
DA:214,0
DA:215,0
DA:216,0
DA:224,0
DA:227,0
DA:230,0
DA:258,102
DA:271,0
DA:272,0
DA:275,0
DA:276,0
DA:277,0
DA:280,0
DA:286,0
DA:307,102
LF:50
LH:14
BRDA:95,0,0,0
BRDA:95,0,1,0
BRDA:95,1,0,0
BRDA:95,1,1,0
BRDA:214,2,0,0
BRDA:214,2,1,0
BRDA:215,3,0,0
BRDA:215,3,1,0
BRDA:271,4,0,0
BRDA:271,4,1,0
BRDA:275,5,0,0
BRDA:275,5,1,0
BRDA:294,6,0,0
BRDA:294,6,1,0
BRDA:295,7,0,0
BRDA:295,7,1,0
BRDA:296,8,0,0
BRDA:296,8,1,0
BRDA:297,9,0,0
BRDA:297,9,1,0
BRF:20
BRH:0
end_of_record
TN:
SF:packages/shared/src/Picasso/PicassoProvider.tsx
FN:9,(anonymous_0)
FN:13,(anonymous_1)
FN:17,(anonymous_2)
FN:23,(anonymous_3)
FN:31,(anonymous_4)
FNF:5
FNH:3
FNDA:102,(anonymous_0)
FNDA:0,(anonymous_1)
FNDA:832,(anonymous_2)
FNDA:832,(anonymous_3)
FNDA:0,(anonymous_4)
DA:10,102
DA:14,0
DA:18,832
DA:20,832
DA:24,832
DA:26,832
DA:28,832
DA:32,0
LF:8
LH:6
BRDA:24,0,0,832
BRDA:24,0,1,0
BRF:2
BRH:1
end_of_record
TN:
SF:packages/shared/src/Picasso/index.ts
FNF:0
FNH:0
LF:0
LH:0
BRF:0
BRH:0
end_of_record
TN:
SF:packages/shared/src/Picasso/styles.tsx
FN:3,(anonymous_0)
FNF:1
FNH:0
FNDA:0,(anonymous_0)
DA:4,0
LF:1
LH:0
BRF:0
BRH:0
end_of_record
TN:
SF:packages/shared/src/Picasso/types.ts
FN:93,(anonymous_0)
FNF:1
FNH:1
FNDA:1625,(anonymous_0)
DA:93,102
DA:94,1625
LF:2
LH:2
BRDA:94,0,0,0
BRDA:94,0,1,1625
BRF:2
BRH:1
end_of_record
TN:
SF:packages/shared/src/Picasso/NotificationsProvider/NotificationsProvider.tsx
FN:20,(anonymous_0)
FNF:1
FNH:0
FNDA:0,(anonymous_0)
DA:9,102
DA:13,102
DA:20,102
DA:24,0
DA:25,0
DA:26,0
DA:28,0
DA:32,0
LF:8
LH:3
BRDA:28,0,0,0
BRDA:28,0,1,0
BRF:2
BRH:0
end_of_record
TN:
SF:packages/shared/src/Picasso/NotificationsProvider/index.ts
FNF:0
FNH:0
LF:0
LH:0
BRF:0
BRH:0
end_of_record
TN:
SF:packages/shared/src/Picasso/NotificationsProvider/styles.ts
FNF:0
FNH:0
DA:4,102
LF:1
LH:1
BRF:0
BRH:0
end_of_record
TN:
SF:packages/shared/src/Picasso/config/breakpoints.ts
FN:27,(anonymous_0)
FN:40,(anonymous_1)
FN:58,(anonymous_2)
FN:59,(anonymous_3)
FN:66,(anonymous_4)
FN:72,(anonymous_5)
FN:95,(anonymous_6)
FN:105,(anonymous_7)
FN:108,(anonymous_8)
FN:110,(anonymous_9)
FN:113,(anonymous_10)
FN:121,(anonymous_11)
FN:167,(anonymous_12)
FN:179,(anonymous_13)
FNF:14
FNH:4
FNDA:103,(anonymous_0)
FNDA:0,(anonymous_1)
FNDA:23,(anonymous_2)
FNDA:23,(anonymous_3)
FNDA:23,(anonymous_4)
FNDA:0,(anonymous_5)
FNDA:0,(anonymous_6)
FNDA:0,(anonymous_7)
FNDA:0,(anonymous_8)
FNDA:0,(anonymous_9)
FNDA:0,(anonymous_10)
FNDA:0,(anonymous_11)
FNDA:0,(anonymous_12)
FNDA:0,(anonymous_13)
DA:13,103
DA:28,103
DA:41,0
DA:42,0
DA:44,0
DA:45,0
DA:49,103
DA:51,103
DA:58,103
DA:59,23
DA:61,23
DA:62,0
DA:65,23
DA:66,23
DA:69,23
DA:72,103
DA:82,0
DA:84,0
DA:85,0
DA:86,0
DA:87,0
DA:88,0
DA:89,0
DA:92,0
DA:95,103
DA:99,0
DA:100,0
DA:102,0
DA:105,103
DA:106,0
DA:108,0
DA:110,0
DA:111,0
DA:113,0
DA:114,0
DA:118,0
DA:121,103
DA:122,0
DA:123,0
DA:127,0
DA:128,0
DA:131,0
DA:167,103
DA:169,0
DA:173,0
DA:178,0
DA:183,0
DA:184,0
DA:187,0
LF:49
LH:15
BRDA:61,0,0,0
BRDA:61,0,1,23
BRDA:84,1,0,0
BRDA:84,1,1,0
BRDA:86,2,0,0
BRDA:86,2,1,0
BRDA:86,3,0,0
BRDA:86,3,1,0
BRDA:88,4,0,0
BRDA:88,4,1,0
BRDA:88,5,0,0
BRDA:88,5,1,0
BRDA:99,6,0,0
BRDA:99,6,1,0
BRDA:127,7,0,0
BRDA:127,7,1,0
BRDA:181,8,0,0
BRDA:183,9,0,0
BRDA:183,9,1,0
BRF:19
BRH:1
end_of_record
TN:
SF:packages/shared/src/Picasso/config/index.ts
FNF:0
FNH:0
LF:0
LH:0
BRF:0
BRH:0
end_of_record
TN:
SF:packages/shared/src/Picasso/config/layout.ts
FNF:0
FNH:0
DA:9,103
LF:1
LH:1
BRF:0
BRH:0
end_of_record
TN:
SF:packages/shared/src/Picasso/config/palette.ts
FNF:0
FNH:0
DA:27,103
DA:65,103
LF:2
LH:2
BRF:0
BRH:0
end_of_record
TN:
SF:packages/shared/src/Picasso/config/shadows.ts
FNF:0
FNH:0
DA:3,103
LF:1
LH:1
BRF:0
BRH:0
end_of_record
TN:
SF:packages/shared/src/Picasso/config/sizes.ts
FNF:0
FNH:0
DA:14,103
LF:1
LH:1
BRF:0
BRH:0
end_of_record
TN:
SF:packages/shared/src/Picasso/config/theme.ts
FNF:0
FNH:0
LF:0
LH:0
BRF:0
BRH:0
end_of_record
TN:
SF:packages/shared/src/Picasso/config/transitions.ts
FNF:0
FNH:0
LF:0
LH:0
BRF:0
BRH:0
end_of_record
TN:
SF:packages/shared/src/Picasso/config/typography.ts
FNF:0
FNH:0
DA:25,103
LF:1
LH:1
BRF:0
BRH:0
end_of_record
TN:
SF:packages/shared/src/Picasso/hooks/index.ts
FNF:0
FNH:0
LF:0
LH:0
BRF:0
BRH:0
end_of_record
TN:
SF:packages/shared/src/Picasso/hooks/use-title-case.ts
FN:3,(anonymous_0)
FNF:1
FNH:0
FNDA:0,(anonymous_0)
DA:3,102
DA:4,0
DA:6,0
LF:3
LH:1
BRDA:6,0,0,0
BRDA:6,0,1,0
BRF:2
BRH:0
end_of_record
TN:
SF:packages/shared/src/Picasso/utils/generate-random-string.ts
FN:1,(anonymous_0)
FN:10,(anonymous_1)
FNF:2
FNH:0
FNDA:0,(anonymous_0)
FNDA:0,(anonymous_1)
DA:1,102
DA:2,0
DA:3,0
DA:6,0
DA:10,102
DA:11,0
LF:6
LH:2
BRDA:1,0,0,0
BRDA:2,1,0,0
BRDA:2,1,1,0
BRF:3
BRH:0
end_of_record
TN:
SF:packages/shared/src/Picasso/utils/index.ts
FNF:0
FNH:0
LF:0
LH:0
BRF:0
BRH:0
end_of_record
TN:
SF:packages/shared/src/styles/add-classes-to-children.tsx
FN:14,(anonymous_0)
FN:15,(anonymous_1)
FN:22,(anonymous_2)
FNF:3
FNH:0
FNDA:0,(anonymous_0)
FNDA:0,(anonymous_1)
FNDA:0,(anonymous_2)
DA:15,0
DA:16,0
DA:17,0
DA:20,0
DA:22,0
DA:23,0
DA:24,0
DA:30,0
LF:8
LH:0
BRDA:16,0,0,0
BRDA:16,0,1,0
BRDA:23,1,0,0
BRDA:23,1,1,0
BRF:4
BRH:0
end_of_record
TN:
SF:packages/shared/src/styles/index.ts
FN:5,(anonymous_0)
FN:14,(anonymous_1)
FN:21,(anonymous_2)
FN:28,(anonymous_3)
FN:35,(anonymous_4)
FN:38,(anonymous_5)
FN:41,(anonymous_6)
FN:45,(anonymous_7)
FNF:8
FNH:3
FNDA:0,(anonymous_0)
FNDA:0,(anonymous_1)
FNDA:34,(anonymous_2)
FNDA:0,(anonymous_3)
FNDA:89,(anonymous_4)
FNDA:0,(anonymous_5)
FNDA:34,(anonymous_6)
FNDA:0,(anonymous_7)
DA:5,103
DA:6,0
DA:7,0
DA:9,0
DA:14,103
DA:15,0
DA:16,0
DA:18,0
DA:21,103
DA:22,34
DA:28,103
DA:29,0
DA:30,0
DA:32,0
DA:35,103
DA:36,89
DA:38,103
DA:39,0
DA:41,103
DA:45,103
LF:20
LH:10
BRDA:35,0,0,89
BRDA:38,1,0,0
BRDA:41,2,0,30
BRF:3
BRH:2
end_of_record
TN:
SF:packages/shared/src/styles/types.ts
FNF:0
FNH:0
LF:0
LH:0
BRF:0
BRH:0
end_of_record
TN:
SF:packages/topkit-analytics-charts/src/config.ts
FNF:0
FNH:0
DA:1,2
DA:2,2
DA:3,2
LF:3
LH:3
BRF:0
BRH:0
end_of_record
TN:
SF:packages/topkit-analytics-charts/src/utils/format-y-axis-tick/format-y-axis-tick.ts
FN:3,(anonymous_0)
FNF:1
FNH:0
FNDA:0,(anonymous_0)
DA:3,1
DA:8,0
DA:9,0
DA:10,0
DA:13,0
DA:14,0
DA:17,0
DA:20,0
LF:8
LH:1
BRDA:8,0,0,0
BRDA:8,0,1,0
BRDA:9,1,0,0
BRDA:9,1,1,0
BRDA:13,2,0,0
BRDA:13,2,1,0
BRF:6
BRH:0
end_of_record
TN:
SF:packages/topkit-analytics-charts/src/utils/generate-reference-key/generate-reference-key.ts
FN:1,(anonymous_0)
FNF:1
FNH:0
FNDA:0,(anonymous_0)
DA:1,2
DA:2,0
LF:2
LH:1
BRF:0
BRH:0
end_of_record
TN:
SF:packages/topkit-analytics-charts/src/utils/generate-reference-key/index.ts
FNF:0
FNH:0
LF:0
LH:0
BRF:0
BRH:0
end_of_record
TN:
SF:packages/topkit-analytics-charts/src/utils/get-x-axis-ticks/get-x-axis-ticks.ts
FN:5,(anonymous_0)
FN:11,(anonymous_1)
FN:12,(anonymous_2)
FN:17,(anonymous_3)
FN:18,(anonymous_4)
FN:21,(anonymous_5)
FNF:6
FNH:0
FNDA:0,(anonymous_0)
FNDA:0,(anonymous_1)
FNDA:0,(anonymous_2)
FNDA:0,(anonymous_3)
FNDA:0,(anonymous_4)
FNDA:0,(anonymous_5)
DA:5,1
DA:9,0
DA:10,0
DA:11,0
DA:12,0
DA:15,0
DA:16,0
DA:17,0
DA:18,0
DA:21,0
LF:10
LH:1
BRDA:9,0,0,0
BRDA:9,0,1,0
BRDA:15,1,0,0
BRDA:15,1,1,0
BRF:4
BRH:0
end_of_record
TN:
SF:packages/topkit-analytics-charts/src/utils/get-y-axis-ticks/get-y-axis-ticks.ts
FN:6,(anonymous_0)
FN:7,(anonymous_1)
FN:9,(anonymous_2)
FN:18,(anonymous_3)
FNF:4
FNH:0
FNDA:0,(anonymous_0)
FNDA:0,(anonymous_1)
FNDA:0,(anonymous_2)
FNDA:0,(anonymous_3)
DA:6,1
DA:7,0
DA:9,1
DA:10,0
DA:11,0
DA:12,0
DA:14,0
DA:18,0
DA:22,0
LF:9
LH:2
BRDA:10,0,0,0
BRDA:10,0,1,0
BRDA:11,1,0,0
BRDA:11,1,1,0
BRDA:12,2,0,0
BRDA:12,2,1,0
BRF:6
BRH:0
end_of_record
TN:
SF:packages/topkit-analytics-charts/src/utils/to-chart-format/index.ts
FNF:0
FNH:0
LF:0
LH:0
BRF:0
BRH:0
end_of_record
TN:
SF:packages/topkit-analytics-charts/src/utils/to-chart-format/to-chart-format.ts
FN:6,(anonymous_0)
FN:13,(anonymous_1)
FN:14,(anonymous_2)
FN:20,(anonymous_3)
FN:21,(anonymous_4)
FN:27,(anonymous_5)
FNF:6
FNH:0
FNDA:0,(anonymous_0)
FNDA:0,(anonymous_1)
FNDA:0,(anonymous_2)
FNDA:0,(anonymous_3)
FNDA:0,(anonymous_4)
FNDA:0,(anonymous_5)
DA:6,1
DA:12,0
DA:13,0
DA:14,0
DA:15,0
DA:17,0
DA:20,0
DA:21,0
DA:22,0
DA:23,0
DA:24,0
DA:26,0
DA:27,0
DA:30,0
DA:31,0
DA:32,0
DA:33,0
DA:36,0
DA:39,0
DA:49,0
DA:50,0
DA:53,0
DA:57,0
LF:23
LH:1
BRDA:14,0,0,0
BRDA:14,0,1,0
BRDA:24,1,0,0
BRDA:24,1,1,0
BRDA:30,2,0,0
BRDA:30,2,1,0
BRDA:32,3,0,0
BRDA:32,3,1,0
BRDA:49,4,0,0
BRDA:49,4,1,0
BRF:10
BRH:0
end_of_record
TN:
SF:packages/topkit-analytics-charts/src/utils/to-highlight-format/index.ts
FNF:0
FNH:0
LF:0
LH:0
BRF:0
BRH:0
end_of_record
TN:
SF:packages/topkit-analytics-charts/src/utils/to-highlight-format/to-highlight-format.ts
FN:7,(anonymous_0)
FN:14,(anonymous_1)
FN:14,(anonymous_2)
FN:16,(anonymous_3)
FN:19,(anonymous_4)
FNF:5
FNH:0
FNDA:0,(anonymous_0)
FNDA:0,(anonymous_1)
FNDA:0,(anonymous_2)
FNDA:0,(anonymous_3)
FNDA:0,(anonymous_4)
DA:5,1
DA:7,1
DA:13,0
DA:14,0
DA:17,0
DA:18,0
DA:19,0
DA:21,0
DA:23,0
LF:9
LH:2
BRF:0
BRH:0
end_of_record
TN:
SF:packages/topkit-analytics-charts/src/utils/to-line-config-format/index.ts
FNF:0
FNH:0
LF:0
LH:0
BRF:0
BRH:0
end_of_record
TN:
SF:packages/topkit-analytics-charts/src/utils/to-line-config-format/to-line-config-format.ts
FN:6,(anonymous_0)
FN:11,(anonymous_1)
FNF:2
FNH:0
FNDA:0,(anonymous_0)
FNDA:0,(anonymous_1)
DA:6,1
DA:10,0
DA:12,0
DA:14,0
LF:4
LH:1
BRF:0
BRH:0
end_of_record
